This is pdfTeX, Version 3.14159265-2.6-1.40.15 (TeX Live 2014) (preloaded format=pdflatex 2014.5.25)  22 APR 2015 22:03
entering extended mode
 restricted \write18 enabled.
 %&-line parsing enabled.
**refman
(./refman.tex
LaTeX2e <2014/05/01>
Babel <3.9k> and hyphenation patterns for 78 languages loaded.

(/usr/local/texlive/2014/texmf-dist/tex/latex/base/book.cls
Document Class: book 2007/10/19 v1.4h Standard LaTeX document class
(/usr/local/texlive/2014/texmf-dist/tex/latex/base/bk10.clo
File: bk10.clo 2007/10/19 v1.4h Standard LaTeX file (size option)
)
\c@part=\count79
\c@chapter=\count80
\c@section=\count81
\c@subsection=\count82
\c@subsubsection=\count83
\c@paragraph=\count84
\c@subparagraph=\count85
\c@figure=\count86
\c@table=\count87
\abovecaptionskip=\skip41
\belowcaptionskip=\skip42
\bibindent=\dimen102
) (/usr/local/texlive/2014/texmf-dist/tex/latex/base/fixltx2e.sty
Package: fixltx2e 2014/05/13 v1.1q fixes to LaTeX
LaTeX Info: Redefining \em on input line 429.
) (/usr/local/texlive/2014/texmf-dist/tex/latex/tools/calc.sty
Package: calc 2007/08/22 v4.3 Infix arithmetic (KKT,FJ)
\calc@Acount=\count88
\calc@Bcount=\count89
\calc@Adimen=\dimen103
\calc@Bdimen=\dimen104
\calc@Askip=\skip43
\calc@Bskip=\skip44
LaTeX Info: Redefining \setlength on input line 75.
LaTeX Info: Redefining \addtolength on input line 76.
\calc@Ccount=\count90
\calc@Cskip=\skip45
) (./doxygen.sty
Package: doxygen 
(/usr/local/texlive/2014/texmf-dist/tex/latex/base/alltt.sty
Package: alltt 1997/06/16 v2.0g defines alltt environment
) (/usr/local/texlive/2014/texmf-dist/tex/latex/tools/array.sty
Package: array 2008/09/09 v2.4c Tabular extension package (FMi)
\col@sep=\dimen105
\extrarowheight=\dimen106
\NC@list=\toks14
\extratabsurround=\skip46
\backup@length=\skip47
) (/usr/local/texlive/2014/texmf-dist/tex/latex/float/float.sty
Package: float 2001/11/08 v1.3d Float enhancements (AL)
\c@float@type=\count91
\float@exts=\toks15
\float@box=\box26
\@float@everytoks=\toks16
\@floatcapt=\box27
) (/usr/local/texlive/2014/texmf-dist/tex/latex/base/ifthen.sty
Package: ifthen 2001/05/26 v1.1c Standard LaTeX ifthen package (DPC)
) (/usr/local/texlive/2014/texmf-dist/tex/latex/tools/verbatim.sty
Package: verbatim 2003/08/22 v1.5q LaTeX2e package for verbatim enhancements
\every@verbatim=\toks17
\verbatim@line=\toks18
\verbatim@in@stream=\read1
) (/usr/local/texlive/2014/texmf-dist/tex/latex/xcolor/xcolor.sty
Package: xcolor 2007/01/21 v2.11 LaTeX color extensions (UK)
(/usr/local/texlive/2014/texmf-dist/tex/latex/latexconfig/color.cfg
File: color.cfg 2007/01/18 v1.5 color configuration of teTeX/TeXLive
)
Package xcolor Info: Driver file: pdftex.def on input line 225.
(/usr/local/texlive/2014/texmf-dist/tex/latex/pdftex-def/pdftex.def
File: pdftex.def 2011/05/27 v0.06d Graphics/color for pdfTeX
(/usr/local/texlive/2014/texmf-dist/tex/generic/oberdiek/infwarerr.sty
Package: infwarerr 2010/04/08 v1.3 Providing info/warning/error messages (HO)
) (/usr/local/texlive/2014/texmf-dist/tex/generic/oberdiek/ltxcmds.sty
Package: ltxcmds 2011/11/09 v1.22 LaTeX kernel commands for general use (HO)
)
\Gread@gobject=\count92
) (/usr/local/texlive/2014/texmf-dist/tex/latex/colortbl/colortbl.sty
Package: colortbl 2012/02/13 v1.0a Color table columns (DPC)
\everycr=\toks19
\minrowclearance=\skip48
)
\rownum=\count93
Package xcolor Info: Model `cmy' substituted by `cmy0' on input line 1337.
Package xcolor Info: Model `hsb' substituted by `rgb' on input line 1341.
Package xcolor Info: Model `RGB' extended on input line 1353.
Package xcolor Info: Model `HTML' substituted by `rgb' on input line 1355.
Package xcolor Info: Model `Hsb' substituted by `hsb' on input line 1356.
Package xcolor Info: Model `tHsb' substituted by `hsb' on input line 1357.
Package xcolor Info: Model `HSB' substituted by `hsb' on input line 1358.
Package xcolor Info: Model `Gray' substituted by `gray' on input line 1359.
Package xcolor Info: Model `wave' substituted by `hsb' on input line 1360.
) (/usr/local/texlive/2014/texmf-dist/tex/latex/xtab/xtab.sty
Package: xtab 2011/07/31 v2.3f Extended supertabular package
\c@tracingst=\count94
\PWSTcapht=\dimen107
\ST@wd=\dimen108
\ST@rightskip=\skip49
\ST@leftskip=\skip50
\ST@parfillskip=\skip51
\c@PWSTtable=\count95
\PWSTlastpage=\count96
\PWSTpenultimate=\count97
\PWSTcurpage=\count98
\PWSTtempc=\count99
\PWSTlines=\count100
\PWST@lastht=\dimen109
\PWST@generalht=\dimen110
\PWST@ht=\dimen111
\ST@pageleft=\dimen112
\ST@headht=\dimen113
\ST@tailht=\dimen114
\ST@pagesofar=\dimen115
\ST@pboxht=\dimen116
\ST@lineht=\dimen117
\ST@stretchht=\dimen118
\ST@prevht=\dimen119
\ST@toadd=\dimen120
\ST@dimen=\dimen121
\ST@pbox=\box28
)
\xrefbox=\box29
\xreflength=\skip52
\tmplength=\skip53
) (/usr/local/texlive/2014/texmf-dist/tex/latex/adjustbox/adjustbox.sty
Package: adjustbox 2012/05/21 v1.0 Adjusting TeX boxes (trim, clip, ...)
(/usr/local/texlive/2014/texmf-dist/tex/latex/xkeyval/xkeyval.sty
Package: xkeyval 2014/05/09 v2.6d package option processing (HA)
(/usr/local/texlive/2014/texmf-dist/tex/generic/xkeyval/xkeyval.tex
\XKV@toks=\toks20
\XKV@tempa@toks=\toks21
\XKV@depth=\count101
File: xkeyval.tex 2014/05/09 v2.6d key=value parser (HA)
(/usr/local/texlive/2014/texmf-dist/tex/generic/xkeyval/keyval.tex))) (/usr/loc
al/texlive/2014/texmf-dist/tex/latex/adjustbox/adjcalc.sty
Package: adjcalc 2012/05/16 v1.1 Provides advanced setlength with multiple back
-ends (calc, etex, pgfmath)
) (/usr/local/texlive/2014/texmf-dist/tex/latex/adjustbox/trimclip.sty
Package: trimclip 2012/05/16 v1.0 Trim and clip general TeX material
(/usr/local/texlive/2014/texmf-dist/tex/latex/graphics/graphicx.sty
Package: graphicx 2014/04/25 v1.0g Enhanced LaTeX Graphics (DPC,SPQR)
(/usr/local/texlive/2014/texmf-dist/tex/latex/graphics/graphics.sty
Package: graphics 2009/02/05 v1.0o Standard LaTeX Graphics (DPC,SPQR)
(/usr/local/texlive/2014/texmf-dist/tex/latex/graphics/trig.sty
Package: trig 1999/03/16 v1.09 sin cos tan (DPC)
) (/usr/local/texlive/2014/texmf-dist/tex/latex/latexconfig/graphics.cfg
File: graphics.cfg 2010/04/23 v1.9 graphics configuration of TeX Live
)
Package graphics Info: Driver file: pdftex.def on input line 91.
)
\Gin@req@height=\dimen122
\Gin@req@width=\dimen123
) (/usr/local/texlive/2014/texmf-dist/tex/latex/collectbox/collectbox.sty
Package: collectbox 2012/05/17 v0.4b Collect macro arguments as boxes
\collectedbox=\box30
)
\tc@llx=\dimen124
\tc@lly=\dimen125
\tc@urx=\dimen126
\tc@ury=\dimen127
Package trimclip Info: Using driver 'tc-pdftex.def'.
(/usr/local/texlive/2014/texmf-dist/tex/latex/adjustbox/tc-pdftex.def
File: tc-pdftex.def 2012/05/13 v1.0 Clipping driver for pdftex
))
\adjbox@Width=\dimen128
\adjbox@Height=\dimen129
\adjbox@Depth=\dimen130
\adjbox@Totalheight=\dimen131
(/usr/local/texlive/2014/texmf-dist/tex/latex/ifoddpage/ifoddpage.sty
Package: ifoddpage 2011/09/13 v1.0 Conditionals for odd/even page detection
\c@checkoddpage=\count102
) (/usr/local/texlive/2014/texmf-dist/tex/latex/varwidth/varwidth.sty
Package: varwidth 2009/03/30 ver 0.92;  Variable-width minipages
\@vwid@box=\box31
\sift@deathcycles=\count103
\@vwid@loff=\dimen132
\@vwid@roff=\dimen133
)) (/usr/local/texlive/2014/texmf-dist/tex/latex/base/inputenc.sty
Package: inputenc 2014/04/30 v1.2b Input encoding file
\inpenc@prehook=\toks22
\inpenc@posthook=\toks23
(/usr/local/texlive/2014/texmf-dist/tex/latex/base/utf8.def
File: utf8.def 2008/04/05 v1.1m UTF-8 support for inputenc
Now handling font encoding OML ...
... no UTF-8 mapping file for font encoding OML
Now handling font encoding T1 ...
... processing UTF-8 mapping file for font encoding T1
(/usr/local/texlive/2014/texmf-dist/tex/latex/base/t1enc.dfu
File: t1enc.dfu 2008/04/05 v1.1m UTF-8 support for inputenc
   defining Unicode char U+00A1 (decimal 161)
   defining Unicode char U+00A3 (decimal 163)
   defining Unicode char U+00AB (decimal 171)
   defining Unicode char U+00BB (decimal 187)
   defining Unicode char U+00BF (decimal 191)
   defining Unicode char U+00C0 (decimal 192)
   defining Unicode char U+00C1 (decimal 193)
   defining Unicode char U+00C2 (decimal 194)
   defining Unicode char U+00C3 (decimal 195)
   defining Unicode char U+00C4 (decimal 196)
   defining Unicode char U+00C5 (decimal 197)
   defining Unicode char U+00C6 (decimal 198)
   defining Unicode char U+00C7 (decimal 199)
   defining Unicode char U+00C8 (decimal 200)
   defining Unicode char U+00C9 (decimal 201)
   defining Unicode char U+00CA (decimal 202)
   defining Unicode char U+00CB (decimal 203)
   defining Unicode char U+00CC (decimal 204)
   defining Unicode char U+00CD (decimal 205)
   defining Unicode char U+00CE (decimal 206)
   defining Unicode char U+00CF (decimal 207)
   defining Unicode char U+00D0 (decimal 208)
   defining Unicode char U+00D1 (decimal 209)
   defining Unicode char U+00D2 (decimal 210)
   defining Unicode char U+00D3 (decimal 211)
   defining Unicode char U+00D4 (decimal 212)
   defining Unicode char U+00D5 (decimal 213)
   defining Unicode char U+00D6 (decimal 214)
   defining Unicode char U+00D8 (decimal 216)
   defining Unicode char U+00D9 (decimal 217)
   defining Unicode char U+00DA (decimal 218)
   defining Unicode char U+00DB (decimal 219)
   defining Unicode char U+00DC (decimal 220)
   defining Unicode char U+00DD (decimal 221)
   defining Unicode char U+00DE (decimal 222)
   defining Unicode char U+00DF (decimal 223)
   defining Unicode char U+00E0 (decimal 224)
   defining Unicode char U+00E1 (decimal 225)
   defining Unicode char U+00E2 (decimal 226)
   defining Unicode char U+00E3 (decimal 227)
   defining Unicode char U+00E4 (decimal 228)
   defining Unicode char U+00E5 (decimal 229)
   defining Unicode char U+00E6 (decimal 230)
   defining Unicode char U+00E7 (decimal 231)
   defining Unicode char U+00E8 (decimal 232)
   defining Unicode char U+00E9 (decimal 233)
   defining Unicode char U+00EA (decimal 234)
   defining Unicode char U+00EB (decimal 235)
   defining Unicode char U+00EC (decimal 236)
   defining Unicode char U+00ED (decimal 237)
   defining Unicode char U+00EE (decimal 238)
   defining Unicode char U+00EF (decimal 239)
   defining Unicode char U+00F0 (decimal 240)
   defining Unicode char U+00F1 (decimal 241)
   defining Unicode char U+00F2 (decimal 242)
   defining Unicode char U+00F3 (decimal 243)
   defining Unicode char U+00F4 (decimal 244)
   defining Unicode char U+00F5 (decimal 245)
   defining Unicode char U+00F6 (decimal 246)
   defining Unicode char U+00F8 (decimal 248)
   defining Unicode char U+00F9 (decimal 249)
   defining Unicode char U+00FA (decimal 250)
   defining Unicode char U+00FB (decimal 251)
   defining Unicode char U+00FC (decimal 252)
   defining Unicode char U+00FD (decimal 253)
   defining Unicode char U+00FE (decimal 254)
   defining Unicode char U+00FF (decimal 255)
   defining Unicode char U+0102 (decimal 258)
   defining Unicode char U+0103 (decimal 259)
   defining Unicode char U+0104 (decimal 260)
   defining Unicode char U+0105 (decimal 261)
   defining Unicode char U+0106 (decimal 262)
   defining Unicode char U+0107 (decimal 263)
   defining Unicode char U+010C (decimal 268)
   defining Unicode char U+010D (decimal 269)
   defining Unicode char U+010E (decimal 270)
   defining Unicode char U+010F (decimal 271)
   defining Unicode char U+0110 (decimal 272)
   defining Unicode char U+0111 (decimal 273)
   defining Unicode char U+0118 (decimal 280)
   defining Unicode char U+0119 (decimal 281)
   defining Unicode char U+011A (decimal 282)
   defining Unicode char U+011B (decimal 283)
   defining Unicode char U+011E (decimal 286)
   defining Unicode char U+011F (decimal 287)
   defining Unicode char U+0130 (decimal 304)
   defining Unicode char U+0131 (decimal 305)
   defining Unicode char U+0132 (decimal 306)
   defining Unicode char U+0133 (decimal 307)
   defining Unicode char U+0139 (decimal 313)
   defining Unicode char U+013A (decimal 314)
   defining Unicode char U+013D (decimal 317)
   defining Unicode char U+013E (decimal 318)
   defining Unicode char U+0141 (decimal 321)
   defining Unicode char U+0142 (decimal 322)
   defining Unicode char U+0143 (decimal 323)
   defining Unicode char U+0144 (decimal 324)
   defining Unicode char U+0147 (decimal 327)
   defining Unicode char U+0148 (decimal 328)
   defining Unicode char U+014A (decimal 330)
   defining Unicode char U+014B (decimal 331)
   defining Unicode char U+0150 (decimal 336)
   defining Unicode char U+0151 (decimal 337)
   defining Unicode char U+0152 (decimal 338)
   defining Unicode char U+0153 (decimal 339)
   defining Unicode char U+0154 (decimal 340)
   defining Unicode char U+0155 (decimal 341)
   defining Unicode char U+0158 (decimal 344)
   defining Unicode char U+0159 (decimal 345)
   defining Unicode char U+015A (decimal 346)
   defining Unicode char U+015B (decimal 347)
   defining Unicode char U+015E (decimal 350)
   defining Unicode char U+015F (decimal 351)
   defining Unicode char U+0160 (decimal 352)
   defining Unicode char U+0161 (decimal 353)
   defining Unicode char U+0162 (decimal 354)
   defining Unicode char U+0163 (decimal 355)
   defining Unicode char U+0164 (decimal 356)
   defining Unicode char U+0165 (decimal 357)
   defining Unicode char U+016E (decimal 366)
   defining Unicode char U+016F (decimal 367)
   defining Unicode char U+0170 (decimal 368)
   defining Unicode char U+0171 (decimal 369)
   defining Unicode char U+0178 (decimal 376)
   defining Unicode char U+0179 (decimal 377)
   defining Unicode char U+017A (decimal 378)
   defining Unicode char U+017B (decimal 379)
   defining Unicode char U+017C (decimal 380)
   defining Unicode char U+017D (decimal 381)
   defining Unicode char U+017E (decimal 382)
   defining Unicode char U+200C (decimal 8204)
   defining Unicode char U+2013 (decimal 8211)
   defining Unicode char U+2014 (decimal 8212)
   defining Unicode char U+2018 (decimal 8216)
   defining Unicode char U+2019 (decimal 8217)
   defining Unicode char U+201A (decimal 8218)
   defining Unicode char U+201C (decimal 8220)
   defining Unicode char U+201D (decimal 8221)
   defining Unicode char U+201E (decimal 8222)
   defining Unicode char U+2030 (decimal 8240)
   defining Unicode char U+2031 (decimal 8241)
   defining Unicode char U+2039 (decimal 8249)
   defining Unicode char U+203A (decimal 8250)
   defining Unicode char U+2423 (decimal 9251)
)
Now handling font encoding OT1 ...
... processing UTF-8 mapping file for font encoding OT1
(/usr/local/texlive/2014/texmf-dist/tex/latex/base/ot1enc.dfu
File: ot1enc.dfu 2008/04/05 v1.1m UTF-8 support for inputenc
   defining Unicode char U+00A1 (decimal 161)
   defining Unicode char U+00A3 (decimal 163)
   defining Unicode char U+00B8 (decimal 184)
   defining Unicode char U+00BF (decimal 191)
   defining Unicode char U+00C5 (decimal 197)
   defining Unicode char U+00C6 (decimal 198)
   defining Unicode char U+00D8 (decimal 216)
   defining Unicode char U+00DF (decimal 223)
   defining Unicode char U+00E6 (decimal 230)
   defining Unicode char U+00EC (decimal 236)
   defining Unicode char U+00ED (decimal 237)
   defining Unicode char U+00EE (decimal 238)
   defining Unicode char U+00EF (decimal 239)
   defining Unicode char U+00F8 (decimal 248)
   defining Unicode char U+0131 (decimal 305)
   defining Unicode char U+0141 (decimal 321)
   defining Unicode char U+0142 (decimal 322)
   defining Unicode char U+0152 (decimal 338)
   defining Unicode char U+0153 (decimal 339)
   defining Unicode char U+2013 (decimal 8211)
   defining Unicode char U+2014 (decimal 8212)
   defining Unicode char U+2018 (decimal 8216)
   defining Unicode char U+2019 (decimal 8217)
   defining Unicode char U+201C (decimal 8220)
   defining Unicode char U+201D (decimal 8221)
)
Now handling font encoding OMS ...
... processing UTF-8 mapping file for font encoding OMS
(/usr/local/texlive/2014/texmf-dist/tex/latex/base/omsenc.dfu
File: omsenc.dfu 2008/04/05 v1.1m UTF-8 support for inputenc
   defining Unicode char U+00A7 (decimal 167)
   defining Unicode char U+00B6 (decimal 182)
   defining Unicode char U+00B7 (decimal 183)
   defining Unicode char U+2020 (decimal 8224)
   defining Unicode char U+2021 (decimal 8225)
   defining Unicode char U+2022 (decimal 8226)
)
Now handling font encoding OMX ...
... no UTF-8 mapping file for font encoding OMX
Now handling font encoding U ...
... no UTF-8 mapping file for font encoding U
   defining Unicode char U+00A9 (decimal 169)
   defining Unicode char U+00AA (decimal 170)
   defining Unicode char U+00AE (decimal 174)
   defining Unicode char U+00BA (decimal 186)
   defining Unicode char U+02C6 (decimal 710)
   defining Unicode char U+02DC (decimal 732)
   defining Unicode char U+200C (decimal 8204)
   defining Unicode char U+2026 (decimal 8230)
   defining Unicode char U+2122 (decimal 8482)
   defining Unicode char U+2423 (decimal 9251)
)) (/usr/local/texlive/2014/texmf-dist/tex/latex/base/makeidx.sty
Package: makeidx 2000/03/29 v1.0m Standard LaTeX package
) (/usr/local/texlive/2014/texmf-dist/tex/latex/tools/multicol.sty
Package: multicol 2014/04/23 v1.8e multicolumn formatting (FMi)
\c@tracingmulticols=\count104
\mult@box=\box32
\multicol@leftmargin=\dimen134
\c@unbalance=\count105
\c@collectmore=\count106
\doublecol@number=\count107
\multicoltolerance=\count108
\multicolpretolerance=\count109
\full@width=\dimen135
\page@free=\dimen136
\premulticols=\dimen137
\postmulticols=\dimen138
\multicolsep=\skip54
\multicolbaselineskip=\skip55
\partial@page=\box33
\last@line=\box34
\maxbalancingoverflow=\dimen139
\mult@rightbox=\box35
\mult@grightbox=\box36
\mult@gfirstbox=\box37
\mult@firstbox=\box38
\@tempa=\box39
\@tempa=\box40
\@tempa=\box41
\@tempa=\box42
\@tempa=\box43
\@tempa=\box44
\@tempa=\box45
\@tempa=\box46
\@tempa=\box47
\@tempa=\box48
\@tempa=\box49
\@tempa=\box50
\@tempa=\box51
\@tempa=\box52
\@tempa=\box53
\@tempa=\box54
\@tempa=\box55
\c@columnbadness=\count110
\c@finalcolumnbadness=\count111
\last@try=\dimen140
\multicolovershoot=\dimen141
\multicolundershoot=\dimen142
\mult@nat@firstbox=\box56
\colbreak@box=\box57
\mc@col@check@num=\count112
) (/usr/local/texlive/2014/texmf-dist/tex/latex/multirow/multirow.sty
\bigstrutjot=\dimen143
) (/usr/local/texlive/2014/texmf-dist/tex/latex/base/textcomp.sty
Package: textcomp 2005/09/27 v1.99g Standard LaTeX package
Package textcomp Info: Sub-encoding information:
(textcomp)               5 = only ISO-Adobe without \textcurrency
(textcomp)               4 = 5 + \texteuro
(textcomp)               3 = 4 + \textohm
(textcomp)               2 = 3 + \textestimated + \textcurrency
(textcomp)               1 = TS1 - \textcircled - \t
(textcomp)               0 = TS1 (full)
(textcomp)             Font families with sub-encoding setting implement
(textcomp)             only a restricted character set as indicated.
(textcomp)             Family '?' is the default used for unknown fonts.
(textcomp)             See the documentation for details.
Package textcomp Info: Setting ? sub-encoding to TS1/1 on input line 71.
(/usr/local/texlive/2014/texmf-dist/tex/latex/base/ts1enc.def
File: ts1enc.def 2001/06/05 v3.0e (jk/car/fm) Standard LaTeX file
Now handling font encoding TS1 ...
... processing UTF-8 mapping file for font encoding TS1
(/usr/local/texlive/2014/texmf-dist/tex/latex/base/ts1enc.dfu
File: ts1enc.dfu 2008/04/05 v1.1m UTF-8 support for inputenc
   defining Unicode char U+00A2 (decimal 162)
   defining Unicode char U+00A3 (decimal 163)
   defining Unicode char U+00A4 (decimal 164)
   defining Unicode char U+00A5 (decimal 165)
   defining Unicode char U+00A6 (decimal 166)
   defining Unicode char U+00A7 (decimal 167)
   defining Unicode char U+00A8 (decimal 168)
   defining Unicode char U+00A9 (decimal 169)
   defining Unicode char U+00AA (decimal 170)
   defining Unicode char U+00AC (decimal 172)
   defining Unicode char U+00AE (decimal 174)
   defining Unicode char U+00AF (decimal 175)
   defining Unicode char U+00B0 (decimal 176)
   defining Unicode char U+00B1 (decimal 177)
   defining Unicode char U+00B2 (decimal 178)
   defining Unicode char U+00B3 (decimal 179)
   defining Unicode char U+00B4 (decimal 180)
   defining Unicode char U+00B5 (decimal 181)
   defining Unicode char U+00B6 (decimal 182)
   defining Unicode char U+00B7 (decimal 183)
   defining Unicode char U+00B9 (decimal 185)
   defining Unicode char U+00BA (decimal 186)
   defining Unicode char U+00BC (decimal 188)
   defining Unicode char U+00BD (decimal 189)
   defining Unicode char U+00BE (decimal 190)
   defining Unicode char U+00D7 (decimal 215)
   defining Unicode char U+00F7 (decimal 247)
   defining Unicode char U+0192 (decimal 402)
   defining Unicode char U+02C7 (decimal 711)
   defining Unicode char U+02D8 (decimal 728)
   defining Unicode char U+02DD (decimal 733)
   defining Unicode char U+0E3F (decimal 3647)
   defining Unicode char U+2016 (decimal 8214)
   defining Unicode char U+2020 (decimal 8224)
   defining Unicode char U+2021 (decimal 8225)
   defining Unicode char U+2022 (decimal 8226)
   defining Unicode char U+2030 (decimal 8240)
   defining Unicode char U+2031 (decimal 8241)
   defining Unicode char U+203B (decimal 8251)
   defining Unicode char U+203D (decimal 8253)
   defining Unicode char U+2044 (decimal 8260)
   defining Unicode char U+204E (decimal 8270)
   defining Unicode char U+2052 (decimal 8274)
   defining Unicode char U+20A1 (decimal 8353)
   defining Unicode char U+20A4 (decimal 8356)
   defining Unicode char U+20A6 (decimal 8358)
   defining Unicode char U+20A9 (decimal 8361)
   defining Unicode char U+20AB (decimal 8363)
   defining Unicode char U+20AC (decimal 8364)
   defining Unicode char U+20B1 (decimal 8369)
   defining Unicode char U+2103 (decimal 8451)
   defining Unicode char U+2116 (decimal 8470)
   defining Unicode char U+2117 (decimal 8471)
   defining Unicode char U+211E (decimal 8478)
   defining Unicode char U+2120 (decimal 8480)
   defining Unicode char U+2122 (decimal 8482)
   defining Unicode char U+2126 (decimal 8486)
   defining Unicode char U+2127 (decimal 8487)
   defining Unicode char U+212E (decimal 8494)
   defining Unicode char U+2190 (decimal 8592)
   defining Unicode char U+2191 (decimal 8593)
   defining Unicode char U+2192 (decimal 8594)
   defining Unicode char U+2193 (decimal 8595)
   defining Unicode char U+2329 (decimal 9001)
   defining Unicode char U+232A (decimal 9002)
   defining Unicode char U+2422 (decimal 9250)
   defining Unicode char U+25E6 (decimal 9702)
   defining Unicode char U+25EF (decimal 9711)
   defining Unicode char U+266A (decimal 9834)
))
LaTeX Info: Redefining \oldstylenums on input line 266.
Package textcomp Info: Setting cmr sub-encoding to TS1/0 on input line 281.
Package textcomp Info: Setting cmss sub-encoding to TS1/0 on input line 282.
Package textcomp Info: Setting cmtt sub-encoding to TS1/0 on input line 283.
Package textcomp Info: Setting cmvtt sub-encoding to TS1/0 on input line 284.
Package textcomp Info: Setting cmbr sub-encoding to TS1/0 on input line 285.
Package textcomp Info: Setting cmtl sub-encoding to TS1/0 on input line 286.
Package textcomp Info: Setting ccr sub-encoding to TS1/0 on input line 287.
Package textcomp Info: Setting ptm sub-encoding to TS1/4 on input line 288.
Package textcomp Info: Setting pcr sub-encoding to TS1/4 on input line 289.
Package textcomp Info: Setting phv sub-encoding to TS1/4 on input line 290.
Package textcomp Info: Setting ppl sub-encoding to TS1/3 on input line 291.
Package textcomp Info: Setting pag sub-encoding to TS1/4 on input line 292.
Package textcomp Info: Setting pbk sub-encoding to TS1/4 on input line 293.
Package textcomp Info: Setting pnc sub-encoding to TS1/4 on input line 294.
Package textcomp Info: Setting pzc sub-encoding to TS1/4 on input line 295.
Package textcomp Info: Setting bch sub-encoding to TS1/4 on input line 296.
Package textcomp Info: Setting put sub-encoding to TS1/5 on input line 297.
Package textcomp Info: Setting uag sub-encoding to TS1/5 on input line 298.
Package textcomp Info: Setting ugq sub-encoding to TS1/5 on input line 299.
Package textcomp Info: Setting ul8 sub-encoding to TS1/4 on input line 300.
Package textcomp Info: Setting ul9 sub-encoding to TS1/4 on input line 301.
Package textcomp Info: Setting augie sub-encoding to TS1/5 on input line 302.
Package textcomp Info: Setting dayrom sub-encoding to TS1/3 on input line 303.
Package textcomp Info: Setting dayroms sub-encoding to TS1/3 on input line 304.

Package textcomp Info: Setting pxr sub-encoding to TS1/0 on input line 305.
Package textcomp Info: Setting pxss sub-encoding to TS1/0 on input line 306.
Package textcomp Info: Setting pxtt sub-encoding to TS1/0 on input line 307.
Package textcomp Info: Setting txr sub-encoding to TS1/0 on input line 308.
Package textcomp Info: Setting txss sub-encoding to TS1/0 on input line 309.
Package textcomp Info: Setting txtt sub-encoding to TS1/0 on input line 310.
Package textcomp Info: Setting lmr sub-encoding to TS1/0 on input line 311.
Package textcomp Info: Setting lmdh sub-encoding to TS1/0 on input line 312.
Package textcomp Info: Setting lmss sub-encoding to TS1/0 on input line 313.
Package textcomp Info: Setting lmssq sub-encoding to TS1/0 on input line 314.
Package textcomp Info: Setting lmvtt sub-encoding to TS1/0 on input line 315.
Package textcomp Info: Setting qhv sub-encoding to TS1/0 on input line 316.
Package textcomp Info: Setting qag sub-encoding to TS1/0 on input line 317.
Package textcomp Info: Setting qbk sub-encoding to TS1/0 on input line 318.
Package textcomp Info: Setting qcr sub-encoding to TS1/0 on input line 319.
Package textcomp Info: Setting qcs sub-encoding to TS1/0 on input line 320.
Package textcomp Info: Setting qpl sub-encoding to TS1/0 on input line 321.
Package textcomp Info: Setting qtm sub-encoding to TS1/0 on input line 322.
Package textcomp Info: Setting qzc sub-encoding to TS1/0 on input line 323.
Package textcomp Info: Setting qhvc sub-encoding to TS1/0 on input line 324.
Package textcomp Info: Setting futs sub-encoding to TS1/4 on input line 325.
Package textcomp Info: Setting futx sub-encoding to TS1/4 on input line 326.
Package textcomp Info: Setting futj sub-encoding to TS1/4 on input line 327.
Package textcomp Info: Setting hlh sub-encoding to TS1/3 on input line 328.
Package textcomp Info: Setting hls sub-encoding to TS1/3 on input line 329.
Package textcomp Info: Setting hlst sub-encoding to TS1/3 on input line 330.
Package textcomp Info: Setting hlct sub-encoding to TS1/5 on input line 331.
Package textcomp Info: Setting hlx sub-encoding to TS1/5 on input line 332.
Package textcomp Info: Setting hlce sub-encoding to TS1/5 on input line 333.
Package textcomp Info: Setting hlcn sub-encoding to TS1/5 on input line 334.
Package textcomp Info: Setting hlcw sub-encoding to TS1/5 on input line 335.
Package textcomp Info: Setting hlcf sub-encoding to TS1/5 on input line 336.
Package textcomp Info: Setting pplx sub-encoding to TS1/3 on input line 337.
Package textcomp Info: Setting pplj sub-encoding to TS1/3 on input line 338.
Package textcomp Info: Setting ptmx sub-encoding to TS1/4 on input line 339.
Package textcomp Info: Setting ptmj sub-encoding to TS1/4 on input line 340.
) (/usr/local/texlive/2014/texmf-dist/tex/latex/wasysym/wasysym.sty
Package: wasysym 2003/10/30 v2.0 Wasy-2 symbol support package
\symwasy=\mathgroup4
LaTeX Font Info:    Overwriting symbol font `wasy' in version `bold'
(Font)                  U/wasy/m/n --> U/wasy/b/n on input line 90.
) (/usr/local/texlive/2014/texmf-dist/tex/latex/base/fontenc.sty
Package: fontenc 2005/09/27 v1.99g Standard LaTeX package
(/usr/local/texlive/2014/texmf-dist/tex/latex/base/t1enc.def
File: t1enc.def 2005/09/27 v1.99g Standard LaTeX file
LaTeX Font Info:    Redeclaring font encoding T1 on input line 43.
)) (/usr/local/texlive/2014/texmf-dist/tex/latex/psnfss/helvet.sty
Package: helvet 2005/04/12 PSNFSS-v9.2a (WaS) 
) (/usr/local/texlive/2014/texmf-dist/tex/latex/psnfss/courier.sty
Package: courier 2005/04/12 PSNFSS-v9.2a (WaS) 
) (/usr/local/texlive/2014/texmf-dist/tex/latex/amsfonts/amssymb.sty
Package: amssymb 2013/01/14 v3.01 AMS font symbols
(/usr/local/texlive/2014/texmf-dist/tex/latex/amsfonts/amsfonts.sty
Package: amsfonts 2013/01/14 v3.01 Basic AMSFonts support
\@emptytoks=\toks24
\symAMSa=\mathgroup5
\symAMSb=\mathgroup6
LaTeX Font Info:    Overwriting math alphabet `\mathfrak' in version `bold'
(Font)                  U/euf/m/n --> U/euf/b/n on input line 106.
)) (/usr/local/texlive/2014/texmf-dist/tex/latex/sectsty/sectsty.sty
Package: sectsty 2002/02/25 v2.0.2 Commands to change all sectional heading sty
les
) (/usr/local/texlive/2014/texmf-dist/tex/latex/geometry/geometry.sty
Package: geometry 2010/09/12 v5.6 Page Geometry
(/usr/local/texlive/2014/texmf-dist/tex/generic/oberdiek/ifpdf.sty
Package: ifpdf 2011/01/30 v2.3 Provides the ifpdf switch (HO)
Package ifpdf Info: pdfTeX in PDF mode is detected.
) (/usr/local/texlive/2014/texmf-dist/tex/generic/oberdiek/ifvtex.sty
Package: ifvtex 2010/03/01 v1.5 Detect VTeX and its facilities (HO)
Package ifvtex Info: VTeX not detected.
) (/usr/local/texlive/2014/texmf-dist/tex/generic/ifxetex/ifxetex.sty
Package: ifxetex 2010/09/12 v0.6 Provides ifxetex conditional
)
\Gm@cnth=\count113
\Gm@cntv=\count114
\c@Gm@tempcnt=\count115
\Gm@bindingoffset=\dimen144
\Gm@wd@mp=\dimen145
\Gm@odd@mp=\dimen146
\Gm@even@mp=\dimen147
\Gm@layoutwidth=\dimen148
\Gm@layoutheight=\dimen149
\Gm@layouthoffset=\dimen150
\Gm@layoutvoffset=\dimen151
\Gm@dimlist=\toks25
) (/usr/local/texlive/2014/texmf-dist/tex/latex/fancyhdr/fancyhdr.sty
\fancy@headwidth=\skip56
\f@ncyO@elh=\skip57
\f@ncyO@erh=\skip58
\f@ncyO@olh=\skip59
\f@ncyO@orh=\skip60
\f@ncyO@elf=\skip61
\f@ncyO@erf=\skip62
\f@ncyO@olf=\skip63
\f@ncyO@orf=\skip64
) (/usr/local/texlive/2014/texmf-dist/tex/latex/natbib/natbib.sty
Package: natbib 2010/09/13 8.31b (PWD, AO)
\bibhang=\skip65
\bibsep=\skip66
LaTeX Info: Redefining \cite on input line 694.
\c@NAT@ctr=\count116
) (/usr/local/texlive/2014/texmf-dist/tex/latex/tocloft/tocloft.sty
Package: tocloft 2013/05/02 v2.3f parameterised ToC, etc., typesetting
Package tocloft Info: The document has chapter divisions on input line 44.
\cftparskip=\skip67
\cftbeforetoctitleskip=\skip68
\cftaftertoctitleskip=\skip69
\cftbeforepartskip=\skip70
\cftpartnumwidth=\skip71
\cftpartindent=\skip72
\cftbeforechapskip=\skip73
\cftchapindent=\skip74
\cftchapnumwidth=\skip75
\cftbeforesecskip=\skip76
\cftsecindent=\skip77
\cftsecnumwidth=\skip78
\cftbeforesubsecskip=\skip79
\cftsubsecindent=\skip80
\cftsubsecnumwidth=\skip81
\cftbeforesubsubsecskip=\skip82
\cftsubsubsecindent=\skip83
\cftsubsubsecnumwidth=\skip84
\cftbeforeparaskip=\skip85
\cftparaindent=\skip86
\cftparanumwidth=\skip87
\cftbeforesubparaskip=\skip88
\cftsubparaindent=\skip89
\cftsubparanumwidth=\skip90
\cftbeforeloftitleskip=\skip91
\cftafterloftitleskip=\skip92
\cftbeforefigskip=\skip93
\cftfigindent=\skip94
\cftfignumwidth=\skip95
\c@lofdepth=\count117
\c@lotdepth=\count118
\cftbeforelottitleskip=\skip96
\cftafterlottitleskip=\skip97
\cftbeforetabskip=\skip98
\cfttabindent=\skip99
\cfttabnumwidth=\skip100
)
\@indexfile=\write3
\openout3 = `refman.idx'.

Writing index file refman.idx
(/usr/local/texlive/2014/texmf-dist/tex/latex/hyperref/hyperref.sty
Package: hyperref 2012/11/06 v6.83m Hypertext links for LaTeX
(/usr/local/texlive/2014/texmf-dist/tex/generic/oberdiek/hobsub-hyperref.sty
Package: hobsub-hyperref 2012/05/28 v1.13 Bundle oberdiek, subset hyperref (HO)

(/usr/local/texlive/2014/texmf-dist/tex/generic/oberdiek/hobsub-generic.sty
Package: hobsub-generic 2012/05/28 v1.13 Bundle oberdiek, subset generic (HO)
Package: hobsub 2012/05/28 v1.13 Construct package bundles (HO)
Package hobsub Info: Skipping package `infwarerr' (already loaded).
Package hobsub Info: Skipping package `ltxcmds' (already loaded).
Package: ifluatex 2010/03/01 v1.3 Provides the ifluatex switch (HO)
Package ifluatex Info: LuaTeX not detected.
Package hobsub Info: Skipping package `ifvtex' (already loaded).
Package: intcalc 2007/09/27 v1.1 Expandable calculations with integers (HO)
Package hobsub Info: Skipping package `ifpdf' (already loaded).
Package: etexcmds 2011/02/16 v1.5 Avoid name clashes with e-TeX commands (HO)
Package etexcmds Info: Could not find \expanded.
(etexcmds)             That can mean that you are not using pdfTeX 1.50 or
(etexcmds)             that some package has redefined \expanded.
(etexcmds)             In the latter case, load this package earlier.
Package: kvsetkeys 2012/04/25 v1.16 Key value parser (HO)
Package: kvdefinekeys 2011/04/07 v1.3 Define keys (HO)
Package: pdftexcmds 2011/11/29 v0.20 Utility functions of pdfTeX for LuaTeX (HO
)
Package pdftexcmds Info: LuaTeX not detected.
Package pdftexcmds Info: \pdf@primitive is available.
Package pdftexcmds Info: \pdf@ifprimitive is available.
Package pdftexcmds Info: \pdfdraftmode found.
Package: pdfescape 2011/11/25 v1.13 Implements pdfTeX's escape features (HO)
Package: bigintcalc 2012/04/08 v1.3 Expandable calculations on big integers (HO
)
Package: bitset 2011/01/30 v1.1 Handle bit-vector datatype (HO)
Package: uniquecounter 2011/01/30 v1.2 Provide unlimited unique counter (HO)
)
Package hobsub Info: Skipping package `hobsub' (already loaded).
Package: letltxmacro 2010/09/02 v1.4 Let assignment for LaTeX macros (HO)
Package: hopatch 2012/05/28 v1.2 Wrapper for package hooks (HO)
Package: xcolor-patch 2011/01/30 xcolor patch
Package: atveryend 2011/06/30 v1.8 Hooks at the very end of document (HO)
Package atveryend Info: \enddocument detected (standard20110627).
Package: atbegshi 2011/10/05 v1.16 At begin shipout hook (HO)
Package: refcount 2011/10/16 v3.4 Data extraction from label references (HO)
Package: hycolor 2011/01/30 v1.7 Color options for hyperref/bookmark (HO)
) (/usr/local/texlive/2014/texmf-dist/tex/latex/oberdiek/auxhook.sty
Package: auxhook 2011/03/04 v1.3 Hooks for auxiliary files (HO)
) (/usr/local/texlive/2014/texmf-dist/tex/latex/oberdiek/kvoptions.sty
Package: kvoptions 2011/06/30 v3.11 Key value format for package options (HO)
)
\@linkdim=\dimen152
\Hy@linkcounter=\count119
\Hy@pagecounter=\count120
(/usr/local/texlive/2014/texmf-dist/tex/latex/hyperref/pd1enc.def
File: pd1enc.def 2012/11/06 v6.83m Hyperref: PDFDocEncoding definition (HO)
Now handling font encoding PD1 ...
... no UTF-8 mapping file for font encoding PD1
)
\Hy@SavedSpaceFactor=\count121
(/usr/local/texlive/2014/texmf-dist/tex/latex/latexconfig/hyperref.cfg
File: hyperref.cfg 2002/06/06 v1.2 hyperref configuration of TeXLive
)
Package hyperref Info: Hyper figures OFF on input line 4443.
Package hyperref Info: Link nesting OFF on input line 4448.
Package hyperref Info: Hyper index ON on input line 4451.
Package hyperref Info: Plain pages OFF on input line 4458.
Package hyperref Info: Backreferencing ON on input line 4461.
Package hyperref Info: Implicit mode ON; LaTeX internals redefined.
Package hyperref Info: Bookmarks ON on input line 4688.
(/usr/local/texlive/2014/texmf-dist/tex/latex/hyperref/backref.sty
Package: backref 2012/07/25 v1.38 Bibliographical back referencing
(/usr/local/texlive/2014/texmf-dist/tex/latex/oberdiek/rerunfilecheck.sty
Package: rerunfilecheck 2011/04/15 v1.7 Rerun checks for auxiliary files (HO)
Package uniquecounter Info: New unique counter `rerunfilecheck' on input line 2
82.
))
\c@Hy@tempcnt=\count122
(/usr/local/texlive/2014/texmf-dist/tex/latex/url/url.sty
\Urlmuskip=\muskip10
Package: url 2013/09/16  ver 3.4  Verb mode for urls, etc.
)
LaTeX Info: Redefining \url on input line 5041.
\XeTeXLinkMargin=\dimen153
\Fld@menulength=\count123
\Field@Width=\dimen154
\Fld@charsize=\dimen155
Package hyperref Info: Hyper figures OFF on input line 6295.
Package hyperref Info: Link nesting OFF on input line 6300.
Package hyperref Info: Hyper index ON on input line 6303.
Package hyperref Info: backreferencing ON on input line 6308.
Package hyperref Info: Link coloring OFF on input line 6315.
Package hyperref Info: Link coloring with OCG OFF on input line 6320.
Package hyperref Info: PDF/A mode OFF on input line 6325.
LaTeX Info: Redefining \ref on input line 6365.
LaTeX Info: Redefining \pageref on input line 6369.
\Hy@abspage=\count124
\c@Item=\count125
\c@Hfootnote=\count126
)

Package hyperref Message: Driver: hpdftex.

(/usr/local/texlive/2014/texmf-dist/tex/latex/hyperref/hpdftex.def
File: hpdftex.def 2012/11/06 v6.83m Hyperref driver for pdfTeX
\Fld@listcount=\count127
\c@bookmark@seq@number=\count128
\Hy@SectionHShift=\skip101
)
Package hyperref Info: Option `colorlinks' set `true' on input line 106.
Package hyperref Info: Option `unicode' set `true' on input line 106.
(/usr/local/texlive/2014/texmf-dist/tex/latex/hyperref/puenc.def
File: puenc.def 2012/11/06 v6.83m Hyperref: PDF Unicode definition (HO)
Now handling font encoding PU ...
... no UTF-8 mapping file for font encoding PU
) (./refman.aux)
\openout1 = `refman.aux'.

LaTeX Font Info:    Checking defaults for OML/cmm/m/it on input line 116.
LaTeX Font Info:    ... okay on input line 116.
LaTeX Font Info:    Checking defaults for T1/cmr/m/n on input line 116.
LaTeX Font Info:    ... okay on input line 116.
LaTeX Font Info:    Checking defaults for OT1/cmr/m/n on input line 116.
LaTeX Font Info:    ... okay on input line 116.
LaTeX Font Info:    Checking defaults for OMS/cmsy/m/n on input line 116.
LaTeX Font Info:    ... okay on input line 116.
LaTeX Font Info:    Checking defaults for OMX/cmex/m/n on input line 116.
LaTeX Font Info:    ... okay on input line 116.
LaTeX Font Info:    Checking defaults for U/cmr/m/n on input line 116.
LaTeX Font Info:    ... okay on input line 116.
LaTeX Font Info:    Checking defaults for TS1/cmr/m/n on input line 116.
LaTeX Font Info:    Try loading font information for TS1+cmr on input line 116.

(/usr/local/texlive/2014/texmf-dist/tex/latex/base/ts1cmr.fd
File: ts1cmr.fd 1999/05/25 v2.5h Standard LaTeX font definitions
)
LaTeX Font Info:    ... okay on input line 116.
LaTeX Font Info:    Checking defaults for PD1/pdf/m/n on input line 116.
LaTeX Font Info:    ... okay on input line 116.
LaTeX Font Info:    Checking defaults for PU/pdf/m/n on input line 116.
LaTeX Font Info:    ... okay on input line 116.
LaTeX Font Info:    Try loading font information for T1+phv on input line 116.
(/usr/local/texlive/2014/texmf-dist/tex/latex/psnfss/t1phv.fd
File: t1phv.fd 2001/06/04 scalable font definitions for T1/phv.
)
LaTeX Font Info:    Font shape `T1/phv/m/n' will be
(Font)              scaled to size 8.99994pt on input line 116.
(/usr/local/texlive/2014/texmf-dist/tex/context/base/supp-pdf.mkii
[Loading MPS to PDF converter (version 2006.09.02).]
\scratchcounter=\count129
\scratchdimen=\dimen156
\scratchbox=\box58
\nofMPsegments=\count130
\nofMParguments=\count131
\everyMPshowfont=\toks26
\MPscratchCnt=\count132
\MPscratchDim=\dimen157
\MPnumerator=\count133
\makeMPintoPDFobject=\count134
\everyMPtoPDFconversion=\toks27
) (/usr/local/texlive/2014/texmf-dist/tex/latex/oberdiek/epstopdf-base.sty
Package: epstopdf-base 2010/02/09 v2.5 Base part for package epstopdf
(/usr/local/texlive/2014/texmf-dist/tex/latex/oberdiek/grfext.sty
Package: grfext 2010/08/19 v1.1 Manage graphics extensions (HO)
)
Package grfext Info: Graphics extension search list:
(grfext)             [.png,.pdf,.jpg,.mps,.jpeg,.jbig2,.jb2,.PNG,.PDF,.JPG,.JPE
G,.JBIG2,.JB2,.eps]
(grfext)             \AppendGraphicsExtensions on input line 452.
(/usr/local/texlive/2014/texmf-dist/tex/latex/latexconfig/epstopdf-sys.cfg
File: epstopdf-sys.cfg 2010/07/13 v1.3 Configuration of (r)epstopdf for TeX Liv
e
))
*geometry* driver: auto-detecting
*geometry* detected driver: pdftex
*geometry* verbose mode - [ preamble ] result:
* driver: pdftex
* paper: letterpaper
* layout: <same size as paper>
* layoutoffset:(h,v)=(0.0pt,0.0pt)
* modes: twoside 
* h-part:(L,W,R)=(71.13188pt, 472.03123pt, 71.13188pt)
* v-part:(T,H,B)=(71.13188pt, 652.70622pt, 71.13188pt)
* \paperwidth=614.295pt
* \paperheight=794.96999pt
* \textwidth=472.03123pt
* \textheight=652.70622pt
* \oddsidemargin=-1.1381pt
* \evensidemargin=-1.1381pt
* \topmargin=-31.2056pt
* \headheight=12.0pt
* \headsep=18.06749pt
* \topskip=10.0pt
* \footskip=25.29494pt
* \marginparwidth=125.0pt
* \marginparsep=7.0pt
* \columnsep=10.0pt
* \skip\footins=9.0pt plus 4.0pt minus 2.0pt
* \hoffset=0.0pt
* \voffset=0.0pt
* \mag=1000
* \@twocolumnfalse
* \@twosidetrue
* \@mparswitchtrue
* \@reversemarginfalse
* (1in=72.27pt=25.4mm, 1cm=28.453pt)

\AtBeginShipoutBox=\box59
Package backref Info: ** backref set up for natbib ** on input line 116.
Package hyperref Info: Link coloring ON on input line 116.
(/usr/local/texlive/2014/texmf-dist/tex/latex/hyperref/nameref.sty
Package: nameref 2012/10/27 v2.43 Cross-referencing by name of section
(/usr/local/texlive/2014/texmf-dist/tex/generic/oberdiek/gettitlestring.sty
Package: gettitlestring 2010/12/03 v1.4 Cleanup title references (HO)
)
\c@section@level=\count135
)
LaTeX Info: Redefining \ref on input line 116.
LaTeX Info: Redefining \pageref on input line 116.
LaTeX Info: Redefining \nameref on input line 116.
(./refman.out) (./refman.out)
\@outlinefile=\write4
\openout4 = `refman.out'.

Package hyperref Info: Option `pageanchor' set `false' on input line 123.

Package hyperref Warning: Option `bookmarks' has already been used,
(hyperref)                setting the option has no effect on input line 123.

Package hyperref Info: Option `bookmarksnumbered' set `true' on input line 123.

Package hyperref Info: Option `unicode' set `true' on input line 123.
LaTeX Font Info:    Font shape `T1/phv/m/n' will be
(Font)              scaled to size 12.9599pt on input line 128.
LaTeX Font Info:    Font shape `T1/phv/m/n' will be
(Font)              scaled to size 10.79993pt on input line 128.
LaTeX Font Info:    Font shape `T1/phv/m/n' will be
(Font)              scaled to size 6.29996pt on input line 128.
LaTeX Font Info:    Try loading font information for U+wasy on input line 128.
(/usr/local/texlive/2014/texmf-dist/tex/latex/wasysym/uwasy.fd
File: uwasy.fd 2003/10/30 v2.0 Wasy-2 symbol font definitions
)
LaTeX Font Info:    Try loading font information for U+msa on input line 128.
(/usr/local/texlive/2014/texmf-dist/tex/latex/amsfonts/umsa.fd
File: umsa.fd 2013/01/14 v3.01 AMS symbols A
)
LaTeX Font Info:    Try loading font information for U+msb on input line 128.
(/usr/local/texlive/2014/texmf-dist/tex/latex/amsfonts/umsb.fd
File: umsb.fd 2013/01/14 v3.01 AMS symbols B
)
LaTeX Font Info:    Font shape `T1/phv/m/n' will be
(Font)              scaled to size 8.09995pt on input line 132.
[1


{/usr/local/texlive/2014/texmf-var/fonts/map/pdftex/updmap/pdftex.map}] [2

]
LaTeX Font Info:    Font shape `T1/phv/m/n' will be
(Font)              scaled to size 22.39185pt on input line 136.
LaTeX Font Info:    Font shape `T1/phv/bx/n' in size <24.88> not available
(Font)              Font shape `T1/phv/b/n' tried instead on input line 136.
LaTeX Font Info:    Font shape `T1/phv/b/n' will be
(Font)              scaled to size 22.39185pt on input line 136.
LaTeX Font Info:    Font shape `T1/phv/bc/n' will be
(Font)              scaled to size 22.39185pt on input line 136.
(./refman.toc
LaTeX Font Info:    Font shape `T1/phv/bx/n' in size <10> not available
(Font)              Font shape `T1/phv/b/n' tried instead on input line 1.
LaTeX Font Info:    Font shape `T1/phv/b/n' will be
(Font)              scaled to size 8.99994pt on input line 1.
[3

]
LaTeX Font Info:    Font shape `T1/phv/bx/n' in size <7> not available
(Font)              Font shape `T1/phv/b/n' tried instead on input line 65.
LaTeX Font Info:    Font shape `T1/phv/b/n' will be
(Font)              scaled to size 6.29996pt on input line 65.
[4] [5] [6] [7] [8] [9] [10] [11])
\tf@toc=\write5
\openout5 = `refman.toc'.

[12]
Package hyperref Info: Option `pageanchor' set `true' on input line 139.
Chapter 1.
LaTeX Font Info:    Font shape `T1/phv/m/n' will be
(Font)              scaled to size 18.66588pt on input line 142.
LaTeX Font Info:    Font shape `T1/phv/bx/n' in size <20.74> not available
(Font)              Font shape `T1/phv/b/n' tried instead on input line 142.
LaTeX Font Info:    Font shape `T1/phv/b/n' will be
(Font)              scaled to size 18.66588pt on input line 142.
LaTeX Font Info:    Font shape `T1/phv/bc/n' will be
(Font)              scaled to size 18.66588pt on input line 142.
(./namespaces.tex
LaTeX Font Info:    Font shape `T1/phv/bx/n' in size <14.4> not available
(Font)              Font shape `T1/phv/b/n' tried instead on input line 1.
LaTeX Font Info:    Font shape `T1/phv/b/n' will be
(Font)              scaled to size 12.9599pt on input line 1.
LaTeX Font Info:    Font shape `T1/phv/bc/n' will be
(Font)              scaled to size 12.9599pt on input line 1.
) [1


] [2

]
Chapter 2.
(./hierarchy.tex) [3] [4

]
Chapter 3.
(./annotated.tex) [5] [6

]
Chapter 4.
(./files.tex [7]) [8]
Chapter 5.
(./namespacemanage.tex) (./namespacematch_app.tex
LaTeX Font Info:    Font shape `T1/phv/bc/n' will be
(Font)              scaled to size 6.29996pt on input line 1.
LaTeX Font Info:    Font shape `T1/phv/bx/n' in size <12> not available
(Font)              Font shape `T1/phv/b/n' tried instead on input line 3.
LaTeX Font Info:    Font shape `T1/phv/b/n' will be
(Font)              scaled to size 10.79993pt on input line 3.
LaTeX Font Info:    Font shape `T1/phv/bc/n' will be
(Font)              scaled to size 10.79993pt on input line 3.
LaTeX Font Info:    Try loading font information for TS1+phv on input line 6.
(/usr/local/texlive/2014/texmf-dist/tex/latex/psnfss/ts1phv.fd
File: ts1phv.fd 2001/06/04 scalable font definitions for TS1/phv.
)
LaTeX Font Info:    Font shape `TS1/phv/m/n' will be
(Font)              scaled to size 8.99994pt on input line 6.
) (./namespacematch_app_1_1admin.tex) (./namespacematch_app_1_1forms.tex
LaTeX Font Info:    Font shape `T1/phv/m/n' will be
(Font)              scaled to size 7.19995pt on input line 11.
LaTeX Font Info:    Try loading font information for T1+pcr on input line 11.
(/usr/local/texlive/2014/texmf-dist/tex/latex/psnfss/t1pcr.fd
File: t1pcr.fd 2001/06/04 font definitions for T1/pcr.
)) (./namespacematch_app_1_1matching_algorithm.tex [9

]) (./namespacematch_app_1_1matching_algorithm_1_1add_course.tex
LaTeX Font Info:    Font shape `T1/phv/m/it' in size <9> not available
(Font)              Font shape `T1/phv/m/sl' tried instead on input line 12.
LaTeX Font Info:    Font shape `T1/phv/m/sl' will be
(Font)              scaled to size 8.09995pt on input line 12.
LaTeX Font Info:    Font shape `T1/phv/bc/n' will be
(Font)              scaled to size 8.99994pt on input line 27.
LaTeX Font Info:    Font shape `T1/phv/bc/it' in size <10> not available
(Font)              Font shape `T1/phv/bc/sl' tried instead on input line 27.
LaTeX Font Info:    Font shape `T1/phv/bc/sl' will be
(Font)              scaled to size 8.99994pt on input line 27.
LaTeX Font Info:    Font shape `T1/phv/bc/it' in size <7> not available
(Font)              Font shape `T1/phv/bc/sl' tried instead on input line 27.
LaTeX Font Info:    Font shape `T1/phv/bc/sl' will be
(Font)              scaled to size 6.29996pt on input line 27.
) (./namespacematch_app_1_1matching_algorithm_1_1query_and_match_courses.tex [1
0]) (./namespacematch_app_1_1matching_algorithm_1_1query_and_match_sections.tex

Overfull \hbox (127.96915pt too wide) in paragraph at lines 28--28
[]\T1/pcr/m/n/8 Querey all rows in the section and student tables. Add the stud
ent ID to to the array hashed by the directory for each course[] 
 []

) (./namespacematch_app_1_1matching_algorithm_1_1remove_course.tex [11]) (./nam
espacematch_app_1_1matching_algorithm_1_1return_course_list.tex [12]) (./namesp
acematch_app_1_1matching_algorithm_1_1return_matches_by_course.tex) (./namespac
ematch_app_1_1matching_algorithm_1_1return_matches_by_section.tex [13]) (./name
spacematch_app_1_1matching_algorithm_1_1return_sections_list.tex) (./namespacem
atch_app_1_1matching_algorithm_1_1return_student_data.tex [14]) (./namespacemat
ch_app_1_1models.tex) (./namespacematch_app_1_1templatetags.tex) (./namespacema
tch_app_1_1templatetags_1_1dict__helper.tex [15]) (./namespacematch_app_1_1test
s.tex) (./namespacematch_app_1_1urls.tex) (./namespacematch_app_1_1views.tex [1
6]) (./namespace_platypus.tex) (./namespace_platypus_1_1settings.tex [17]
LaTeX Font Info:    Font shape `TS1/phv/bc/n' will be
(Font)              scaled to size 8.99994pt on input line 102.
[18] [19]) (./namespace_platypus_1_1urls.tex) (./namespace_platypus_1_1wsgi.tex
) (./namespacepopulate.tex [20]) [21] [22

]
Chapter 6.
(./classmatch_app_1_1models_1_1_course.tex
Package epstopdf Info: Source file: <classmatch_app_1_1models_1_1_course.eps>
(epstopdf)                    date: 2015-04-22 18:13:06
(epstopdf)                    size: 3796 bytes
(epstopdf)             Output file: <classmatch_app_1_1models_1_1_course-eps-co
nverted-to.pdf>
(epstopdf)                    date: 2015-04-22 22:02:55
(epstopdf)                    size: 5460 bytes
(epstopdf)             Command: <repstopdf --outfile=classmatch_app_1_1models_1
_1_course-eps-converted-to.pdf classmatch_app_1_1models_1_1_course.eps>
(epstopdf)             \includegraphics on input line 6.
Package epstopdf Info: Output file is already uptodate.

<classmatch_app_1_1models_1_1_course-eps-converted-to.pdf, id=2259, 501.875pt x
 244.81462pt>
File: classmatch_app_1_1models_1_1_course-eps-converted-to.pdf Graphic file (ty
pe pdf)
<use classmatch_app_1_1models_1_1_course-eps-converted-to.pdf>
Package pdftex.def Info: classmatch_app_1_1models_1_1_course-eps-converted-to.p
df used on input line 6.
(pdftex.def)             Requested size: 116.6541pt x 56.9055pt.
[23 <./classmatch_app_1_1models_1_1_course-eps-converted-to.pdf>]

LaTeX Font Warning: Font shape `T1/pcr/bc/n' undefined
(Font)              using `T1/pcr/m/n' instead on input line 50.

) (./classmatch_app_1_1forms_1_1_user_form_1_1_meta.tex) (./classmatch_app_1_1m
odels_1_1_section.tex
Package epstopdf Info: Source file: <classmatch_app_1_1models_1_1_section.eps>
(epstopdf)                    date: 2015-04-22 18:13:06
(epstopdf)                    size: 3798 bytes
(epstopdf)             Output file: <classmatch_app_1_1models_1_1_section-eps-c
onverted-to.pdf>
(epstopdf)                    date: 2015-04-22 22:02:57
(epstopdf)                    size: 5559 bytes
(epstopdf)             Command: <repstopdf --outfile=classmatch_app_1_1models_1
_1_section-eps-converted-to.pdf classmatch_app_1_1models_1_1_section.eps>
(epstopdf)             \includegraphics on input line 6.
Package epstopdf Info: Output file is already uptodate.

<classmatch_app_1_1models_1_1_section-eps-converted-to.pdf, id=2287, 501.875pt 
x 243.32907pt>
File: classmatch_app_1_1models_1_1_section-eps-converted-to.pdf Graphic file (t
ype pdf)
<use classmatch_app_1_1models_1_1_section-eps-converted-to.pdf>
Package pdftex.def Info: classmatch_app_1_1models_1_1_section-eps-converted-to.
pdf used on input line 6.
(pdftex.def)             Requested size: 117.36629pt x 56.9055pt.
[24 <./classmatch_app_1_1models_1_1_section-eps-converted-to.pdf>]) (./classmat
ch_app_1_1models_1_1_student.tex
Package epstopdf Info: Source file: <classmatch_app_1_1models_1_1_student.eps>
(epstopdf)                    date: 2015-04-22 18:13:06
(epstopdf)                    size: 3798 bytes
(epstopdf)             Output file: <classmatch_app_1_1models_1_1_student-eps-c
onverted-to.pdf>
(epstopdf)                    date: 2015-04-22 22:03:00
(epstopdf)                    size: 5519 bytes
(epstopdf)             Command: <repstopdf --outfile=classmatch_app_1_1models_1
_1_student-eps-converted-to.pdf classmatch_app_1_1models_1_1_student.eps>
(epstopdf)             \includegraphics on input line 6.
Package epstopdf Info: Output file is already uptodate.

<classmatch_app_1_1models_1_1_student-eps-converted-to.pdf, id=2307, 501.875pt 
x 243.32907pt>
File: classmatch_app_1_1models_1_1_student-eps-converted-to.pdf Graphic file (t
ype pdf)
<use classmatch_app_1_1models_1_1_student-eps-converted-to.pdf>
Package pdftex.def Info: classmatch_app_1_1models_1_1_student-eps-converted-to.
pdf used on input line 6.
(pdftex.def)             Requested size: 117.36629pt x 56.9055pt.
[25 <./classmatch_app_1_1models_1_1_student-eps-converted-to.pdf>]) (./classmat
ch_app_1_1forms_1_1_user_form.tex
Package epstopdf Info: Source file: <classmatch_app_1_1forms_1_1_user_form.eps>

(epstopdf)                    date: 2015-04-22 18:13:06
(epstopdf)                    size: 3806 bytes
(epstopdf)             Output file: <classmatch_app_1_1forms_1_1_user_form-eps-
converted-to.pdf>
(epstopdf)                    date: 2015-04-22 22:03:03
(epstopdf)                    size: 5598 bytes
(epstopdf)             Command: <repstopdf --outfile=classmatch_app_1_1forms_1_
1_user_form-eps-converted-to.pdf classmatch_app_1_1forms_1_1_user_form.eps>
(epstopdf)             \includegraphics on input line 6.
Package epstopdf Info: Output file is already uptodate.

<classmatch_app_1_1forms_1_1_user_form-eps-converted-to.pdf, id=2330, 501.875pt
 x 236.17233pt>
File: classmatch_app_1_1forms_1_1_user_form-eps-converted-to.pdf Graphic file (
type pdf)
<use classmatch_app_1_1forms_1_1_user_form-eps-converted-to.pdf>
Package pdftex.def Info: classmatch_app_1_1forms_1_1_user_form-eps-converted-to
.pdf used on input line 6.
(pdftex.def)             Requested size: 120.92725pt x 56.9055pt.
[26 <./classmatch_app_1_1forms_1_1_user_form-eps-converted-to.pdf>]) [27] [28

]
Chapter 7.
(./manage_8py.tex) (./match_app_2____init_____8py.tex) (./match_app_2matching_a
lgorithm_2____init_____8py.tex) (./match_app_2templatetags_2____init_____8py.te
x) (./_platypus_2____init_____8py.tex) (./admin_8py.tex [29]) (./forms_8py.tex)
(./dynsections_8js.tex) (./jquery_8js.tex
Underfull \hbox (badness 1314) in paragraph at lines 6--8
[][][]\T1/phv/m/n/10 b[][] [][]ex-tend[][] ({css[]Hooks[]:{opacity[]:{get[]:fun
ction(bw, bv){[][]if[][](bv){var [][]e[][]=[][]Z[][](bw,"opacity","opacity");re
turn [][]e[][]===""?"1"[]
 []


Underfull \hbox (badness 1163) in paragraph at lines 6--8
\T1/phv/m/n/10 :[][]e[][]}else{return bw.[]style.[]opacity}}}}, css[]Number[]:{
fill[]Opacity[]:true, font[]Weight[]:true, line[]Height[]:true, opacity[]:true,

 []


Underfull \hbox (badness 2393) in paragraph at lines 6--8
\T1/phv/m/n/10 orphans[]:true, widows[]:true, z[]Index[]:true, zoom[]:true}, cs
s[]Props[]:{"float"[]:b.[]support.[]css[]Float?"css[]Float"[]:"style[]
 []


Underfull \hbox (badness 2503) in paragraph at lines 6--8
\T1/phv/m/n/10 Float"}, style[]:function(bx, bw, b[]D, by){[][]if[][](!bx$\OMS/
cmsy/m/n/10 j$$j$\T1/phv/m/n/10 bx.[]node[]Type===3$\OMS/cmsy/m/n/10 j$$j$\T1/p
hv/m/n/10 bx.[]node[]Type===8$\OMS/cmsy/m/n/10 j$$j$\T1/phv/m/n/10 !bx.[]style)
{return}var b[]B,
 []


Underfull \hbox (badness 1990) in paragraph at lines 6--8
\T1/phv/m/n/10 b[]C, bz=b.[]camel[]Case(bw), bv=bx.[]style, b[]E=b.[]css[]Hooks
[]bz[];bw=b.[]css[]Props[]bz[]$\OMS/cmsy/m/n/10 j$$j$\T1/phv/m/n/10 bz;[][]if[]
[](b[]D!==[][]L[][]){b[]C=typeof b[]
 []


Underfull \hbox (badness 10000) in paragraph at lines 6--8
\T1/phv/m/n/10 D;[][]if[][](b[]C==="string"&&(b[]B=I.[]exec(b[]D))){b[]D=(+(b[]
B[]1[]+1)$\OMS/cmsy/m/n/10 ^^C$\T1/phv/m/n/10 +b[]B[]2[])+parse[]Float([][]b.[]
css[][](bx, bw));b[]C="number"}if(b[]
 []


Underfull \hbox (badness 10000) in paragraph at lines 6--8
\T1/phv/m/n/10 D==null$\OMS/cmsy/m/n/10 j$$j$\T1/phv/m/n/10 b[]C==="number"&&is
[]Na[]N(b[]D)){return}[][]if[][](b[]C==="number"&&!b.[]css[]Number[]bz[]){b[]D+
="px"}if(!b[]E$\OMS/cmsy/m/n/10 j$$j$\T1/phv/m/n/10 !("set"in
 []


Underfull \hbox (badness 2326) in paragraph at lines 6--8
\T1/phv/m/n/10 b[]E)$\OMS/cmsy/m/n/10 j$$j$\T1/phv/m/n/10 (b[]D=b[]E.[]set(bx, 
b[]D))!==[][]L[][]){try{bv[]bw[]=b[]D}catch(b[]A){}}}else{[][]if[][](b[]E &&"ge
t"in b[]E &&(b[]B=b[]E.[]get(bx, false,
 []


Underfull \hbox (badness 6284) in paragraph at lines 6--8
\T1/phv/m/n/10 by))!==[][]L[][]){return b[]B}return bv[]bw[]}}, css[]:function(
by, bx, bv){var bw, [][]e[][];bx=b.[]camel[]Case(bx);[][]e[][]=b.[]css[]
 []


Overfull \hbox (18.13123pt too wide) in paragraph at lines 6--8
\T1/phv/m/n/10 Hooks[]bx[];bx=b.[]css[]Props[]bx[]$\OMS/cmsy/m/n/10 j$$j$\T1/ph
v/m/n/10 bx;[][]if[][](bx==="css[]Float"){bx="float"}if([][]e[][] &&"get"in [][
]e[][] &&(bw=e.[]get(by, true, bv))!==[][]L[][]){return
 []

[30]
Underfull \hbox (badness 1024) in paragraph at lines 8--10
[][][]\T1/phv/m/n/10 b[][] [][]each[][] ([]"height","width"[], func-tion(bv, []
[]e[][]){b.[]css[]Hooks[][][]e[][][]={get[]:function(by, bx, bw){var bz;[][]if[
][](bx){[][]if[][](by.[]offset[]
 []


Underfull \hbox (badness 10000) in paragraph at lines 12--14
[][][]\T1/phv/m/n/10 b[][] (func-tion(){[][]if[][](!b.[]support.[]reliable[]Mar
gin[]Right){b.[]css[]Hooks.[]margin[]Right={get[]:function(bw, bv){var [][]e[][
];b.[]
 []


Overfull \hbox (51.55037pt too wide) in paragraph at lines 33--35
[][][]\T1/phv/m/n/10 b[][] fn [][]css[][] =func-tion([][]e[][],bv){[][]if[][](a
rguments.[]length===2&&bv===[][]L[][]){return this}return b.[]access(this,[][]e
[][],bv,true,function(bx,bw,by){return
 []


Overfull \hbox (49.24644pt too wide) in paragraph at lines 49--51
[]\T1/phv/m/n/10 var [][]a[]Z[][] =/$[]$(?[]:color$\OMS/cmsy/m/n/10 j$\T1/phv/m
/n/10 date$\OMS/cmsy/m/n/10 j$\T1/phv/m/n/10 datetime$\OMS/cmsy/m/n/10 j$\T1/ph
v/m/n/10 datetime-local$\OMS/cmsy/m/n/10 j$\T1/phv/m/n/10 email$\OMS/cmsy/m/n/1
0 j$\T1/phv/m/n/10 hidden$\OMS/cmsy/m/n/10 j$\T1/phv/m/n/10 month$\OMS/cmsy/m/n
/10 j$\T1/phv/m/n/10 number$\OMS/cmsy/m/n/10 j$\T1/phv/m/n/10 password$\OMS/cms
y/m/n/10 j$\T1/phv/m/n/10 range$\OMS/cmsy/m/n/10 j$\T1/phv/m/n/10 search$\OMS/c
msy/m/n/10 j$\T1/phv/m/n/10 tel$\OMS/cmsy/m/n/10 j$\T1/phv/m/n/10 text$\OMS/cms
y/m/n/10 j$\T1/phv/m/n/10 time$\OMS/cmsy/m/n/10 j$\T1/phv/m/n/10 url$\OMS/cmsy/
m/n/10 j$\T1/phv/m/n/10 week)$/i 
 []

[31]
Underfull \hbox (badness 808) in paragraph at lines 138--138
[]\T1/phv/bc/n/10 var a[]Z =/$[]$(?[]:color$\OMS/cmsy/m/n/10 j$\T1/phv/bc/n/10 
date$\OMS/cmsy/m/n/10 j$\T1/phv/bc/n/10 datetime$\OMS/cmsy/m/n/10 j$\T1/phv/bc/
n/10 datetime- 
 []


Overfull \hbox (31.9684pt too wide) in paragraph at lines 151--152
[]      \T1/pcr/m/n/7 prototype.slice,bO=String.prototype.trim,bv=Array.prototy
pe.indexOf,bx={};bF.fn=bF.prototype={constructor:bF,init:[][] 
 []


Overfull \hbox (31.9684pt too wide) in paragraph at lines 156--156
[]      \T1/pcr/m/n/7 ownerDocument||b4:av);b1=bA.exec(b0);[]if[](b1){[]if[](bF
.isPlainObject(b4)){b0=[av.createElement(b1[1])];bF.fn.attr.call([] 
 []


Overfull \hbox (19.36841pt too wide) in paragraph at lines 158--158
[]      \T1/pcr/m/n/7 clone(b1.fragment):b1.fragment).childNodes}[]return[] bF.
merge([]this[],b0)}[]else[]{b5=av.getElementById(b2[2]);[]if[](b5&&b5.[] 
 []

[32]
Overfull \hbox (19.36841pt too wide) in paragraph at lines 173--173
[]      \T1/pcr/m/n/7 arguments[0]||{},b4=1,b3=arguments.length,b8=[]false[];[]
if[](typeof b5===[]"boolean"[]){b8=b5;b5=arguments[1]||{};b4=2}[]if[]([] 
 []


Overfull \hbox (40.3684pt too wide) in paragraph at lines 180--180
[]      \T1/pcr/m/n/7 readyWait)||(b0!==[]true[]&&!bF.isReady)){[]if[](!av.body
){[]return[] setTimeout(bF.ready,1)}bF.isReady=[]true[];[]if[](b0!==[]true[]&&-
-bF.[] 
 []


Overfull \hbox (48.76839pt too wide) in paragraph at lines 186--186
[]      \T1/pcr/m/n/7 documentElement.doScroll&&b0){bw()}}}},isFunction:[]funct
ion[](b0){[]return[] bF.type(b0)===[]"function"[]},isArray:Array.isArray|[] 
 []


Overfull \hbox (40.3684pt too wide) in paragraph at lines 188--188
[]      \T1/pcr/m/n/7 setInterval"[] in b0},isNumeric:[]function[](b0){[]return
[] !isNaN(parseFloat(b0))&&isFinite(b0)},type:[]function[](b0){[]return[] b0=[]
 
 []


Overfull \hbox (19.36841pt too wide) in paragraph at lines 191--191
[]      \T1/pcr/m/n/7 constructor.prototype,[]"isPrototypeOf"[])){[]return[] []
false[]}}[]catch[](b1){[]return[] []false[]}var b0;[]for[](b0 in b2){}[]return[
] b0===[] 
 []


Overfull \hbox (31.9684pt too wide) in paragraph at lines 195--195
[]      \T1/pcr/m/n/7 replace(bJ,[]""[]))){[]return[]([]new[] Function([]"retur
n "[]+b0))()}bF.error([]"Invalid JSON: "[]+b0)},parseXML:[]function[](b2){var b
0,[] 
 []


Overfull \hbox (27.7684pt too wide) in paragraph at lines 198--199
[]      \T1/pcr/m/n/7 getElementsByTagName([]"parsererror"[]).length){bF.error(
[]"Invalid XML: "[]+b2)}[]return[] b0},noop:[]function[](){},globalEval:[][] 
 []


Overfull \hbox (15.16841pt too wide) in paragraph at lines 205--206
[]      \T1/pcr/m/n/7 trim:bO?[]function[](b0){[]return[] b0==null?[]""[]:bO.ca
ll(b0)}:[]function[](b0){[]return[] b0==null?[]""[]:b0.toString().replace(bI,[]
[] 
 []


Overfull \hbox (19.36841pt too wide) in paragraph at lines 209--209
[]      \T1/pcr/m/n/7 Math.max(0,b0+b1):b1:0;[]for[](;b1<b0;b1++){[]if[](b1 in 
b3&&b3[b1]===b2){[]return[] b1}}}[]return[] -1},merge:[]function[](b4,b2){[] 
 []


Overfull \hbox (31.9684pt too wide) in paragraph at lines 213--213
[]      \T1/pcr/m/n/7 function[](b0,b7,b8){var b5,b6,b4=[],b2=0,b1=b0.length,b3
=b0 instanceof bF||b1!==[][]L[][]&&typeof b1===[]"number"[]&&((b1>0&&b0[] 
 []


Overfull \hbox (27.7684pt too wide) in paragraph at lines 215--215
[]      \T1/pcr/m/n/7 length]=b5}}}[]else[]{[]for[](b6 in b0){b5=b7(b0[b6],b6,b
8);[]if[](b5!=null){b4[b4.length]=b5}}}[]return[] b4.concat.apply([],b4)[] 
 []


Overfull \hbox (15.16841pt too wide) in paragraph at lines 217--217
[]      \T1/pcr/m/n/7 return[] [][]L[][]}var b0=bK.call(arguments,2),b1=[]funct
ion[](){[]return[] b4.apply(b3,b0.concat(bK.call(arguments)))};b1.guid=[] 
 []


Overfull \hbox (27.7684pt too wide) in paragraph at lines 228--228
[]      \T1/pcr/m/n/7 toLowerCase()});bV=bF.uaMatch(bX);[]if[](bV.browser){bF.b
rowser[bV.browser]=[]true[];bF.browser.version=bV.version}[]if[](bF.[] 
 []


Overfull \hbox (15.16841pt too wide) in paragraph at lines 231--232
[]      \T1/pcr/m/n/7 attachEvent){e=[]function[](){[]if[](av.readyState===[]"c
omplete"[]){av.detachEvent([]"onreadystatechange"[],e);bF.ready()}}}}[][] 
 []


Overfull \hbox (15.16841pt too wide) in paragraph at lines 232--232
[]      \T1/pcr/m/n/7 function[] bw(){[]if[](bF.isReady){[]return[]}[]try[]{av.
documentElement.doScroll([]"left"[])}[]catch[](b0){setTimeout(bw,1);[]return[]}
[] 
 []


Overfull \hbox (23.5684pt too wide) in paragraph at lines 234--234
[]      \T1/pcr/m/n/7 length;bw<bx;bw++){bv[e[bw]]=[]true[]}[]return[] bv}[][]b
[][].Callbacks=[]function[](bw){bw=bw?(a2[bw]||X(bw)):{};var bB=[],bC=[],bx[] 
 []


Underfull \vbox (badness 10000) has occurred while \output is active []

[33]
Overfull \hbox (27.7684pt too wide) in paragraph at lines 246--247
[]      \T1/pcr/m/n/7 return[] []this[]},locked:[]function[](){[]return[] !bC},
fireWith:[]function[](bG,bF){[]if[](bC){[]if[](by){[]if[](!bw.once){bC.push([bG
,bF])}}[][] 
 []


Overfull \hbox (31.9684pt too wide) in paragraph at lines 250--250
[]      \T1/pcr/m/n/7 resolve:bx,reject:bw,notify:bv},bC={done:bx.add,fail:bw.a
dd,progress:bv.add,state:[]function[](){[]return[] e},isResolved:[] 
 []


Overfull \hbox (15.16841pt too wide) in paragraph at lines 267--267
[]       \T1/pcr/m/n/7 style='top:1px;float:left;opacity:.55;'>a</a><input type
='checkbox'/>"[];bI=bv.getElementsByTagName([]"*"[]);bF=bv.[] 
 []


Overfull \hbox (40.3684pt too wide) in paragraph at lines 269--269
[]      \T1/pcr/m/n/7 appendChild(av.createElement([]"option"[]));bE=bv.getElem
entsByTagName([]"input"[])[0];bJ={leadingWhitespace:(bv.firstChild.[] 
 []


Overfull \hbox (31.9684pt too wide) in paragraph at lines 278--278
[]      \T1/pcr/m/n/7 fireEvent){bv.attachEvent([]"onclick"[],[]function[](){bJ
.noCloneEvent=[]false[]});bv.cloneNode([]true[]).fireEvent([]"onclick"[])}bE=[]
 
 []


Overfull \hbox (27.7684pt too wide) in paragraph at lines 280--280
[]      \T1/pcr/m/n/7 setAttribute([]"checked"[],[]"checked"[]);bv.appendChild(
bE);bD=av.createDocumentFragment();bD.appendChild(bv.lastChild);[] 
 []


Overfull \hbox (23.5684pt too wide) in paragraph at lines 285--285
[]      \T1/pcr/m/n/7 submit:1,change:1,focusin:1}){bB=[]"on"[]+by;bw=(bB in bv
);[]if[](!bw){bv.setAttribute(bB,[]"return;"[]);bw=(typeof bv[bB]==[] 
 []


Overfull \hbox (90.76836pt too wide) in paragraph at lines 288--289
[]      \T1/pcr/m/n/7 position:absolute;top:0;left:0;width:1px;height:1px;margi
n:0;"[];bR=[]"visibility:hidden;border:0;"[];e=[]"style='"[]+bS+[]"border:5px s
olid[] 
 []


Overfull \hbox (157.9683pt too wide) in paragraph at lines 290--290
[]       \T1/pcr/m/n/7 cellspacing='0'><tr><td></td></tr></table>"[];bM=av.crea
teElement([]"div"[]);bM.style.cssText=bR+[]"width:0;height:0;position:static;to
p:0;margin-top:"[][] 
 []


Overfull \hbox (27.7684pt too wide) in paragraph at lines 292--293
[]      \T1/pcr/m/n/7 <table><tr><td style='padding:0;border:0;display:none'></
td><td>t</td></tr></table>"[];bz=bv.getElementsByTagName([]"[] 
 []


Overfull \hbox (31.9684pt too wide) in paragraph at lines 297--297
[]       \T1/pcr/m/n/7 style='width:4px;'></div>"[];bJ.shrinkWrapBlocks=(bv.off
setWidth!==2)}bv.style.cssText=bS+bR;bv.innerHTML=bP;bU=bv.[] 
 []


Overfull \hbox (44.56839pt too wide) in paragraph at lines 300--300
[]      \T1/pcr/m/n/7 fixedPosition=(bV.offsetTop===20||bV.offsetTop===15);bV.s
tyle.position=bV.style.top=[]""[];bU.style.overflow=[]"hidden"[];bU.[] 
 []


Overfull \hbox (82.36836pt too wide) in paragraph at lines 302--302
[]      \T1/pcr/m/n/7 doesNotIncludeMarginInBodyOffset=(bQ.offsetTop!==bL);bQ.r
emoveChild(bM);bv=bM=null;[][]b[][].extend(bJ,bO)});[]return[] bJ})();var aS=/^
(?[] 
 []


Overfull \hbox (15.06564pt too wide) in paragraph at lines 304--305
[]      \T1/pcr/m/n/7 replace(/$\OMS/cmsy/m/n/7 n$\T1/pcr/m/n/7 D/g,[]""[]),noD
ata:{embed:[]true[],[]object[]:[]"clsid:D27CDB6E-AE6D-11cf-96B8-444553540000"[]
,applet:[]true[]},hasData:[][] 
 []


Underfull \vbox (badness 10000) has occurred while \output is active []

[34]
Overfull \hbox (15.16841pt too wide) in paragraph at lines 367--367
[]      \T1/pcr/m/n/7 className))})}[]if[]((bz&&typeof bz===[]"string"[])||bz==
=[][]L[][]){bA=(bz||[]""[]).split(af);[]for[](bw=0,bv=this.length;bw<bv;bw++)[]
 
 []


Underfull \vbox (badness 10000) has occurred while \output is active []

[35]
Overfull \hbox (44.56839pt too wide) in paragraph at lines 406--406
[]      \T1/pcr/m/n/7 cellSpacing"[],cellpadding:[]"cellPadding"[],rowspan:[]"r
owSpan"[],colspan:[]"colSpan"[],usemap:[]"useMap"[],frameborder:[]"frameBorder"
[],[] 
 []


Overfull \hbox (23.5684pt too wide) in paragraph at lines 411--411
[]      \T1/pcr/m/n/7 getAttributeNode([]"tabindex"[]);[]return[] e&&e.specifie
d?parseInt(e.value,10):D.test(bv.nodeName)||l.test(bv.nodeName)[] 
 []


Overfull \hbox (35.55179pt too wide) in paragraph at lines 433--433
[]      \T1/pcr/m/n/7 focusinfocus|focusoutblur)$/,U=/^($\OMS/cmsy/m/n/7 n$\T1/
pcr/m/n/7 w*)(?:#([$\OMS/cmsy/m/n/7 n$\T1/pcr/m/n/7 w$\OMS/cmsy/m/n/7 n$\T1/pcr
/m/n/7 -]+))?(?:$\OMS/cmsy/m/n/7 n$\T1/pcr/m/n/7 .([$\OMS/cmsy/m/n/7 n$\T1/pcr/
m/n/7 w$\OMS/cmsy/m/n/7 n$\T1/pcr/m/n/7 -]+))?$/,Y=[]function[](e){var bv=U.exe
c(e);[]if[](bv){bv[1][] 
 []


Overfull \hbox (15.16841pt too wide) in paragraph at lines 442--442
[]      \T1/pcr/m/n/7 length;bI++){bH=n.exec(bC[bI])||[];bF=bH[1];e=(bH[2]||[]"
"[]).split([]"."[]).sort();bE=[][]b[][].event.special[bF]||{};bF=(by?[] 
 []


Overfull \hbox (19.16287pt too wide) in paragraph at lines 452--453
[]      \T1/pcr/m/n/7 delegateType:by.bindType)||bz;bD=bw[bz]||[];bA=bD.length;
bC=bC?[]new[] RegExp([]"(^|$\OMS/cmsy/m/n/7 n$$n$\T1/pcr/m/n/7 .)"[]+bC.split([
]"."[]).sort().join([]"[] 
 []


Overfull \hbox (31.9684pt too wide) in paragraph at lines 458--458
[]      \T1/pcr/m/n/7 customEvent:{getData:[]true[],setData:[]true[],changeData
:[]true[]},trigger:[]function[](bv,bD,bA,bJ){[]if[](bA&&(bA.nodeType===3||bA.[]
 
 []


Overfull \hbox (31.35179pt too wide) in paragraph at lines 463--464
[]      \T1/pcr/m/n/7 exclusive=bw;bv.namespace=bx.join([]"."[]);bv.namespace_r
e=bv.namespace?[]new[] RegExp([]"(^|$\OMS/cmsy/m/n/7 n$$n$\T1/pcr/m/n/7 .)"[]+b
x.join([]"$\OMS/cmsy/m/n/7 n$$n$\T1/pcr/m/n/7 .(?:.*$\OMS/cmsy/m/n/7 n$$n$\T1/p
cr/m/n/7 .)?"[])+[][] 
 []


Overfull \hbox (19.36841pt too wide) in paragraph at lines 465--465
[]      \T1/pcr/m/n/7 events[bG]){[][]b[][].event.trigger(bv,bD,e[bC].handle.el
em,[]true[])}}[]return[]}bv.result=[][]L[][];[]if[](!bv.target){bv.target=bA}bD
=bD[] 
 []


Overfull \hbox (23.5684pt too wide) in paragraph at lines 472--472
[]      \T1/pcr/m/n/7 false[]){bv.preventDefault()}}bv.type=bG;[]if[](!bJ&&!bv.
isDefaultPrevented()){[]if[]((!bF._default||bF._default.apply(bA.[] 
 []


Underfull \vbox (badness 10000) has occurred while \output is active []

[36]
Overfull \hbox (15.16841pt too wide) in paragraph at lines 488--489
[]       \T1/pcr/m/n/7 relatedTarget shiftKey target timeStamp view which"[].sp
lit([]" "[]),fixHooks:{},keyHooks:{props:[]"char charCode key[] 
 []


Overfull \hbox (15.16841pt too wide) in paragraph at lines 491--491
[]       \T1/pcr/m/n/7 screenY toElement"[].split([]" "[]),filter:[]function[](
bx,bw){var by,bz,[][]e[][],bv=bw.button,bA=bw.fromElement;[]if[](bx.pageX==[] 
 []


Overfull \hbox (44.56839pt too wide) in paragraph at lines 495--495
[]      \T1/pcr/m/n/7 relatedTarget=bA===bx.target?bw.toElement:bA}[]if[](!bx.w
hich&&bv!==[][]L[][]){bx.which=(bv&1?1:(bv&2?3:(bv&4?2:0)))}[]return[] bx}},[] 

 []


Overfull \hbox (40.3684pt too wide) in paragraph at lines 509--510
[]      \T1/pcr/m/n/7 isDefaultPrevented=(bv.defaultPrevented||bv.returnValue==
=[]false[]||bv.getPreventDefault&&bv.getPreventDefault())?i:bk}[][] 
 []


Overfull \hbox (23.5684pt too wide) in paragraph at lines 513--513
[]      \T1/pcr/m/n/7 preventDefault()}[]else[]{bv.returnValue=[]false[]}},stop
Propagation:[]function[](){this.isPropagationStopped=i;var bv=this.[] 
 []


Overfull \hbox (52.96838pt too wide) in paragraph at lines 515--515
[]      \T1/pcr/m/n/7 stopImmediatePropagation:[]function[](){this.isImmediateP
ropagationStopped=i;this.stopPropagation()},isDefaultPrevented:bk,[] 
 []


Overfull \hbox (23.5684pt too wide) in paragraph at lines 516--517
[]      \T1/pcr/m/n/7 isPropagationStopped:bk,isImmediatePropagationStopped:bk}
;[][]b[][].each({mouseenter:[]"mouseover"[],mouseleave:[]"mouseout"[]},[][] 
 []


Overfull \hbox (15.16841pt too wide) in paragraph at lines 518--518
[]      \T1/pcr/m/n/7 relatedTarget,by=bz.handleObj,bw=by.selector,bx;[]if[](!b
A||(bA!==bB&&![][]b[][].contains(bB,bA))){bz.type=by.origType;bx=[] 
 []


Overfull \hbox (44.56839pt too wide) in paragraph at lines 530--531
[]      \T1/pcr/m/n/7 beforeactivate._change"[],[]function[](bw){var bv=bw.targ
et;if(bd.test(bv.nodeName)&&!bv._change_attached){b.event.add(bv,[]"[] 
 []


Overfull \hbox (27.7684pt too wide) in paragraph at lines 531--531
[]      \T1/pcr/m/n/7 change._change"[],function(e){if(this.parentNode&&!e.isSi
mulated&&!e.isTrigger){b.event.simulate([]"change"[],this.pare[] 
 []


Overfull \hbox (44.56839pt too wide) in paragraph at lines 533--533
[]      \T1/pcr/m/n/7 isSimulated||bv.isTrigger||(e.type!==[]"radio"[]&&e.type!
==[]"checkbox"[])){[]return[] bv.handleObj.handler.apply([]this[],arguments)[] 

 []


Overfull \hbox (23.5684pt too wide) in paragraph at lines 550--550
[]      \T1/pcr/m/n/7 delegate:[]function[]([][]e[][],bv,bx,bw){[]return[] this
.on(bv,e,bx,bw)},undelegate:[]function[]([][]e[][],bv,bw){[]return[] arguments.
length==[] 
 []


Overfull \hbox (23.5684pt too wide) in paragraph at lines 559--559
[]       \T1/pcr/m/n/7 scroll unload click dblclick mousedown mouseup mousemove
 mouseover mouseout mouseenter mouseleave change select[] 
 []


Overfull \hbox (270.85439pt too wide) in paragraph at lines 599--599
[]      \T1/pcr/m/n/7 )*)/g,bC="sizcache"+(Math.random()+"").replace(".",""),bI
=0,bL=Object.prototype.toString,bB=false,bA=true,bK=/$\OMS/cmsy/m/n/7 n$$n$\T1/
pcr/m/n/7 /g,bO=/$\OMS/cmsy/m/n/7 n$\T1/pcr/m/n/7 r$\OMS/cmsy/m/n/7 n$\T1/pcr/m
/n/7 n/g,bQ=/$\OMS/cmsy/m/n/7 n$\T1/pcr/m/n/7 W/;[0,0].sort(function(){bA=false
;return[] 
 []


Underfull \vbox (badness 10000) has occurred while \output is active []

[37]
Overfull \hbox (195.76828pt too wide) in paragraph at lines 599--599
[]      \T1/pcr/m/n/7 [b5]){b5=""}else{b4=bW.pop()}if(b4==null){b4=e}bE.relativ
e[b5](b6,b4,bT)}}else{b6=bW=[]}}if(!b6){b6=b3}if(!b6){by.error(b5||bV)}if(bL.ca
ll(b6)==="[object[] 
 []


Overfull \hbox (225.16826pt too wide) in paragraph at lines 599--599
[]      \T1/pcr/m/n/7 sh(b3[bX])}}}else{for(bX=0;b6[bX]!=null;bX++){if(b6[bX]&&
b6[bX].nodeType===1){bY.push(b3[bX])}}}}}else{bF(b6,bY)}if(bR){by(bR,b1,bY,bZ);
by.uniqueSort(bY)}return[] 
 []


Overfull \hbox (136.96832pt too wide) in paragraph at lines 599--599
[]       \T1/pcr/m/n/7 bY};by.uniqueSort=function(bR){if(bJ){bB=bA;bR.sort(bJ);
if(bB){for(var e=1;e<bR.length;e++){if(bR[e]===bR[e-1]){bR.splice(e--,1)}}}}ret
urn[] 
 []


Overfull \hbox (317.36266pt too wide) in paragraph at lines 599--599
[]       \T1/pcr/m/n/7 bW,bS,bU,bT,bV,bR;if(!bX){return[]}for(bS=0,bU=bE.order.
length;bS<bU;bS++){bV=bE.order[bS];if((bT=bE.leftMatch[bV].exec(bX))){bR=bT[1];
bT.splice(1,1);if(bR.substr(bR.length-1)!=="$\OMS/cmsy/m/n/7 n$$n$[] 
 []


Overfull \hbox (65.56837pt too wide) in paragraph at lines 599--599
[]      \T1/pcr/m/n/7 =(bT[1]||"").replace(bK,"");bW=bE.find[bV](bT,e,bY);if(bW
!=null){bX=bX.replace(bE.match[bV],"");break}}}}if(!bW){bW=typeof[] 
 []


Overfull \hbox (90.76836pt too wide) in paragraph at lines 599--599
[]       \T1/pcr/m/n/7 e.getElementsByTagName!=="undefined"?e.getElementsByTagN
ame("*"):[]}return{set:bW,expr:bX}};by.filter=function(b1,b0,b4,bU){var[] 
 []


Overfull \hbox (140.96278pt too wide) in paragraph at lines 599--599
[]       \T1/pcr/m/n/7 bE.filter){if((bW=bE.leftMatch[bZ].exec(b1))!=null&&bW[2
]){bR=bE.filter[bZ];bT=bW[1];e=false;bW.splice(1,1);if(bT.substr(bT.length-1)==
="$\OMS/cmsy/m/n/7 n$$n$[] 
 []


Overfull \hbox (447.7681pt too wide) in paragraph at lines 599--599
[]      \T1/pcr/m/n/7 }}else{if(b2){b5.push(b3);e=true}}}}}if(b6!==L){if(!b4){b
Y=b5}b1=b1.replace(bE.match[bZ],"");if(!e){return[]}break}}}if(b1===bS){if(e==n
ull){by.error(b1)}else{break}}bS=b1}return bY};by.error=function(e){throw new[]
 
 []


Overfull \hbox (69.76837pt too wide) in paragraph at lines 599--599
[]       \T1/pcr/m/n/7 bS,bT,e=bU.nodeType,bR="";if(e){if(e===1||e===9){if(type
of bU.textContent==="string"){return bU.textContent}else{if(typeof[] 
 []


Overfull \hbox (52.96838pt too wide) in paragraph at lines 599--599
[]       \T1/pcr/m/n/7 bU.innerText.replace(bO,"")}else{for(bU=bU.firstChild;bU
;bU=bU.nextSibling){bR+=bw(bU)}}}}else{if(e===3||e===4){return[] 
 []


Overfull \hbox (295.9516pt too wide) in paragraph at lines 599--599
[]       \T1/pcr/m/n/7 bU.nodeValue}}}else{for(bS=0;(bT=bU[bS]);bS++){if(bT.nod
eType!==8){bR+=bw(bT)}}}return bR};var bE=by.selectors={order:["ID","NAME","TAG
"],match:{ID:/#((?:[$\OMS/cmsy/m/n/7 n$\T1/pcr/m/n/7 w$\OMS/cmsy/m/n/7 n$\T1/pc
r/m/n/7 u00c0-$\OMS/cmsy/m/n/7 n$\T1/pcr/m/n/7 uFFFF$\OMS/cmsy/m/n/7 n$\T1/pcr/
m/n/7 -]|$\OMS/cmsy/m/n/7 n$$n$[] 
 []


Overfull \hbox (21.92412pt too wide) in paragraph at lines 599--599
[]      \T1/pcr/m/n/7 .)+)/,CLASS:/$\OMS/cmsy/m/n/7 n$\T1/pcr/m/n/7 .((?:[$\OMS
/cmsy/m/n/7 n$\T1/pcr/m/n/7 w$\OMS/cmsy/m/n/7 n$\T1/pcr/m/n/7 u00c0-$\OMS/cmsy/
m/n/7 n$\T1/pcr/m/n/7 uFFFF$\OMS/cmsy/m/n/7 n$\T1/pcr/m/n/7 -]|$\OMS/cmsy/m/n/7
 n$$n$\T1/pcr/m/n/7 .)+)/,NAME:/$\OMS/cmsy/m/n/7 n$\T1/pcr/m/n/7 [name=['[][]"]
*((?:[$\OMS/cmsy/m/n/7 n$\T1/pcr/m/n/7 w$\OMS/cmsy/m/n/7 n$\T1/pcr/m/n/7 u00c0-
$\OMS/cmsy/m/n/7 n$\T1/pcr/m/n/7 uFFFF$\OMS/cmsy/m/n/7 n$\T1/pcr/m/n/7 -]|$\OMS
/cmsy/m/n/7 n$$n$\T1/pcr/m/n/7 .)+)['"[]]*$\OMS/cmsy/m/n/7 n$\T1/pcr/m/n/7 ]/,A
TTR:/$\OMS/cmsy/m/n/7 n$\T1/pcr/m/n/7 [[] 
 []


Overfull \hbox (61.36838pt too wide) in paragraph at lines 604--605
[]      \T1/pcr/m/n/7 )?/},leftMatch:{},attrMap:{"[][]class[][]":"[]className[]
","[][]for[][]":"[]htmlFor[]"},attrHandle:{href:function(e){return e.getAttribu
te("[]href[]"[] 
 []


Overfull \hbox (346.96817pt too wide) in paragraph at lines 608--611
[]      \T1/pcr/m/n/7 (bU=bU.previousSibling)&&bU.nodeType!==1){}bW[bS]=bX||bU&
&bU.nodeName.toLowerCase()===bR?bU||false:bU===bR}}if(bX){by.filter(bR,bW,true)
}},"[]>[]":function(bW,bR){var bV,bU=typeof bR==="[][]string[][]"[] 
 []


Overfull \hbox (418.36812pt too wide) in paragraph at lines 611--612
[]      \T1/pcr/m/n/7 owerCase()===bR?bT:false}}}else{for(;bS<e;bS++){bV=bW[bS]
;if(bV){bW[bS]=bU?bV.parentNode:bV.parentNode===bR}}if(bU){by.filter(bR,bW,true
)}}},"[][]":function(bT,bR,bV){var bU,bS=bI++,e=bN;if(typeof bR==="[][]string[]
[]"[] 
 []


Overfull \hbox (99.16835pt too wide) in paragraph at lines 615--616
[]       \T1/pcr/m/n/7 e=bS.getElementById(bR[1]);return e&&e.parentNode?[e]:[]
}},NAME:function(bS,bV){if(typeof bV.getElementsByName!=="[]undefined[]"){var[]
 
 []


Overfull \hbox (36.1684pt too wide) in paragraph at lines 617--617
[]      \T1/pcr/m/n/7 )===bS[1]){bR.push(bU[bT])}}return bR.length===0?null:bR}
},TAG:function(e,bR){if(typeof bR.getElementsByTagName!=="[][] 
 []


Overfull \hbox (31.9684pt too wide) in paragraph at lines 619--620
[]      \T1/pcr/m/n/7 +bT[1].replace(bK,"[][]")+"[] []";if(bX){return bT}for(va
r bU=0,bV;(bV=bR[bU])!=null;bU++){if(bV){if(bW^(bV.className&&("[] [][] 
 []


Overfull \hbox (262.96823pt too wide) in paragraph at lines 621--622
[]      \T1/pcr/m/n/7 ).indexOf(bT)>=0)){if(!bS){e.push(bV)}}else{if(bS){bR[bU]
=false}}}}return false},ID:function(e){return e[1].replace(bK,"[][]")},TAG:func
tion(bR,e){return bR[1].replace(bK,"[][]"[] 
 []


Overfull \hbox (99.16835pt too wide) in paragraph at lines 626--627
[]      \T1/pcr/m/n/7 );if(!bW&&bE.attrMap[bT]){bU[1]=bE.attrMap[bT]}bU[4]=(bU[
4]||bU[5]||"[][]").replace(bK,"[][]");if(bU[2]==="[]~=[]"){bU[4]="[] []"+bU[4]+
"[] []"}return[] 
 []


Overfull \hbox (57.16838pt too wide) in paragraph at lines 630--630
[]      \T1/pcr/m/n/7 /.test(bU[3])){bU[3]=by(bU[3],null,null,bR)}else{var bT=b
y.filter(bU[3],bR,bS,true^bV);if(!bS){e.push.apply(e,bT)}return[] 
 []


Overfull \hbox (107.56834pt too wide) in paragraph at lines 630--630
[]       \T1/pcr/m/n/7 false}}else{if(bE.match.POS.test(bU[0])||bE.match.CHILD.
test(bU[0])){return true}}return bU},POS:function(e){e.unshift(true);return[] 
 []


Overfull \hbox (292.36821pt too wide) in paragraph at lines 634--634
[]       \T1/pcr/m/n/7 e.checked===true},selected:function(e){if(e.parentNode){
e.parentNode.selectedIndex}return e.selected===true},parent:function(e){return 
!!e.firstChild},empty:function(e){return[] 
 []


Overfull \hbox (78.16837pt too wide) in paragraph at lines 634--635
[]      \T1/pcr/m/n/7 /i).test(e.nodeName)},text:function(bS){var e=bS.getAttri
bute("[]type[]"),bR=bS.type;return bS.nodeName.toLowerCase()==="[]input[]"&&[] 

 []


Overfull \hbox (36.1684pt too wide) in paragraph at lines 637--638
[]      \T1/pcr/m/n/7 ===e.type},file:function(e){return e.nodeName.toLowerCase
()==="[]input[]"&&"[]file[]"===e.type},password:function(e){return[] 
 []


Overfull \hbox (90.76836pt too wide) in paragraph at lines 638--639
[]       \T1/pcr/m/n/7 e.nodeName.toLowerCase()==="[]input[]"&&"[]password[]"==
=e.type},submit:function(bR){var e=bR.nodeName.toLowerCase();return(e==="[]inpu
t[]"[] 
 []


Overfull \hbox (229.36826pt too wide) in paragraph at lines 647--647
[]       \T1/pcr/m/n/7 e===e.ownerDocument.activeElement}},setFilters:{first:fu
nction(bR,e){return e===0},last:function(bS,bR,e,bT){return bR===bT.length-1},e
ven:function(bR,e){return[] 
 []


Overfull \hbox (19.36841pt too wide) in paragraph at lines 647--647
[]       \T1/pcr/m/n/7 e%2===0},odd:function(bR,e){return e%2===1},lt:function(
bS,bR,e){return bR<e[3]-0},gt:function(bS,bR,e){return[] 
 []


Overfull \hbox (111.76834pt too wide) in paragraph at lines 647--648
[]       \T1/pcr/m/n/7 e[3]-0===bR}},filter:{PSEUDO:function(bS,bX,bW,bY){var e
=bX[1],bR=bE.filters[e];if(bR){return bR(bS,bW,bX,bY)}else{if(e==="[]contains[]
"[] 
 []


Underfull \vbox (badness 10000) has occurred while \output is active []

[38]
Overfull \hbox (15.16841pt too wide) in paragraph at lines 648--650
[]      \T1/pcr/m/n/7 ){return(bS.textContent||bS.innerText||bw([bS])||"[][]").
indexOf(bX[3])>=0}else{if(e==="[]not[]"){var bT=bX[3];for(var[] 
 []


Overfull \hbox (52.96838pt too wide) in paragraph at lines 650--650
[]       \T1/pcr/m/n/7 bV=0,bU=bT.length;bV<bU;bV++){if(bT[bV]===bS){return fal
se}}return true}else{by.error(e)}}}},CHILD:function(bS,bU){var[] 
 []


Overfull \hbox (19.36841pt too wide) in paragraph at lines 651--652
[]      \T1/pcr/m/n/7 :while((bR=bR.previousSibling)){if(bR.nodeType===1){retur
n false}}if(bX==="[]first[]"){return true}bR=bS;case"[]last[]"[] 
 []


Overfull \hbox (86.56836pt too wide) in paragraph at lines 652--655
[]      \T1/pcr/m/n/7 :while((bR=bR.nextSibling)){if(bR.nodeType===1){return fa
lse}}return true;case"[]nth[]":bT=bU[2];b0=bU[3];if(bT===1&&b0===0){return[] 
 []


Overfull \hbox (313.3682pt too wide) in paragraph at lines 655--655
[]      \T1/pcr/m/n/7 parentNode;if(bZ&&(bZ[bC]!==bW||!bS.nodeIndex)){bV=0;for(
bR=bZ.firstChild;bR;bR=bR.nextSibling){if(bR.nodeType===1){bR.nodeIndex=++bV}}b
Z[bC]=bW}bY=bS.nodeIndex-b0;if(bT===0){return[] 
 []


Overfull \hbox (128.56833pt too wide) in paragraph at lines 656--657
[]      \T1/pcr/m/n/7 )===e},TAG:function(bR,e){return(e==="[]*[]"&&bR.nodeType
===1)||!!bR.nodeName&&bR.nodeName.toLowerCase()===e},CLASS:function(bR,e){retur
n("[] []"[] 
 []


Overfull \hbox (65.56837pt too wide) in paragraph at lines 658--659
[]       \T1/pcr/m/n/7 bS=bT[1],e=by.attr?by.attr(bV,bS):bE.attrHandle[bS]?bE.a
ttrHandle[bS](bV):bV[bS]!=null?bV[bS]:bV.getAttribute(bS),bW=e+"[][]"[] 
 []


Overfull \hbox (69.76837pt too wide) in paragraph at lines 659--660
[]      \T1/pcr/m/n/7 ,bU=bT[2],bR=bT[4];return e==null?bU==="[]!=[]":!bU&&by.a
ttr?e!=null:bU==="[]=[]"?bW===bR:bU==="[]*=[]"?bW.indexOf(bR)>=0:bU==="[]~=[]"?
("[] [][] 
 []


Overfull \hbox (123.95726pt too wide) in paragraph at lines 663--667
[]       \T1/pcr/m/n/7 bD=bE.match.POS,bx=function(bR,e){return"[]$\OMS/cmsy/m/
n/7 n$$n$[]\T1/pcr/m/n/7 "+(e-0+1)};for(var bz in bE.match){bE.match[bz]=new Re
gExp(bE.match[bz].source+(/(?![^$\OMS/cmsy/m/n/7 n$\T1/pcr/m/n/7 []*$\OMS/cmsy/
m/n/7 n$\T1/pcr/m/n/7 ][] 
 []


Overfull \hbox (22.84903pt too wide) in paragraph at lines 667--667
[]      \T1/pcr/m/n/7 )(?![^$\OMS/cmsy/m/n/7 n$\T1/pcr/m/n/7 (]*$\OMS/cmsy/m/n/
7 n$\T1/pcr/m/n/7 ))/.source));bE.leftMatch[bz]=new RegExp(/(^(?:.|$\OMS/cmsy/m
/n/7 n$\T1/pcr/m/n/7 r|$\OMS/cmsy/m/n/7 n$\T1/pcr/m/n/7 n)*?)/.source+bE.match[
bz].source.replace(/$\OMS/cmsy/m/n/7 n$$n$\T1/pcr/m/n/7 ($\OMS/cmsy/m/n/7 n$\T1
/pcr/m/n/7 d[] 
 []


Overfull \hbox (435.1681pt too wide) in paragraph at lines 667--668
[]      \T1/pcr/m/n/7 R};try{Array.prototype.slice.call(av.documentElement.chil
dNodes,0)[0].nodeType}catch(bP){bF=function(bU,bT){var bS=0,bR=bT||[];if(bL.cal
l(bU)==="[][[]object[] Array][]"){Array.prototype.push.apply(bR,bU)}else{if(typ
eof[] 
 []


Overfull \hbox (250.36824pt too wide) in paragraph at lines 677--677
[]       \T1/pcr/m/n/7 bJ,bG;if(av.documentElement.compareDocumentPosition){bJ=
function(bR,e){if(bR===e){bB=true;return 0}if(!bR.compareDocumentPosition||!e.c
ompareDocumentPosition){return[] 
 []


Overfull \hbox (90.76836pt too wide) in paragraph at lines 677--677
[]       \T1/pcr/m/n/7 bR.compareDocumentPosition?-1:1}return bR.compareDocumen
tPosition(e)&4?-1:1}}else{bJ=function(bY,bX){if(bY===bX){bB=true;return[] 
 []


Overfull \hbox (94.96835pt too wide) in paragraph at lines 677--677
[]       \T1/pcr/m/n/7 bV,bR,bS=[],e=[],bU=bY.parentNode,bW=bX.parentNode,bZ=bU
;if(bU===bW){return bG(bY,bX)}else{if(!bU){return -1}else{if(!bW){return[] 
 []


Overfull \hbox (82.36836pt too wide) in paragraph at lines 677--677
[]       \T1/pcr/m/n/7 1}}}while(bZ){bS.unshift(bZ);bZ=bZ.parentNode}bZ=bW;whil
e(bZ){e.unshift(bZ);bZ=bZ.parentNode}bV=bS.length;bR=e.length;for(var[] 
 []


Overfull \hbox (111.76834pt too wide) in paragraph at lines 677--677
[]       \T1/pcr/m/n/7 bT===bV?bG(bY,e[bT],-1):bG(bS[bT],bX,1)};bG=function(bR,
e,bS){if(bR===e){return bS}var bT=bR.nextSibling;while(bT){if(bT===e){return[] 

 []


Overfull \hbox (141.16832pt too wide) in paragraph at lines 679--680
[]      \T1/pcr/m/n/7 ;e.insertBefore(bR,e.firstChild);if(av.getElementById(bS)
){bE.find.ID=function(bU,bV,bW){if(typeof bV.getElementById!=="[]undefined[]"&&
!bW){var[] 
 []


Overfull \hbox (57.16838pt too wide) in paragraph at lines 680--681
[]       \T1/pcr/m/n/7 bT=bV.getElementById(bU[1]);return bT?bT.id===bU[1]||typ
eof bT.getAttributeNode!=="[]undefined[]"&&bT.getAttributeNode("[][]id[][]"[] 
 []


Overfull \hbox (65.56837pt too wide) in paragraph at lines 682--683
[]      \T1/pcr/m/n/7 &&bV.getAttributeNode("[][]id[][]");return bV.nodeType===
1&&bU&&bU.nodeValue===bT}}e.removeChild(bR);e=bR=null})();(function(){var[] 
 []


Overfull \hbox (19.36841pt too wide) in paragraph at lines 684--685
[]      \T1/pcr/m/n/7 ).length>0){bE.find.TAG=function(bR,bV){var bU=bV.getElem
entsByTagName(bR[1]);if(bR[1]==="[]*[]"){var bT=[];for(var[] 
 []


Overfull \hbox (136.96832pt too wide) in paragraph at lines 688--689
[]      \T1/pcr/m/n/7 ,2)}}e=null})();if(av.querySelectorAll){(function(){var e
=by,bT=av.createElement("[]div[]"),bS="[]__sizzle__[]";bT.innerHTML="[]<[][]p[]
[] []class[]=[]'TEST'[]></p>[]"[] 
 []


Overfull \hbox (43.95178pt too wide) in paragraph at lines 692--692
[]      \T1/pcr/m/n/7 ).length===0){return}by=function(b4,bV,bZ,b3){bV=bV||av;i
f(!b3&&!by.isXML(bV)){var b2=/^($\OMS/cmsy/m/n/7 n$\T1/pcr/m/n/7 w+$)|^$\OMS/cm
sy/m/n/7 n$\T1/pcr/m/n/7 .([$\OMS/cmsy/m/n/7 n$\T1/pcr/m/n/7 w$\OMS/cmsy/m/n/7 
n$\T1/pcr/m/n/7 -]+$)|^#([$\OMS/cmsy/m/n/7 n$\T1/pcr/m/n/7 w$\OMS/cmsy/m/n/7 n$
\T1/pcr/m/n/7 -[] 
 []


Overfull \hbox (363.76816pt too wide) in paragraph at lines 692--695
[]       \T1/pcr/m/n/7 bF(bV.getElementsByTagName(b4),bZ)}else{if(b2[2]&&bE.fin
d.CLASS&&bV.getElementsByClassName){return bF(bV.getElementsByClassName(b2[2]),
bZ)}}}if(bV.nodeType===9){if(b4==="[]body[]"&&bV.body){return[] 
 []


Overfull \hbox (36.1684pt too wide) in paragraph at lines 695--695
[]       \T1/pcr/m/n/7 bF([bV.body],bZ)}else{if(b2&&b2[3]){var bY=bV.getElement
ById(b2[3]);if(bY&&bY.parentNode){if(bY.id===b2[3]){return[] 
 []


Overfull \hbox (141.16832pt too wide) in paragraph at lines 695--696
[]       \T1/pcr/m/n/7 bF(bV.querySelectorAll(b4),bZ)}catch(b0){}}else{if(bV.no
deType===1&&bV.nodeName.toLowerCase()!=="[][]object[][]"){var bW=bV,bX=bV.getAt
tribute("[][]id[][]"[] 
 []


Overfull \hbox (35.86009pt too wide) in paragraph at lines 696--697
[]      \T1/pcr/m/n/7 ),bU=bX||bS,b6=bV.parentNode,b5=/^$\OMS/cmsy/m/n/7 n$\T1/
pcr/m/n/7 s*[+~]/.test(b4);if(!bX){bV.setAttribute("[][]id[][]",bU)}else{bU=bU.
replace(/'/g,"[]$\OMS/cmsy/m/n/7 n$$n$\T1/pcr/m/n/7 $&[]"[] 
 []


Overfull \hbox (456.16809pt too wide) in paragraph at lines 700--700
[]       \T1/pcr/m/n/7 e=av.documentElement,bS=e.matchesSelector||e.mozMatchesS
elector||e.webkitMatchesSelector||e.msMatchesSelector;if(bS){var bU=!bS.call(av
.createElement("[]div[]"),"[]div[]"),bR=false;try{bS.call(av.documentElement,"[
][test!=[]''[][] 
 []


Overfull \hbox (27.7684pt too wide) in paragraph at lines 702--702
[]      \T1/pcr/m/n/7 ='$1']"[]);[]if[](!by.isXML(bW)){[]try[]{[]if[](bR||!bE.m
atch.PSEUDO.test(bY)&&!/!=/.test(bY)){var bV=bS.call(bW,bY);[]if[](bV||!bU[] 
 []


Overfull \hbox (15.16841pt too wide) in paragraph at lines 710--710
[]      \T1/pcr/m/n/7 nodeName.toLowerCase()===bW){bU=[][]e[][];[]break[]}e=e[b
R]}bZ[bT]=bU}}}[]function[] bN(bR,bW,bV,bZ,bX,bY){[]for[](var bT=0,bS=bZ.[] 
 []


Overfull \hbox (15.16841pt too wide) in paragraph at lines 711--711
[]      \T1/pcr/m/n/7 length;bT<bS;bT++){var e=bZ[bT];[]if[](e){var bU=[]false[
];e=e[bR];[]while[](e){[]if[](e[bC]===bV){bU=bZ[e.sizset];[]break[]}[]if[](e.[]
 
 []


Overfull \hbox (19.36841pt too wide) in paragraph at lines 713--713
[]      \T1/pcr/m/n/7 filter(bW,[e]).length>0){bU=[][]e[][];[]break[]}}}e=e[bR]
}bZ[bT]=bU}}}[]if[](av.documentElement.contains){by.contains=[]function[]([] 
 []


Overfull \hbox (19.36841pt too wide) in paragraph at lines 724--724
[]      \T1/pcr/m/n/7 return[] [][]b[][](e).filter([]function[](){[]for[](by=0,
bv=bw.length;by<bv;by++){if(b.contains(bw[by],this)){return true}}})}var[] 
 []


Underfull \vbox (badness 10000) has occurred while \output is active []

[39]
Overfull \hbox (220.8655pt too wide) in paragraph at lines 765--765
[]      \T1/pcr/m/n/7 abbr|article|aside|audio|canvas|datalist|details|figcapti
on|figure|footer|header|hgroup|mark|meter|nav|output|progress|section|summary|t
ime|video"[],ag=/ jQuery$\OMS/cmsy/m/n/7 n$[] 
 []


Overfull \hbox (31.9684pt too wide) in paragraph at lines 770--770
[]      \T1/pcr/m/n/7 </fieldset>"[]],thead:[1,[]"<table>"[],[]"</table>"[]],tr
:[2,[]"<table><tbody>"[],[]"</tbody></table>"[]],td:[3,[]"<table><tbody><tr>"[]
[] 
 []


Overfull \hbox (36.1684pt too wide) in paragraph at lines 787--787
[]      \T1/pcr/m/n/7 firstChild)}})},before:[]function[](){[]if[]([]this[][0]&
&[]this[][0].parentNode){[]return[] this.domManip(arguments,[]false[],[]functio
n[](bv)[] 
 []


Overfull \hbox (31.9684pt too wide) in paragraph at lines 790--791
[]      \T1/pcr/m/n/7 parentNode){[]return[] this.domManip(arguments,[]false[],
[]function[](bv){this.parentNode.insertBefore(bv,this.nextSibling)})}[][] 
 []


Overfull \hbox (19.36841pt too wide) in paragraph at lines 796--796
[]      \T1/pcr/m/n/7 firstChild){bv.removeChild(bv.firstChild)}}[]return[] []t
his[]},clone:[]function[](bv,[][]e[][]){bv=bv==null?[]false[]:bv;e=e==null?bv:[
] 
 []


Underfull \vbox (badness 10000) has occurred while \output is active []

[40]
Overfull \hbox (31.9684pt too wide) in paragraph at lines 822--822
[]      \T1/pcr/m/n/7 nodeName.toLowerCase();[]if[](bw===[]"object"[]){e.outerH
TML=bv.outerHTML}[]else[]{[]if[](bw===[]"input"[]&&(bv.type===[]"checkbox"[]||b
v.[] 
 []


Overfull \hbox (52.96838pt too wide) in paragraph at lines 836--836
[]      \T1/pcr/m/n/7 getElementsByTagName([]"*"[])}[]else[]{[]if[](typeof e.qu
erySelectorAll!==[]"undefined"[]){[]return[] e.querySelectorAll([]"*"[])}[]else
[]{[]return[][][] 
 []


Overfull \hbox (19.36841pt too wide) in paragraph at lines 846--847
[]      \T1/pcr/m/n/7 ownerDocument||av}var bI=[],bB;[]for[](var bE=0,bz;(bz=bw
[bE])!=null;bE++){[]if[](typeof bz===[]"number"[]){bz+=[]""[]}[]if[](!bz){[][] 

 []


Overfull \hbox (23.5684pt too wide) in paragraph at lines 850--850
[]      \T1/pcr/m/n/7 lastChild}[]if[](![][]b[][].support.tbody){var e=w.test(b
z),bC=bK===[]"table"[]&&!e?bv.firstChild&&bv.firstChild.childNodes:bx[1[] 
 []


Overfull \hbox (23.5684pt too wide) in paragraph at lines 865--865
[]      \T1/pcr/m/n/7 script"[]})}[]else[]{[][]b[][].globalEval((bv.text||bv.te
xtContent||bv.innerHTML||[]""[]).replace(aN,[]"/*$0*/"[]))}[]if[](bv.parentNode
){[] 
 []

[41]) (./all__0_8js.tex) (./all__1_8js.tex [42]) (./all__2_8js.tex) (./all__3_8
js.tex) (./all__4_8js.tex [43]) (./all__5_8js.tex) (./all__6_8js.tex) (./classe
s__0_8js.tex [44]) (./classes__1_8js.tex) (./classes__2_8js.tex) (./classes__3_
8js.tex [45]) (./files__0_8js.tex) (./functions__0_8js.tex) (./functions__1_8js
.tex [46]) (./functions__2_8js.tex) (./functions__3_8js.tex) (./functions__4_8j
s.tex [47]) (./namespaces__0_8js.tex) (./search_8js.tex [48]) (./searchdata_8js
.tex [49]) (./add_course_8py.tex) (./query_and_match_courses_8py.tex) (./query_
and_match_sections_8py.tex [50]) (./remove_course_8py.tex) (./return_course_lis
t_8py.tex) (./return_matches_by_course_8py.tex [51]) (./return_matches_by_secti
on_8py.tex) (./return_sections_list_8py.tex) (./return_student_data_8py.tex [52
]) (./models_8py.tex) (./dict__helper_8py.tex) (./tests_8py.tex) (./match_app_2
urls_8py.tex) (./_platypus_2urls_8py.tex [53]) (./views_8py.tex) (./settings_8p
y.tex [54]) (./wsgi_8py.tex) (./populate_8py.tex) (./bootstrap_8js.tex [55]

LaTeX Font Warning: Font shape `T1/pcr/bc/it' undefined
(Font)              using `T1/pcr/bc/n' instead on input line 36.

LaTeX Font Info:    Try loading font information for TS1+pcr on input line 36.
(/usr/local/texlive/2014/texmf-dist/tex/latex/psnfss/ts1pcr.fd
File: ts1pcr.fd 2001/06/04 font definitions for TS1/pcr.
)

LaTeX Font Warning: Font shape `TS1/pcr/bc/it' undefined
(Font)              using `TS1/pcr/m/n' instead
(Font)              for symbol `textquotesingle' on input line 36.

[56]) (./bootstrap_8min_8js.tex
Underfull \hbox (badness 10000) in paragraph at lines 27--29
[][][]\T1/phv/m/n/10 a[][] fn [][]emulate[]Transition[]End[][] =func-tion([][]b
[][]){var [][]c[][]=!1,[][]d[][]=this;[][]a[][](this).one("bs[]Transition[]End"
,function(){[][]c[][]=!0});var
 []


Underfull \hbox (badness 10000) in paragraph at lines 37--39
\T1/phv/m/n/10 attr("data-target");f$\OMS/cmsy/m/n/10 j$$j$\T1/phv/m/n/10 (f=e.
[]attr("href"),f=f&&f.[]replace(/.$\OMS/cmsy/m/n/10 ^^C$\T1/phv/m/n/10 (?=#[]$[
]$\s[]$\OMS/cmsy/m/n/10 ^^C$\T1/phv/m/n/10 $)/,""));var g=[][]a[][](f);[][]b[][
]&&b.[]prevent[]Default(),g.[]
 []


Underfull \hbox (badness 10000) in paragraph at lines 37--39
\T1/phv/m/n/10 support.[]transition&&[][]g.[]has[]Class[][]("fade")?g.[]one("bs
[]Transition[]End",c).[][]emulate[]Transition[]End[][]([][]d.[]T[]R[]A[]N[]S[]I
[]T[]I[]O[]N[]_[][]D[]U[]
 []


Underfull \hbox (badness 6110) in paragraph at lines 49--51
[][][]\T1/phv/m/n/10 c[][] [][]c[][] [][]c[][] pro-to-type [][]set[]State[][] =
func-tion([][]b[][]){var [][]c[][]="disabled",d=this.$element,[][]e[][]=d.[]is(
"input")?"val"[]:"html",f=d.[]
 []


Underfull \hbox (badness 10000) in paragraph at lines 51--53
\T1/phv/m/n/10 length){var [][]c[][]=this.$element.[]find("input");"radio"==c.[
]prop("type")&&(c.[]prop("checked")&&this.$element.[]has[]
 []


Overfull \hbox (102.72327pt too wide) in paragraph at lines 51--53
\T1/phv/m/n/10 Class("active")?a=!1[]:b.[]find(".active").remove[]Class("active
")),a&&c.[]prop("checked",!this.$element.[]has[]Class("active")).trigger("chang
e")}else
 []

[57] [58]) (./npm_8js.tex) [59] [60

] (./refman.ind [61


]
Underfull \hbox (badness 10000) in paragraph at lines 161--163
[]| \T1/phv/m/n/10 match[]App[]::matching[]Algorithm[]::query[]And[]Match[]
 []


Underfull \hbox (badness 10000) in paragraph at lines 163--165
[]| \T1/phv/m/n/10 match[]App[]::matching[]Algorithm[]::query[]And[]Match[]
 []


Underfull \hbox (badness 10000) in paragraph at lines 169--171
[]| \T1/phv/m/n/10 match[]App[]::matching[]Algorithm[]::return[]Matches[]By[]
 []


Underfull \hbox (badness 10000) in paragraph at lines 171--173
[]| \T1/phv/m/n/10 match[]App[]::matching[]Algorithm[]::return[]Matches[]By[]
 []


Underfull \hbox (badness 10000) in paragraph at lines 173--175
[]| \T1/phv/m/n/10 match[]App[]::matching[]Algorithm[]::return[]Sections[]List,

 []


Underfull \hbox (badness 10000) in paragraph at lines 175--177
[]| \T1/phv/m/n/10 match[]App[]::matching[]Algorithm[]::return[]Student[]Data,
 []

[62]
Underfull \hbox (badness 10000) in paragraph at lines 297--299
[]| \T1/phv/m/n/10 match[]App[]::matching[]Algorithm[]::return[]Matches[]By[]
 []


Underfull \hbox (badness 10000) in paragraph at lines 309--311
[]\T1/phv/m/n/10 match[]App.[]matching[]Algorithm.[]query[]And[]Match[]Courses,

 []


Underfull \hbox (badness 10000) in paragraph at lines 311--313
[]\T1/phv/m/n/10 match[]App.[]matching[]Algorithm.[]query[]And[]Match[]Sections
,
 []


Underfull \hbox (badness 10000) in paragraph at lines 317--319
[]\T1/phv/m/n/10 match[]App.[]matching[]Algorithm.[]return[]Matches[]By[]Course
,
 []


Underfull \hbox (badness 10000) in paragraph at lines 319--321
[]\T1/phv/m/n/10 match[]App.[]matching[]Algorithm.[]return[]Matches[]By[]Sectio
n,
 []

[63]
Underfull \hbox (badness 10000) in paragraph at lines 363--365
[]\T1/phv/m/n/10 match[]App/matching[]Algorithm/query[]And[]Match[]Courses.[]
 []


Underfull \hbox (badness 10000) in paragraph at lines 365--367
[]\T1/phv/m/n/10 match[]App/matching[]Algorithm/query[]And[]Match[]Sections.[]
 []


Underfull \hbox (badness 10000) in paragraph at lines 371--373
[]\T1/phv/m/n/10 match[]App/matching[]Algorithm/return[]Matches[]By[]Course.[]
 []


Underfull \hbox (badness 10000) in paragraph at lines 373--375
[]\T1/phv/m/n/10 match[]App/matching[]Algorithm/return[]Matches[]By[]Section.[]

 []

[64]
Underfull \hbox (badness 10000) in paragraph at lines 515--517
[]| \T1/phv/m/n/10 match[]App[]::matching[]Algorithm[]::query[]And[]Match[]
 []


Underfull \hbox (badness 10000) in paragraph at lines 518--520
[]| \T1/phv/m/n/10 match[]App[]::matching[]Algorithm[]::query[]And[]Match[]
 []


Underfull \hbox (badness 10000) in paragraph at lines 536--538
[]| \T1/phv/m/n/10 match[]App[]::matching[]Algorithm[]::return[]Matches[]By[]
 []


Underfull \hbox (badness 10000) in paragraph at lines 539--541
[]| \T1/phv/m/n/10 match[]App[]::matching[]Algorithm[]::return[]Matches[]By[]
 []


Underfull \hbox (badness 10000) in paragraph at lines 542--544
[]| \T1/phv/m/n/10 match[]App[]::matching[]Algorithm[]::return[]Sections[]List,

 []


Underfull \hbox (badness 10000) in paragraph at lines 545--547
[]| \T1/phv/m/n/10 match[]App[]::matching[]Algorithm[]::return[]Student[]Data,
 []

[65] [66])
Package atveryend Info: Empty hook `BeforeClearDocument' on input line 243.
Package atveryend Info: Empty hook `AfterLastShipout' on input line 243.
(./refman.aux)
Package atveryend Info: Executing hook `AtVeryEndDocument' on input line 243.
Package atveryend Info: Executing hook `AtEndAfterFileList' on input line 243.
Package rerunfilecheck Info: File `refman.out' has not changed.
(rerunfilecheck)             Checksum: F5DBBD26A66D7C0C13648E11CE277F69;71225.

LaTeX Font Warning: Some font shapes were not available, defaults substituted.

Package atveryend Info: Empty hook `AtVeryVeryEnd' on input line 243.
 ) 
Here is how much of TeX's memory you used:
 14518 strings out of 493117
 224638 string characters out of 6135433
 320077 words of memory out of 5000000
 16803 multiletter control sequences out of 15000+600000
 62880 words of font info for 71 fonts, out of 8000000 for 9000
 1141 hyphenation exceptions out of 8191
 48i,16n,43p,3942b,510s stack positions out of 5000i,500n,10000p,200000b,80000s
{/usr/local/texlive/2014/texmf-dist/fonts/enc/dvips/base/8r.enc}</usr/local/t
exlive/2014/texmf-dist/fonts/type1/public/amsfonts/cm/cmmi10.pfb></usr/local/te
xlive/2014/texmf-dist/fonts/type1/public/amsfonts/cm/cmmi7.pfb></usr/local/texl
ive/2014/texmf-dist/fonts/type1/public/amsfonts/cm/cmsy10.pfb></usr/local/texli
ve/2014/texmf-dist/fonts/type1/public/amsfonts/cm/cmsy7.pfb></usr/local/texlive
/2014/texmf-dist/fonts/type1/urw/courier/ucrr8a.pfb></usr/local/texlive/2014/te
xmf-dist/fonts/type1/urw/helvetic/uhvb8a.pfb></usr/local/texlive/2014/texmf-dis
t/fonts/type1/urw/helvetic/uhvb8ac.pfb></usr/local/texlive/2014/texmf-dist/font
s/type1/urw/helvetic/uhvbo8ac.pfb></usr/local/texlive/2014/texmf-dist/fonts/typ
e1/urw/helvetic/uhvr8a.pfb></usr/local/texlive/2014/texmf-dist/fonts/type1/urw/
helvetic/uhvro8a.pfb>
Output written on refman.pdf (78 pages, 354411 bytes).
PDF statistics:
 4297 PDF objects out of 5155 (max. 8388607)
 4157 compressed objects within 42 object streams
 766 named destinations out of 1000 (max. 500000)
 2709 words of extra memory for PDF output out of 10000 (max. 10000000)

