\BOOKMARK [0][-]{chapter.1}{\376\377\0001\000\040\000N\000a\000m\000e\000s\000p\000a\000c\000e\000\040\000I\000n\000d\000e\000x}{}% 1
\BOOKMARK [1][-]{section.1.1}{\376\377\0001\000.\0001\000\040\000N\000a\000m\000e\000s\000p\000a\000c\000e\000\040\000L\000i\000s\000t}{chapter.1}% 2
\BOOKMARK [0][-]{chapter.2}{\376\377\0002\000\040\000H\000i\000e\000r\000a\000r\000c\000h\000i\000c\000a\000l\000\040\000I\000n\000d\000e\000x}{}% 3
\BOOKMARK [1][-]{section.2.1}{\376\377\0002\000.\0001\000\040\000C\000l\000a\000s\000s\000\040\000H\000i\000e\000r\000a\000r\000c\000h\000y}{chapter.2}% 4
\BOOKMARK [0][-]{chapter.3}{\376\377\0003\000\040\000C\000l\000a\000s\000s\000\040\000I\000n\000d\000e\000x}{}% 5
\BOOKMARK [1][-]{section.3.1}{\376\377\0003\000.\0001\000\040\000C\000l\000a\000s\000s\000\040\000L\000i\000s\000t}{chapter.3}% 6
\BOOKMARK [0][-]{chapter.4}{\376\377\0004\000\040\000F\000i\000l\000e\000\040\000I\000n\000d\000e\000x}{}% 7
\BOOKMARK [1][-]{section.4.1}{\376\377\0004\000.\0001\000\040\000F\000i\000l\000e\000\040\000L\000i\000s\000t}{chapter.4}% 8
\BOOKMARK [0][-]{chapter.5}{\376\377\0005\000\040\000N\000a\000m\000e\000s\000p\000a\000c\000e\000\040\000D\000o\000c\000u\000m\000e\000n\000t\000a\000t\000i\000o\000n}{}% 9
\BOOKMARK [1][-]{section.5.1}{\376\377\0005\000.\0001\000\040\000m\000a\000n\000a\000g\000e\000\040\000N\000a\000m\000e\000s\000p\000a\000c\000e\000\040\000R\000e\000f\000e\000r\000e\000n\000c\000e}{chapter.5}% 10
\BOOKMARK [1][-]{section.5.2}{\376\377\0005\000.\0002\000\040\000m\000a\000t\000c\000h\000A\000p\000p\000\040\000N\000a\000m\000e\000s\000p\000a\000c\000e\000\040\000R\000e\000f\000e\000r\000e\000n\000c\000e}{chapter.5}% 11
\BOOKMARK [1][-]{section.5.3}{\376\377\0005\000.\0003\000\040\000m\000a\000t\000c\000h\000A\000p\000p\000.\000a\000d\000m\000i\000n\000\040\000N\000a\000m\000e\000s\000p\000a\000c\000e\000\040\000R\000e\000f\000e\000r\000e\000n\000c\000e}{chapter.5}% 12
\BOOKMARK [1][-]{section.5.4}{\376\377\0005\000.\0004\000\040\000m\000a\000t\000c\000h\000A\000p\000p\000.\000f\000o\000r\000m\000s\000\040\000N\000a\000m\000e\000s\000p\000a\000c\000e\000\040\000R\000e\000f\000e\000r\000e\000n\000c\000e}{chapter.5}% 13
\BOOKMARK [2][-]{subsection.5.4.1}{\376\377\0005\000.\0004\000.\0001\000\040\000D\000e\000t\000a\000i\000l\000e\000d\000\040\000D\000e\000s\000c\000r\000i\000p\000t\000i\000o\000n}{section.5.4}% 14
\BOOKMARK [1][-]{section.5.5}{\376\377\0005\000.\0005\000\040\000m\000a\000t\000c\000h\000A\000p\000p\000.\000m\000a\000t\000c\000h\000i\000n\000g\000A\000l\000g\000o\000r\000i\000t\000h\000m\000\040\000N\000a\000m\000e\000s\000p\000a\000c\000e\000\040\000R\000e\000f\000e\000r\000e\000n\000c\000e}{chapter.5}% 15
\BOOKMARK [1][-]{section.5.6}{\376\377\0005\000.\0006\000\040\000m\000a\000t\000c\000h\000A\000p\000p\000.\000m\000a\000t\000c\000h\000i\000n\000g\000A\000l\000g\000o\000r\000i\000t\000h\000m\000.\000a\000d\000d\000C\000o\000u\000r\000s\000e\000\040\000N\000a\000m\000e\000s\000p\000a\000c\000e\000\040\000R\000e\000f\000e\000r\000e\000n\000c\000e}{chapter.5}% 16
\BOOKMARK [2][-]{subsection.5.6.1}{\376\377\0005\000.\0006\000.\0001\000\040\000D\000e\000t\000a\000i\000l\000e\000d\000\040\000D\000e\000s\000c\000r\000i\000p\000t\000i\000o\000n}{section.5.6}% 17
\BOOKMARK [2][-]{subsection.5.6.2}{\376\377\0005\000.\0006\000.\0002\000\040\000F\000u\000n\000c\000t\000i\000o\000n\000\040\000D\000o\000c\000u\000m\000e\000n\000t\000a\000t\000i\000o\000n}{section.5.6}% 18
\BOOKMARK [3][-]{subsubsection.5.6.2.1}{\376\377\0005\000.\0006\000.\0002\000.\0001\000\040\000a\000d\000d\000C\000o\000u\000r\000s\000e}{subsection.5.6.2}% 19
\BOOKMARK [2][-]{subsection.5.6.3}{\376\377\0005\000.\0006\000.\0003\000\040\000V\000a\000r\000i\000a\000b\000l\000e\000\040\000D\000o\000c\000u\000m\000e\000n\000t\000a\000t\000i\000o\000n}{section.5.6}% 20
\BOOKMARK [3][-]{subsubsection.5.6.3.1}{\376\377\0005\000.\0006\000.\0003\000.\0001\000\040\000d\000i\000r\000e\000c\000t\000o\000r\000y}{subsection.5.6.3}% 21
\BOOKMARK [1][-]{section.5.7}{\376\377\0005\000.\0007\000\040\000m\000a\000t\000c\000h\000A\000p\000p\000.\000m\000a\000t\000c\000h\000i\000n\000g\000A\000l\000g\000o\000r\000i\000t\000h\000m\000.\000q\000u\000e\000r\000y\000A\000n\000d\000M\000a\000t\000c\000h\000C\000o\000u\000r\000s\000e\000s\000\040\000N\000a\000m\000e\000s\000p\000a\000c\000e\000\040\000R\000e\000f\000e\000r\000e\000n\000c\000e}{chapter.5}% 22
\BOOKMARK [2][-]{subsection.5.7.1}{\376\377\0005\000.\0007\000.\0001\000\040\000D\000e\000t\000a\000i\000l\000e\000d\000\040\000D\000e\000s\000c\000r\000i\000p\000t\000i\000o\000n}{section.5.7}% 23
\BOOKMARK [2][-]{subsection.5.7.2}{\376\377\0005\000.\0007\000.\0002\000\040\000F\000u\000n\000c\000t\000i\000o\000n\000\040\000D\000o\000c\000u\000m\000e\000n\000t\000a\000t\000i\000o\000n}{section.5.7}% 24
\BOOKMARK [3][-]{subsubsection.5.7.2.1}{\376\377\0005\000.\0007\000.\0002\000.\0001\000\040\000q\000u\000e\000r\000y\000A\000n\000d\000M\000a\000t\000c\000h\000C\000o\000u\000r\000s\000e\000s}{subsection.5.7.2}% 25
\BOOKMARK [2][-]{subsection.5.7.3}{\376\377\0005\000.\0007\000.\0003\000\040\000V\000a\000r\000i\000a\000b\000l\000e\000\040\000D\000o\000c\000u\000m\000e\000n\000t\000a\000t\000i\000o\000n}{section.5.7}% 26
\BOOKMARK [3][-]{subsubsection.5.7.3.1}{\376\377\0005\000.\0007\000.\0003\000.\0001\000\040\000d\000i\000r\000e\000c\000t\000o\000r\000y}{subsection.5.7.3}% 27
\BOOKMARK [1][-]{section.5.8}{\376\377\0005\000.\0008\000\040\000m\000a\000t\000c\000h\000A\000p\000p\000.\000m\000a\000t\000c\000h\000i\000n\000g\000A\000l\000g\000o\000r\000i\000t\000h\000m\000.\000q\000u\000e\000r\000y\000A\000n\000d\000M\000a\000t\000c\000h\000S\000e\000c\000t\000i\000o\000n\000s\000\040\000N\000a\000m\000e\000s\000p\000a\000c\000e\000\040\000R\000e\000f\000e\000r\000e\000n\000c\000e}{chapter.5}% 28
\BOOKMARK [2][-]{subsection.5.8.1}{\376\377\0005\000.\0008\000.\0001\000\040\000D\000e\000t\000a\000i\000l\000e\000d\000\040\000D\000e\000s\000c\000r\000i\000p\000t\000i\000o\000n}{section.5.8}% 29
\BOOKMARK [2][-]{subsection.5.8.2}{\376\377\0005\000.\0008\000.\0002\000\040\000F\000u\000n\000c\000t\000i\000o\000n\000\040\000D\000o\000c\000u\000m\000e\000n\000t\000a\000t\000i\000o\000n}{section.5.8}% 30
\BOOKMARK [3][-]{subsubsection.5.8.2.1}{\376\377\0005\000.\0008\000.\0002\000.\0001\000\040\000q\000u\000e\000r\000y\000A\000n\000d\000M\000a\000t\000c\000h\000S\000e\000c\000t\000i\000o\000n\000s}{subsection.5.8.2}% 31
\BOOKMARK [2][-]{subsection.5.8.3}{\376\377\0005\000.\0008\000.\0003\000\040\000V\000a\000r\000i\000a\000b\000l\000e\000\040\000D\000o\000c\000u\000m\000e\000n\000t\000a\000t\000i\000o\000n}{section.5.8}% 32
\BOOKMARK [3][-]{subsubsection.5.8.3.1}{\376\377\0005\000.\0008\000.\0003\000.\0001\000\040\000d\000i\000r\000e\000c\000t\000o\000r\000y}{subsection.5.8.3}% 33
\BOOKMARK [1][-]{section.5.9}{\376\377\0005\000.\0009\000\040\000m\000a\000t\000c\000h\000A\000p\000p\000.\000m\000a\000t\000c\000h\000i\000n\000g\000A\000l\000g\000o\000r\000i\000t\000h\000m\000.\000r\000e\000m\000o\000v\000e\000C\000o\000u\000r\000s\000e\000\040\000N\000a\000m\000e\000s\000p\000a\000c\000e\000\040\000R\000e\000f\000e\000r\000e\000n\000c\000e}{chapter.5}% 34
\BOOKMARK [2][-]{subsection.5.9.1}{\376\377\0005\000.\0009\000.\0001\000\040\000D\000e\000t\000a\000i\000l\000e\000d\000\040\000D\000e\000s\000c\000r\000i\000p\000t\000i\000o\000n}{section.5.9}% 35
\BOOKMARK [2][-]{subsection.5.9.2}{\376\377\0005\000.\0009\000.\0002\000\040\000F\000u\000n\000c\000t\000i\000o\000n\000\040\000D\000o\000c\000u\000m\000e\000n\000t\000a\000t\000i\000o\000n}{section.5.9}% 36
\BOOKMARK [3][-]{subsubsection.5.9.2.1}{\376\377\0005\000.\0009\000.\0002\000.\0001\000\040\000m\000a\000i\000n}{subsection.5.9.2}% 37
\BOOKMARK [3][-]{subsubsection.5.9.2.2}{\376\377\0005\000.\0009\000.\0002\000.\0002\000\040\000r\000e\000m\000o\000v\000e\000C\000o\000u\000r\000s\000e}{subsection.5.9.2}% 38
\BOOKMARK [2][-]{subsection.5.9.3}{\376\377\0005\000.\0009\000.\0003\000\040\000V\000a\000r\000i\000a\000b\000l\000e\000\040\000D\000o\000c\000u\000m\000e\000n\000t\000a\000t\000i\000o\000n}{section.5.9}% 39
\BOOKMARK [3][-]{subsubsection.5.9.3.1}{\376\377\0005\000.\0009\000.\0003\000.\0001\000\040\000d\000i\000r\000e\000c\000t\000o\000r\000y}{subsection.5.9.3}% 40
\BOOKMARK [1][-]{section.5.10}{\376\377\0005\000.\0001\0000\000\040\000m\000a\000t\000c\000h\000A\000p\000p\000.\000m\000a\000t\000c\000h\000i\000n\000g\000A\000l\000g\000o\000r\000i\000t\000h\000m\000.\000r\000e\000t\000u\000r\000n\000C\000o\000u\000r\000s\000e\000L\000i\000s\000t\000\040\000N\000a\000m\000e\000s\000p\000a\000c\000e\000\040\000R\000e\000f\000e\000r\000e\000n\000c\000e}{chapter.5}% 41
\BOOKMARK [2][-]{subsection.5.10.1}{\376\377\0005\000.\0001\0000\000.\0001\000\040\000D\000e\000t\000a\000i\000l\000e\000d\000\040\000D\000e\000s\000c\000r\000i\000p\000t\000i\000o\000n}{section.5.10}% 42
\BOOKMARK [2][-]{subsection.5.10.2}{\376\377\0005\000.\0001\0000\000.\0002\000\040\000F\000u\000n\000c\000t\000i\000o\000n\000\040\000D\000o\000c\000u\000m\000e\000n\000t\000a\000t\000i\000o\000n}{section.5.10}% 43
\BOOKMARK [3][-]{subsubsection.5.10.2.1}{\376\377\0005\000.\0001\0000\000.\0002\000.\0001\000\040\000m\000a\000i\000n}{subsection.5.10.2}% 44
\BOOKMARK [3][-]{subsubsection.5.10.2.2}{\376\377\0005\000.\0001\0000\000.\0002\000.\0002\000\040\000r\000e\000t\000u\000r\000n\000C\000o\000u\000r\000s\000e\000L\000i\000s\000t}{subsection.5.10.2}% 45
\BOOKMARK [2][-]{subsection.5.10.3}{\376\377\0005\000.\0001\0000\000.\0003\000\040\000V\000a\000r\000i\000a\000b\000l\000e\000\040\000D\000o\000c\000u\000m\000e\000n\000t\000a\000t\000i\000o\000n}{section.5.10}% 46
\BOOKMARK [3][-]{subsubsection.5.10.3.1}{\376\377\0005\000.\0001\0000\000.\0003\000.\0001\000\040\000d\000i\000r\000e\000c\000t\000o\000r\000y}{subsection.5.10.3}% 47
\BOOKMARK [1][-]{section.5.11}{\376\377\0005\000.\0001\0001\000\040\000m\000a\000t\000c\000h\000A\000p\000p\000.\000m\000a\000t\000c\000h\000i\000n\000g\000A\000l\000g\000o\000r\000i\000t\000h\000m\000.\000r\000e\000t\000u\000r\000n\000M\000a\000t\000c\000h\000e\000s\000B\000y\000C\000o\000u\000r\000s\000e\000\040\000N\000a\000m\000e\000s\000p\000a\000c\000e\000\040\000R\000e\000f\000e\000r\000e\000n\000c\000e}{chapter.5}% 48
\BOOKMARK [2][-]{subsection.5.11.1}{\376\377\0005\000.\0001\0001\000.\0001\000\040\000D\000e\000t\000a\000i\000l\000e\000d\000\040\000D\000e\000s\000c\000r\000i\000p\000t\000i\000o\000n}{section.5.11}% 49
\BOOKMARK [2][-]{subsection.5.11.2}{\376\377\0005\000.\0001\0001\000.\0002\000\040\000F\000u\000n\000c\000t\000i\000o\000n\000\040\000D\000o\000c\000u\000m\000e\000n\000t\000a\000t\000i\000o\000n}{section.5.11}% 50
\BOOKMARK [3][-]{subsubsection.5.11.2.1}{\376\377\0005\000.\0001\0001\000.\0002\000.\0001\000\040\000m\000a\000i\000n}{subsection.5.11.2}% 51
\BOOKMARK [3][-]{subsubsection.5.11.2.2}{\376\377\0005\000.\0001\0001\000.\0002\000.\0002\000\040\000r\000e\000t\000u\000r\000n\000M\000a\000t\000c\000h\000e\000s\000B\000y\000C\000o\000u\000r\000s\000e}{subsection.5.11.2}% 52
\BOOKMARK [2][-]{subsection.5.11.3}{\376\377\0005\000.\0001\0001\000.\0003\000\040\000V\000a\000r\000i\000a\000b\000l\000e\000\040\000D\000o\000c\000u\000m\000e\000n\000t\000a\000t\000i\000o\000n}{section.5.11}% 53
\BOOKMARK [3][-]{subsubsection.5.11.3.1}{\376\377\0005\000.\0001\0001\000.\0003\000.\0001\000\040\000d\000i\000r\000e\000c\000t\000o\000r\000y}{subsection.5.11.3}% 54
\BOOKMARK [1][-]{section.5.12}{\376\377\0005\000.\0001\0002\000\040\000m\000a\000t\000c\000h\000A\000p\000p\000.\000m\000a\000t\000c\000h\000i\000n\000g\000A\000l\000g\000o\000r\000i\000t\000h\000m\000.\000r\000e\000t\000u\000r\000n\000M\000a\000t\000c\000h\000e\000s\000B\000y\000S\000e\000c\000t\000i\000o\000n\000\040\000N\000a\000m\000e\000s\000p\000a\000c\000e\000\040\000R\000e\000f\000e\000r\000e\000n\000c\000e}{chapter.5}% 55
\BOOKMARK [2][-]{subsection.5.12.1}{\376\377\0005\000.\0001\0002\000.\0001\000\040\000D\000e\000t\000a\000i\000l\000e\000d\000\040\000D\000e\000s\000c\000r\000i\000p\000t\000i\000o\000n}{section.5.12}% 56
\BOOKMARK [2][-]{subsection.5.12.2}{\376\377\0005\000.\0001\0002\000.\0002\000\040\000F\000u\000n\000c\000t\000i\000o\000n\000\040\000D\000o\000c\000u\000m\000e\000n\000t\000a\000t\000i\000o\000n}{section.5.12}% 57
\BOOKMARK [3][-]{subsubsection.5.12.2.1}{\376\377\0005\000.\0001\0002\000.\0002\000.\0001\000\040\000r\000e\000t\000u\000r\000n\000M\000a\000t\000c\000h\000e\000s\000B\000y\000S\000e\000c\000t\000i\000o\000n}{subsection.5.12.2}% 58
\BOOKMARK [2][-]{subsection.5.12.3}{\376\377\0005\000.\0001\0002\000.\0003\000\040\000V\000a\000r\000i\000a\000b\000l\000e\000\040\000D\000o\000c\000u\000m\000e\000n\000t\000a\000t\000i\000o\000n}{section.5.12}% 59
\BOOKMARK [3][-]{subsubsection.5.12.3.1}{\376\377\0005\000.\0001\0002\000.\0003\000.\0001\000\040\000d\000i\000r\000e\000c\000t\000o\000r\000y}{subsection.5.12.3}% 60
\BOOKMARK [1][-]{section.5.13}{\376\377\0005\000.\0001\0003\000\040\000m\000a\000t\000c\000h\000A\000p\000p\000.\000m\000a\000t\000c\000h\000i\000n\000g\000A\000l\000g\000o\000r\000i\000t\000h\000m\000.\000r\000e\000t\000u\000r\000n\000S\000e\000c\000t\000i\000o\000n\000s\000L\000i\000s\000t\000\040\000N\000a\000m\000e\000s\000p\000a\000c\000e\000\040\000R\000e\000f\000e\000r\000e\000n\000c\000e}{chapter.5}% 61
\BOOKMARK [2][-]{subsection.5.13.1}{\376\377\0005\000.\0001\0003\000.\0001\000\040\000D\000e\000t\000a\000i\000l\000e\000d\000\040\000D\000e\000s\000c\000r\000i\000p\000t\000i\000o\000n}{section.5.13}% 62
\BOOKMARK [2][-]{subsection.5.13.2}{\376\377\0005\000.\0001\0003\000.\0002\000\040\000F\000u\000n\000c\000t\000i\000o\000n\000\040\000D\000o\000c\000u\000m\000e\000n\000t\000a\000t\000i\000o\000n}{section.5.13}% 63
\BOOKMARK [3][-]{subsubsection.5.13.2.1}{\376\377\0005\000.\0001\0003\000.\0002\000.\0001\000\040\000r\000e\000t\000u\000r\000n\000S\000e\000c\000t\000i\000o\000n\000s\000L\000i\000s\000t}{subsection.5.13.2}% 64
\BOOKMARK [2][-]{subsection.5.13.3}{\376\377\0005\000.\0001\0003\000.\0003\000\040\000V\000a\000r\000i\000a\000b\000l\000e\000\040\000D\000o\000c\000u\000m\000e\000n\000t\000a\000t\000i\000o\000n}{section.5.13}% 65
\BOOKMARK [3][-]{subsubsection.5.13.3.1}{\376\377\0005\000.\0001\0003\000.\0003\000.\0001\000\040\000d\000i\000r\000e\000c\000t\000o\000r\000y}{subsection.5.13.3}% 66
\BOOKMARK [1][-]{section.5.14}{\376\377\0005\000.\0001\0004\000\040\000m\000a\000t\000c\000h\000A\000p\000p\000.\000m\000a\000t\000c\000h\000i\000n\000g\000A\000l\000g\000o\000r\000i\000t\000h\000m\000.\000r\000e\000t\000u\000r\000n\000S\000t\000u\000d\000e\000n\000t\000D\000a\000t\000a\000\040\000N\000a\000m\000e\000s\000p\000a\000c\000e\000\040\000R\000e\000f\000e\000r\000e\000n\000c\000e}{chapter.5}% 67
\BOOKMARK [2][-]{subsection.5.14.1}{\376\377\0005\000.\0001\0004\000.\0001\000\040\000D\000e\000t\000a\000i\000l\000e\000d\000\040\000D\000e\000s\000c\000r\000i\000p\000t\000i\000o\000n}{section.5.14}% 68
\BOOKMARK [2][-]{subsection.5.14.2}{\376\377\0005\000.\0001\0004\000.\0002\000\040\000F\000u\000n\000c\000t\000i\000o\000n\000\040\000D\000o\000c\000u\000m\000e\000n\000t\000a\000t\000i\000o\000n}{section.5.14}% 69
\BOOKMARK [3][-]{subsubsection.5.14.2.1}{\376\377\0005\000.\0001\0004\000.\0002\000.\0001\000\040\000r\000e\000t\000u\000r\000n\000S\000t\000u\000d\000e\000n\000t\000D\000a\000t\000a}{subsection.5.14.2}% 70
\BOOKMARK [2][-]{subsection.5.14.3}{\376\377\0005\000.\0001\0004\000.\0003\000\040\000V\000a\000r\000i\000a\000b\000l\000e\000\040\000D\000o\000c\000u\000m\000e\000n\000t\000a\000t\000i\000o\000n}{section.5.14}% 71
\BOOKMARK [3][-]{subsubsection.5.14.3.1}{\376\377\0005\000.\0001\0004\000.\0003\000.\0001\000\040\000d\000i\000r\000e\000c\000t\000o\000r\000y}{subsection.5.14.3}% 72
\BOOKMARK [1][-]{section.5.15}{\376\377\0005\000.\0001\0005\000\040\000m\000a\000t\000c\000h\000A\000p\000p\000.\000m\000o\000d\000e\000l\000s\000\040\000N\000a\000m\000e\000s\000p\000a\000c\000e\000\040\000R\000e\000f\000e\000r\000e\000n\000c\000e}{chapter.5}% 73
\BOOKMARK [2][-]{subsection.5.15.1}{\376\377\0005\000.\0001\0005\000.\0001\000\040\000D\000e\000t\000a\000i\000l\000e\000d\000\040\000D\000e\000s\000c\000r\000i\000p\000t\000i\000o\000n}{section.5.15}% 74
\BOOKMARK [1][-]{section.5.16}{\376\377\0005\000.\0001\0006\000\040\000m\000a\000t\000c\000h\000A\000p\000p\000.\000t\000e\000m\000p\000l\000a\000t\000e\000t\000a\000g\000s\000\040\000N\000a\000m\000e\000s\000p\000a\000c\000e\000\040\000R\000e\000f\000e\000r\000e\000n\000c\000e}{chapter.5}% 75
\BOOKMARK [1][-]{section.5.17}{\376\377\0005\000.\0001\0007\000\040\000m\000a\000t\000c\000h\000A\000p\000p\000.\000t\000e\000m\000p\000l\000a\000t\000e\000t\000a\000g\000s\000.\000d\000i\000c\000t\000\137\000h\000e\000l\000p\000e\000r\000\040\000N\000a\000m\000e\000s\000p\000a\000c\000e\000\040\000R\000e\000f\000e\000r\000e\000n\000c\000e}{chapter.5}% 76
\BOOKMARK [2][-]{subsection.5.17.1}{\376\377\0005\000.\0001\0007\000.\0001\000\040\000F\000u\000n\000c\000t\000i\000o\000n\000\040\000D\000o\000c\000u\000m\000e\000n\000t\000a\000t\000i\000o\000n}{section.5.17}% 77
\BOOKMARK [3][-]{subsubsection.5.17.1.1}{\376\377\0005\000.\0001\0007\000.\0001\000.\0001\000\040\000k\000e\000y}{subsection.5.17.1}% 78
\BOOKMARK [2][-]{subsection.5.17.2}{\376\377\0005\000.\0001\0007\000.\0002\000\040\000V\000a\000r\000i\000a\000b\000l\000e\000\040\000D\000o\000c\000u\000m\000e\000n\000t\000a\000t\000i\000o\000n}{section.5.17}% 79
\BOOKMARK [3][-]{subsubsection.5.17.2.1}{\376\377\0005\000.\0001\0007\000.\0002\000.\0001\000\040\000r\000e\000g\000i\000s\000t\000e\000r}{subsection.5.17.2}% 80
\BOOKMARK [1][-]{section.5.18}{\376\377\0005\000.\0001\0008\000\040\000m\000a\000t\000c\000h\000A\000p\000p\000.\000t\000e\000s\000t\000s\000\040\000N\000a\000m\000e\000s\000p\000a\000c\000e\000\040\000R\000e\000f\000e\000r\000e\000n\000c\000e}{chapter.5}% 81
\BOOKMARK [1][-]{section.5.19}{\376\377\0005\000.\0001\0009\000\040\000m\000a\000t\000c\000h\000A\000p\000p\000.\000u\000r\000l\000s\000\040\000N\000a\000m\000e\000s\000p\000a\000c\000e\000\040\000R\000e\000f\000e\000r\000e\000n\000c\000e}{chapter.5}% 82
\BOOKMARK [2][-]{subsection.5.19.1}{\376\377\0005\000.\0001\0009\000.\0001\000\040\000D\000e\000t\000a\000i\000l\000e\000d\000\040\000D\000e\000s\000c\000r\000i\000p\000t\000i\000o\000n}{section.5.19}% 83
\BOOKMARK [1][-]{section.5.20}{\376\377\0005\000.\0002\0000\000\040\000m\000a\000t\000c\000h\000A\000p\000p\000.\000v\000i\000e\000w\000s\000\040\000N\000a\000m\000e\000s\000p\000a\000c\000e\000\040\000R\000e\000f\000e\000r\000e\000n\000c\000e}{chapter.5}% 84
\BOOKMARK [2][-]{subsection.5.20.1}{\376\377\0005\000.\0002\0000\000.\0001\000\040\000D\000e\000t\000a\000i\000l\000e\000d\000\040\000D\000e\000s\000c\000r\000i\000p\000t\000i\000o\000n}{section.5.20}% 85
\BOOKMARK [2][-]{subsection.5.20.2}{\376\377\0005\000.\0002\0000\000.\0002\000\040\000F\000u\000n\000c\000t\000i\000o\000n\000\040\000D\000o\000c\000u\000m\000e\000n\000t\000a\000t\000i\000o\000n}{section.5.20}% 86
\BOOKMARK [3][-]{subsubsection.5.20.2.1}{\376\377\0005\000.\0002\0000\000.\0002\000.\0001\000\040\000c\000l\000a\000s\000s\000p\000a\000g\000e}{subsection.5.20.2}% 87
\BOOKMARK [3][-]{subsubsection.5.20.2.2}{\376\377\0005\000.\0002\0000\000.\0002\000.\0002\000\040\000h\000o\000m\000e}{subsection.5.20.2}% 88
\BOOKMARK [3][-]{subsubsection.5.20.2.3}{\376\377\0005\000.\0002\0000\000.\0002\000.\0003\000\040\000i\000n\000d\000e\000x}{subsection.5.20.2}% 89
\BOOKMARK [3][-]{subsubsection.5.20.2.4}{\376\377\0005\000.\0002\0000\000.\0002\000.\0004\000\040\000r\000e\000g\000i\000s\000t\000e\000r}{subsection.5.20.2}% 90
\BOOKMARK [3][-]{subsubsection.5.20.2.5}{\376\377\0005\000.\0002\0000\000.\0002\000.\0005\000\040\000u\000s\000e\000r\000\137\000l\000o\000g\000i\000n}{subsection.5.20.2}% 91
\BOOKMARK [3][-]{subsubsection.5.20.2.6}{\376\377\0005\000.\0002\0000\000.\0002\000.\0006\000\040\000u\000s\000e\000r\000\137\000l\000o\000g\000o\000u\000t}{subsection.5.20.2}% 92
\BOOKMARK [1][-]{section.5.21}{\376\377\0005\000.\0002\0001\000\040\000P\000l\000a\000t\000y\000p\000u\000s\000\040\000N\000a\000m\000e\000s\000p\000a\000c\000e\000\040\000R\000e\000f\000e\000r\000e\000n\000c\000e}{chapter.5}% 93
\BOOKMARK [1][-]{section.5.22}{\376\377\0005\000.\0002\0002\000\040\000P\000l\000a\000t\000y\000p\000u\000s\000.\000s\000e\000t\000t\000i\000n\000g\000s\000\040\000N\000a\000m\000e\000s\000p\000a\000c\000e\000\040\000R\000e\000f\000e\000r\000e\000n\000c\000e}{chapter.5}% 94
\BOOKMARK [2][-]{subsection.5.22.1}{\376\377\0005\000.\0002\0002\000.\0001\000\040\000D\000e\000t\000a\000i\000l\000e\000d\000\040\000D\000e\000s\000c\000r\000i\000p\000t\000i\000o\000n}{section.5.22}% 95
\BOOKMARK [2][-]{subsection.5.22.2}{\376\377\0005\000.\0002\0002\000.\0002\000\040\000V\000a\000r\000i\000a\000b\000l\000e\000\040\000D\000o\000c\000u\000m\000e\000n\000t\000a\000t\000i\000o\000n}{section.5.22}% 96
\BOOKMARK [3][-]{subsubsection.5.22.2.1}{\376\377\0005\000.\0002\0002\000.\0002\000.\0001\000\040\000A\000L\000L\000O\000W\000E\000D\000\137\000H\000O\000S\000T\000S}{subsection.5.22.2}% 97
\BOOKMARK [3][-]{subsubsection.5.22.2.2}{\376\377\0005\000.\0002\0002\000.\0002\000.\0002\000\040\000B\000A\000S\000E\000\137\000D\000I\000R}{subsection.5.22.2}% 98
\BOOKMARK [3][-]{subsubsection.5.22.2.3}{\376\377\0005\000.\0002\0002\000.\0002\000.\0003\000\040\000D\000A\000T\000A\000B\000A\000S\000E\000S}{subsection.5.22.2}% 99
\BOOKMARK [3][-]{subsubsection.5.22.2.4}{\376\377\0005\000.\0002\0002\000.\0002\000.\0004\000\040\000D\000E\000B\000U\000G}{subsection.5.22.2}% 100
\BOOKMARK [3][-]{subsubsection.5.22.2.5}{\376\377\0005\000.\0002\0002\000.\0002\000.\0005\000\040\000I\000N\000S\000T\000A\000L\000L\000E\000D\000\137\000A\000P\000P\000S}{subsection.5.22.2}% 101
\BOOKMARK [3][-]{subsubsection.5.22.2.6}{\376\377\0005\000.\0002\0002\000.\0002\000.\0006\000\040\000L\000A\000N\000G\000U\000A\000G\000E\000\137\000C\000O\000D\000E}{subsection.5.22.2}% 102
\BOOKMARK [3][-]{subsubsection.5.22.2.7}{\376\377\0005\000.\0002\0002\000.\0002\000.\0007\000\040\000M\000I\000D\000D\000L\000E\000W\000A\000R\000E\000\137\000C\000L\000A\000S\000S\000E\000S}{subsection.5.22.2}% 103
\BOOKMARK [3][-]{subsubsection.5.22.2.8}{\376\377\0005\000.\0002\0002\000.\0002\000.\0008\000\040\000P\000R\000O\000J\000E\000C\000T\000\137\000P\000A\000T\000H}{subsection.5.22.2}% 104
\BOOKMARK [3][-]{subsubsection.5.22.2.9}{\376\377\0005\000.\0002\0002\000.\0002\000.\0009\000\040\000R\000O\000O\000T\000\137\000U\000R\000L\000C\000O\000N\000F}{subsection.5.22.2}% 105
\BOOKMARK [3][-]{subsubsection.5.22.2.10}{\376\377\0005\000.\0002\0002\000.\0002\000.\0001\0000\000\040\000S\000E\000C\000R\000E\000T\000\137\000K\000E\000Y}{subsection.5.22.2}% 106
\BOOKMARK [3][-]{subsubsection.5.22.2.11}{\376\377\0005\000.\0002\0002\000.\0002\000.\0001\0001\000\040\000S\000E\000T\000T\000I\000N\000G\000S\000\137\000D\000I\000R}{subsection.5.22.2}% 107
\BOOKMARK [3][-]{subsubsection.5.22.2.12}{\376\377\0005\000.\0002\0002\000.\0002\000.\0001\0002\000\040\000S\000T\000A\000T\000I\000C\000\137\000P\000A\000T\000H}{subsection.5.22.2}% 108
\BOOKMARK [3][-]{subsubsection.5.22.2.13}{\376\377\0005\000.\0002\0002\000.\0002\000.\0001\0003\000\040\000S\000T\000A\000T\000I\000C\000\137\000U\000R\000L}{subsection.5.22.2}% 109
\BOOKMARK [3][-]{subsubsection.5.22.2.14}{\376\377\0005\000.\0002\0002\000.\0002\000.\0001\0004\000\040\000S\000T\000A\000T\000I\000C\000F\000I\000L\000E\000S\000\137\000D\000I\000R\000S}{subsection.5.22.2}% 110
\BOOKMARK [3][-]{subsubsection.5.22.2.15}{\376\377\0005\000.\0002\0002\000.\0002\000.\0001\0005\000\040\000T\000E\000M\000P\000L\000A\000T\000E\000\137\000D\000E\000B\000U\000G}{subsection.5.22.2}% 111
\BOOKMARK [3][-]{subsubsection.5.22.2.16}{\376\377\0005\000.\0002\0002\000.\0002\000.\0001\0006\000\040\000T\000E\000M\000P\000L\000A\000T\000E\000\137\000D\000I\000R\000S}{subsection.5.22.2}% 112
\BOOKMARK [3][-]{subsubsection.5.22.2.17}{\376\377\0005\000.\0002\0002\000.\0002\000.\0001\0007\000\040\000T\000E\000M\000P\000L\000A\000T\000E\000\137\000P\000A\000T\000H}{subsection.5.22.2}% 113
\BOOKMARK [3][-]{subsubsection.5.22.2.18}{\376\377\0005\000.\0002\0002\000.\0002\000.\0001\0008\000\040\000T\000I\000M\000E\000\137\000Z\000O\000N\000E}{subsection.5.22.2}% 114
\BOOKMARK [3][-]{subsubsection.5.22.2.19}{\376\377\0005\000.\0002\0002\000.\0002\000.\0001\0009\000\040\000U\000S\000E\000\137\000I\0001\0008\000N}{subsection.5.22.2}% 115
\BOOKMARK [3][-]{subsubsection.5.22.2.20}{\376\377\0005\000.\0002\0002\000.\0002\000.\0002\0000\000\040\000U\000S\000E\000\137\000L\0001\0000\000N}{subsection.5.22.2}% 116
\BOOKMARK [3][-]{subsubsection.5.22.2.21}{\376\377\0005\000.\0002\0002\000.\0002\000.\0002\0001\000\040\000U\000S\000E\000\137\000T\000Z}{subsection.5.22.2}% 117
\BOOKMARK [3][-]{subsubsection.5.22.2.22}{\376\377\0005\000.\0002\0002\000.\0002\000.\0002\0002\000\040\000W\000S\000G\000I\000\137\000A\000P\000P\000L\000I\000C\000A\000T\000I\000O\000N}{subsection.5.22.2}% 118
\BOOKMARK [1][-]{section.5.23}{\376\377\0005\000.\0002\0003\000\040\000P\000l\000a\000t\000y\000p\000u\000s\000.\000u\000r\000l\000s\000\040\000N\000a\000m\000e\000s\000p\000a\000c\000e\000\040\000R\000e\000f\000e\000r\000e\000n\000c\000e}{chapter.5}% 119
\BOOKMARK [2][-]{subsection.5.23.1}{\376\377\0005\000.\0002\0003\000.\0001\000\040\000V\000a\000r\000i\000a\000b\000l\000e\000\040\000D\000o\000c\000u\000m\000e\000n\000t\000a\000t\000i\000o\000n}{section.5.23}% 120
\BOOKMARK [3][-]{subsubsection.5.23.1.1}{\376\377\0005\000.\0002\0003\000.\0001\000.\0001\000\040\000u\000r\000l\000p\000a\000t\000t\000e\000r\000n\000s}{subsection.5.23.1}% 121
\BOOKMARK [1][-]{section.5.24}{\376\377\0005\000.\0002\0004\000\040\000P\000l\000a\000t\000y\000p\000u\000s\000.\000w\000s\000g\000i\000\040\000N\000a\000m\000e\000s\000p\000a\000c\000e\000\040\000R\000e\000f\000e\000r\000e\000n\000c\000e}{chapter.5}% 122
\BOOKMARK [2][-]{subsection.5.24.1}{\376\377\0005\000.\0002\0004\000.\0001\000\040\000D\000e\000t\000a\000i\000l\000e\000d\000\040\000D\000e\000s\000c\000r\000i\000p\000t\000i\000o\000n}{section.5.24}% 123
\BOOKMARK [2][-]{subsection.5.24.2}{\376\377\0005\000.\0002\0004\000.\0002\000\040\000V\000a\000r\000i\000a\000b\000l\000e\000\040\000D\000o\000c\000u\000m\000e\000n\000t\000a\000t\000i\000o\000n}{section.5.24}% 124
\BOOKMARK [3][-]{subsubsection.5.24.2.1}{\376\377\0005\000.\0002\0004\000.\0002\000.\0001\000\040\000a\000p\000p\000l\000i\000c\000a\000t\000i\000o\000n}{subsection.5.24.2}% 125
\BOOKMARK [1][-]{section.5.25}{\376\377\0005\000.\0002\0005\000\040\000p\000o\000p\000u\000l\000a\000t\000e\000\040\000N\000a\000m\000e\000s\000p\000a\000c\000e\000\040\000R\000e\000f\000e\000r\000e\000n\000c\000e}{chapter.5}% 126
\BOOKMARK [2][-]{subsection.5.25.1}{\376\377\0005\000.\0002\0005\000.\0001\000\040\000D\000e\000t\000a\000i\000l\000e\000d\000\040\000D\000e\000s\000c\000r\000i\000p\000t\000i\000o\000n}{section.5.25}% 127
\BOOKMARK [2][-]{subsection.5.25.2}{\376\377\0005\000.\0002\0005\000.\0002\000\040\000F\000u\000n\000c\000t\000i\000o\000n\000\040\000D\000o\000c\000u\000m\000e\000n\000t\000a\000t\000i\000o\000n}{section.5.25}% 128
\BOOKMARK [3][-]{subsubsection.5.25.2.1}{\376\377\0005\000.\0002\0005\000.\0002\000.\0001\000\040\000a\000d\000d\000\137\000c\000o\000u\000r\000s\000e}{subsection.5.25.2}% 129
\BOOKMARK [3][-]{subsubsection.5.25.2.2}{\376\377\0005\000.\0002\0005\000.\0002\000.\0002\000\040\000a\000d\000d\000\137\000s\000e\000c\000t\000i\000o\000n}{subsection.5.25.2}% 130
\BOOKMARK [3][-]{subsubsection.5.25.2.3}{\376\377\0005\000.\0002\0005\000.\0002\000.\0003\000\040\000a\000d\000d\000\137\000s\000t\000u\000d\000e\000n\000t}{subsection.5.25.2}% 131
\BOOKMARK [3][-]{subsubsection.5.25.2.4}{\376\377\0005\000.\0002\0005\000.\0002\000.\0004\000\040\000p\000o\000p\000u\000l\000a\000t\000e}{subsection.5.25.2}% 132
\BOOKMARK [0][-]{chapter.6}{\376\377\0006\000\040\000C\000l\000a\000s\000s\000\040\000D\000o\000c\000u\000m\000e\000n\000t\000a\000t\000i\000o\000n}{}% 133
\BOOKMARK [1][-]{section.6.1}{\376\377\0006\000.\0001\000\040\000m\000a\000t\000c\000h\000A\000p\000p\000.\000m\000o\000d\000e\000l\000s\000.\000C\000o\000u\000r\000s\000e\000\040\000C\000l\000a\000s\000s\000\040\000R\000e\000f\000e\000r\000e\000n\000c\000e}{chapter.6}% 134
\BOOKMARK [2][-]{subsection.6.1.1}{\376\377\0006\000.\0001\000.\0001\000\040\000D\000e\000t\000a\000i\000l\000e\000d\000\040\000D\000e\000s\000c\000r\000i\000p\000t\000i\000o\000n}{section.6.1}% 135
\BOOKMARK [2][-]{subsection.6.1.2}{\376\377\0006\000.\0001\000.\0002\000\040\000M\000e\000m\000b\000e\000r\000\040\000F\000u\000n\000c\000t\000i\000o\000n\000\040\000D\000o\000c\000u\000m\000e\000n\000t\000a\000t\000i\000o\000n}{section.6.1}% 136
\BOOKMARK [3][-]{subsubsection.6.1.2.1}{\376\377\0006\000.\0001\000.\0002\000.\0001\000\040\000\137\000\137\000u\000n\000i\000c\000o\000d\000e\000\137\000\137}{subsection.6.1.2}% 137
\BOOKMARK [2][-]{subsection.6.1.3}{\376\377\0006\000.\0001\000.\0003\000\040\000M\000e\000m\000b\000e\000r\000\040\000D\000a\000t\000a\000\040\000D\000o\000c\000u\000m\000e\000n\000t\000a\000t\000i\000o\000n}{section.6.1}% 138
\BOOKMARK [3][-]{subsubsection.6.1.3.1}{\376\377\0006\000.\0001\000.\0003\000.\0001\000\040\000c\000a\000t\000a\000l\000o\000g\000\137\000p\000a\000g\000e}{subsection.6.1.3}% 139
\BOOKMARK [3][-]{subsubsection.6.1.3.2}{\376\377\0006\000.\0001\000.\0003\000.\0002\000\040\000c\000o\000u\000r\000s\000e\000\137\000n\000u\000m\000b\000e\000r}{subsection.6.1.3}% 140
\BOOKMARK [3][-]{subsubsection.6.1.3.3}{\376\377\0006\000.\0001\000.\0003\000.\0003\000\040\000d\000e\000p\000t\000\137\000i\000d}{subsection.6.1.3}% 141
\BOOKMARK [3][-]{subsubsection.6.1.3.4}{\376\377\0006\000.\0001\000.\0003\000.\0004\000\040\000t\000i\000t\000l\000e}{subsection.6.1.3}% 142
\BOOKMARK [1][-]{section.6.2}{\376\377\0006\000.\0002\000\040\000m\000a\000t\000c\000h\000A\000p\000p\000.\000f\000o\000r\000m\000s\000.\000U\000s\000e\000r\000F\000o\000r\000m\000.\000M\000e\000t\000a\000\040\000C\000l\000a\000s\000s\000\040\000R\000e\000f\000e\000r\000e\000n\000c\000e}{chapter.6}% 143
\BOOKMARK [2][-]{subsection.6.2.1}{\376\377\0006\000.\0002\000.\0001\000\040\000D\000e\000t\000a\000i\000l\000e\000d\000\040\000D\000e\000s\000c\000r\000i\000p\000t\000i\000o\000n}{section.6.2}% 144
\BOOKMARK [2][-]{subsection.6.2.2}{\376\377\0006\000.\0002\000.\0002\000\040\000M\000e\000m\000b\000e\000r\000\040\000D\000a\000t\000a\000\040\000D\000o\000c\000u\000m\000e\000n\000t\000a\000t\000i\000o\000n}{section.6.2}% 145
\BOOKMARK [3][-]{subsubsection.6.2.2.1}{\376\377\0006\000.\0002\000.\0002\000.\0001\000\040\000f\000i\000e\000l\000d\000s}{subsection.6.2.2}% 146
\BOOKMARK [3][-]{subsubsection.6.2.2.2}{\376\377\0006\000.\0002\000.\0002\000.\0002\000\040\000m\000o\000d\000e\000l}{subsection.6.2.2}% 147
\BOOKMARK [1][-]{section.6.3}{\376\377\0006\000.\0003\000\040\000m\000a\000t\000c\000h\000A\000p\000p\000.\000m\000o\000d\000e\000l\000s\000.\000S\000e\000c\000t\000i\000o\000n\000\040\000C\000l\000a\000s\000s\000\040\000R\000e\000f\000e\000r\000e\000n\000c\000e}{chapter.6}% 148
\BOOKMARK [2][-]{subsection.6.3.1}{\376\377\0006\000.\0003\000.\0001\000\040\000D\000e\000t\000a\000i\000l\000e\000d\000\040\000D\000e\000s\000c\000r\000i\000p\000t\000i\000o\000n}{section.6.3}% 149
\BOOKMARK [2][-]{subsection.6.3.2}{\376\377\0006\000.\0003\000.\0002\000\040\000M\000e\000m\000b\000e\000r\000\040\000F\000u\000n\000c\000t\000i\000o\000n\000\040\000D\000o\000c\000u\000m\000e\000n\000t\000a\000t\000i\000o\000n}{section.6.3}% 150
\BOOKMARK [3][-]{subsubsection.6.3.2.1}{\376\377\0006\000.\0003\000.\0002\000.\0001\000\040\000\137\000\137\000u\000n\000i\000c\000o\000d\000e\000\137\000\137}{subsection.6.3.2}% 151
\BOOKMARK [2][-]{subsection.6.3.3}{\376\377\0006\000.\0003\000.\0003\000\040\000M\000e\000m\000b\000e\000r\000\040\000D\000a\000t\000a\000\040\000D\000o\000c\000u\000m\000e\000n\000t\000a\000t\000i\000o\000n}{section.6.3}% 152
\BOOKMARK [3][-]{subsubsection.6.3.3.1}{\376\377\0006\000.\0003\000.\0003\000.\0001\000\040\000c\000l\000a\000s\000s\000\137\000i\000d}{subsection.6.3.3}% 153
\BOOKMARK [3][-]{subsubsection.6.3.3.2}{\376\377\0006\000.\0003\000.\0003\000.\0002\000\040\000c\000o\000u\000r\000s\000e\000\137\000t\000i\000t\000l\000e}{subsection.6.3.3}% 154
\BOOKMARK [3][-]{subsubsection.6.3.3.3}{\376\377\0006\000.\0003\000.\0003\000.\0003\000\040\000s\000e\000c\000t\000i\000o\000n\000\137\000n\000u\000m\000b\000e\000r}{subsection.6.3.3}% 155
\BOOKMARK [1][-]{section.6.4}{\376\377\0006\000.\0004\000\040\000m\000a\000t\000c\000h\000A\000p\000p\000.\000m\000o\000d\000e\000l\000s\000.\000S\000t\000u\000d\000e\000n\000t\000\040\000C\000l\000a\000s\000s\000\040\000R\000e\000f\000e\000r\000e\000n\000c\000e}{chapter.6}% 156
\BOOKMARK [2][-]{subsection.6.4.1}{\376\377\0006\000.\0004\000.\0001\000\040\000D\000e\000t\000a\000i\000l\000e\000d\000\040\000D\000e\000s\000c\000r\000i\000p\000t\000i\000o\000n}{section.6.4}% 157
\BOOKMARK [2][-]{subsection.6.4.2}{\376\377\0006\000.\0004\000.\0002\000\040\000M\000e\000m\000b\000e\000r\000\040\000F\000u\000n\000c\000t\000i\000o\000n\000\040\000D\000o\000c\000u\000m\000e\000n\000t\000a\000t\000i\000o\000n}{section.6.4}% 158
\BOOKMARK [3][-]{subsubsection.6.4.2.1}{\376\377\0006\000.\0004\000.\0002\000.\0001\000\040\000\137\000\137\000u\000n\000i\000c\000o\000d\000e\000\137\000\137}{subsection.6.4.2}% 159
\BOOKMARK [2][-]{subsection.6.4.3}{\376\377\0006\000.\0004\000.\0003\000\040\000M\000e\000m\000b\000e\000r\000\040\000D\000a\000t\000a\000\040\000D\000o\000c\000u\000m\000e\000n\000t\000a\000t\000i\000o\000n}{section.6.4}% 160
\BOOKMARK [3][-]{subsubsection.6.4.3.1}{\376\377\0006\000.\0004\000.\0003\000.\0001\000\040\000c\000o\000u\000r\000s\000e\000\137\000l\000i\000s\000t}{subsection.6.4.3}% 161
\BOOKMARK [3][-]{subsubsection.6.4.3.2}{\376\377\0006\000.\0004\000.\0003\000.\0002\000\040\000u\000s\000e\000r}{subsection.6.4.3}% 162
\BOOKMARK [1][-]{section.6.5}{\376\377\0006\000.\0005\000\040\000m\000a\000t\000c\000h\000A\000p\000p\000.\000f\000o\000r\000m\000s\000.\000U\000s\000e\000r\000F\000o\000r\000m\000\040\000C\000l\000a\000s\000s\000\040\000R\000e\000f\000e\000r\000e\000n\000c\000e}{chapter.6}% 163
\BOOKMARK [2][-]{subsection.6.5.1}{\376\377\0006\000.\0005\000.\0001\000\040\000D\000e\000t\000a\000i\000l\000e\000d\000\040\000D\000e\000s\000c\000r\000i\000p\000t\000i\000o\000n}{section.6.5}% 164
\BOOKMARK [2][-]{subsection.6.5.2}{\376\377\0006\000.\0005\000.\0002\000\040\000M\000e\000m\000b\000e\000r\000\040\000D\000a\000t\000a\000\040\000D\000o\000c\000u\000m\000e\000n\000t\000a\000t\000i\000o\000n}{section.6.5}% 165
\BOOKMARK [3][-]{subsubsection.6.5.2.1}{\376\377\0006\000.\0005\000.\0002\000.\0001\000\040\000p\000a\000s\000s\000w\000o\000r\000d}{subsection.6.5.2}% 166
\BOOKMARK [0][-]{chapter.7}{\376\377\0007\000\040\000F\000i\000l\000e\000\040\000D\000o\000c\000u\000m\000e\000n\000t\000a\000t\000i\000o\000n}{}% 167
\BOOKMARK [1][-]{section.7.1}{\376\377\0007\000.\0001\000\040\000m\000a\000n\000a\000g\000e\000.\000p\000y\000\040\000F\000i\000l\000e\000\040\000R\000e\000f\000e\000r\000e\000n\000c\000e}{chapter.7}% 168
\BOOKMARK [1][-]{section.7.2}{\376\377\0007\000.\0002\000\040\000m\000a\000t\000c\000h\000A\000p\000p\000/\000\137\000\137\000i\000n\000i\000t\000\137\000\137\000.\000p\000y\000\040\000F\000i\000l\000e\000\040\000R\000e\000f\000e\000r\000e\000n\000c\000e}{chapter.7}% 169
\BOOKMARK [1][-]{section.7.3}{\376\377\0007\000.\0003\000\040\000m\000a\000t\000c\000h\000A\000p\000p\000/\000m\000a\000t\000c\000h\000i\000n\000g\000A\000l\000g\000o\000r\000i\000t\000h\000m\000/\000\137\000\137\000i\000n\000i\000t\000\137\000\137\000.\000p\000y\000\040\000F\000i\000l\000e\000\040\000R\000e\000f\000e\000r\000e\000n\000c\000e}{chapter.7}% 170
\BOOKMARK [1][-]{section.7.4}{\376\377\0007\000.\0004\000\040\000m\000a\000t\000c\000h\000A\000p\000p\000/\000t\000e\000m\000p\000l\000a\000t\000e\000t\000a\000g\000s\000/\000\137\000\137\000i\000n\000i\000t\000\137\000\137\000.\000p\000y\000\040\000F\000i\000l\000e\000\040\000R\000e\000f\000e\000r\000e\000n\000c\000e}{chapter.7}% 171
\BOOKMARK [1][-]{section.7.5}{\376\377\0007\000.\0005\000\040\000P\000l\000a\000t\000y\000p\000u\000s\000/\000\137\000\137\000i\000n\000i\000t\000\137\000\137\000.\000p\000y\000\040\000F\000i\000l\000e\000\040\000R\000e\000f\000e\000r\000e\000n\000c\000e}{chapter.7}% 172
\BOOKMARK [1][-]{section.7.6}{\376\377\0007\000.\0006\000\040\000m\000a\000t\000c\000h\000A\000p\000p\000/\000a\000d\000m\000i\000n\000.\000p\000y\000\040\000F\000i\000l\000e\000\040\000R\000e\000f\000e\000r\000e\000n\000c\000e}{chapter.7}% 173
\BOOKMARK [1][-]{section.7.7}{\376\377\0007\000.\0007\000\040\000m\000a\000t\000c\000h\000A\000p\000p\000/\000f\000o\000r\000m\000s\000.\000p\000y\000\040\000F\000i\000l\000e\000\040\000R\000e\000f\000e\000r\000e\000n\000c\000e}{chapter.7}% 174
\BOOKMARK [1][-]{section.7.8}{\376\377\0007\000.\0008\000\040\000m\000a\000t\000c\000h\000A\000p\000p\000/\000h\000t\000m\000l\000/\000d\000y\000n\000s\000e\000c\000t\000i\000o\000n\000s\000.\000j\000s\000\040\000F\000i\000l\000e\000\040\000R\000e\000f\000e\000r\000e\000n\000c\000e}{chapter.7}% 175
\BOOKMARK [2][-]{subsection.7.8.1}{\376\377\0007\000.\0008\000.\0001\000\040\000F\000u\000n\000c\000t\000i\000o\000n\000\040\000D\000o\000c\000u\000m\000e\000n\000t\000a\000t\000i\000o\000n}{section.7.8}% 176
\BOOKMARK [3][-]{subsubsection.7.8.1.1}{\376\377\0007\000.\0008\000.\0001\000.\0001\000\040\000t\000o\000g\000g\000l\000e\000F\000o\000l\000d\000e\000r}{subsection.7.8.1}% 177
\BOOKMARK [3][-]{subsubsection.7.8.1.2}{\376\377\0007\000.\0008\000.\0001\000.\0002\000\040\000t\000o\000g\000g\000l\000e\000I\000n\000h\000e\000r\000i\000t}{subsection.7.8.1}% 178
\BOOKMARK [3][-]{subsubsection.7.8.1.3}{\376\377\0007\000.\0008\000.\0001\000.\0003\000\040\000t\000o\000g\000g\000l\000e\000L\000e\000v\000e\000l}{subsection.7.8.1}% 179
\BOOKMARK [3][-]{subsubsection.7.8.1.4}{\376\377\0007\000.\0008\000.\0001\000.\0004\000\040\000t\000o\000g\000g\000l\000e\000V\000i\000s\000i\000b\000i\000l\000i\000t\000y}{subsection.7.8.1}% 180
\BOOKMARK [3][-]{subsubsection.7.8.1.5}{\376\377\0007\000.\0008\000.\0001\000.\0005\000\040\000u\000p\000d\000a\000t\000e\000S\000t\000r\000i\000p\000e\000s}{subsection.7.8.1}% 181
\BOOKMARK [1][-]{section.7.9}{\376\377\0007\000.\0009\000\040\000m\000a\000t\000c\000h\000A\000p\000p\000/\000h\000t\000m\000l\000/\000j\000q\000u\000e\000r\000y\000.\000j\000s\000\040\000F\000i\000l\000e\000\040\000R\000e\000f\000e\000r\000e\000n\000c\000e}{chapter.7}% 182
\BOOKMARK [2][-]{subsection.7.9.1}{\376\377\0007\000.\0009\000.\0001\000\040\000F\000u\000n\000c\000t\000i\000o\000n\000\040\000D\000o\000c\000u\000m\000e\000n\000t\000a\000t\000i\000o\000n}{section.7.9}% 183
\BOOKMARK [3][-]{subsubsection.7.9.1.1}{\376\377\0007\000.\0009\000.\0001\000.\0001\000\040\000b}{subsection.7.9.1}% 184
\BOOKMARK [3][-]{subsubsection.7.9.1.2}{\376\377\0007\000.\0009\000.\0001\000.\0002\000\040\000e\000a\000c\000h}{subsection.7.9.1}% 185
\BOOKMARK [3][-]{subsubsection.7.9.1.3}{\376\377\0007\000.\0009\000.\0001\000.\0003\000\040\000e\000x\000t\000e\000n\000d}{subsection.7.9.1}% 186
\BOOKMARK [3][-]{subsubsection.7.9.1.4}{\376\377\0007\000.\0009\000.\0001\000.\0004\000\040\000i\000f}{subsection.7.9.1}% 187
\BOOKMARK [3][-]{subsubsection.7.9.1.5}{\376\377\0007\000.\0009\000.\0001\000.\0005\000\040\000i\000f}{subsection.7.9.1}% 188
\BOOKMARK [3][-]{subsubsection.7.9.1.6}{\376\377\0007\000.\0009\000.\0001\000.\0006\000\040\000i\000f}{subsection.7.9.1}% 189
\BOOKMARK [3][-]{subsubsection.7.9.1.7}{\376\377\0007\000.\0009\000.\0001\000.\0007\000\040\000i\000f}{subsection.7.9.1}% 190
\BOOKMARK [3][-]{subsubsection.7.9.1.8}{\376\377\0007\000.\0009\000.\0001\000.\0008\000\040\000p}{subsection.7.9.1}% 191
\BOOKMARK [2][-]{subsection.7.9.2}{\376\377\0007\000.\0009\000.\0002\000\040\000V\000a\000r\000i\000a\000b\000l\000e\000\040\000D\000o\000c\000u\000m\000e\000n\000t\000a\000t\000i\000o\000n}{section.7.9}% 192
\BOOKMARK [3][-]{subsubsection.7.9.2.1}{\376\377\0007\000.\0009\000.\0002\000.\0001\000\040\000a\000D}{subsection.7.9.2}% 193
\BOOKMARK [3][-]{subsubsection.7.9.2.2}{\376\377\0007\000.\0009\000.\0002\000.\0002\000\040\000a\000M}{subsection.7.9.2}% 194
\BOOKMARK [3][-]{subsubsection.7.9.2.3}{\376\377\0007\000.\0009\000.\0002\000.\0003\000\040\000a\000p}{subsection.7.9.2}% 195
\BOOKMARK [3][-]{subsubsection.7.9.2.4}{\376\377\0007\000.\0009\000.\0002\000.\0004\000\040\000a\000Q}{subsection.7.9.2}% 196
\BOOKMARK [3][-]{subsubsection.7.9.2.5}{\376\377\0007\000.\0009\000.\0002\000.\0005\000\040\000a\000u}{subsection.7.9.2}% 197
\BOOKMARK [3][-]{subsubsection.7.9.2.6}{\376\377\0007\000.\0009\000.\0002\000.\0006\000\040\000a\000Z}{subsection.7.9.2}% 198
\BOOKMARK [3][-]{subsubsection.7.9.2.7}{\376\377\0007\000.\0009\000.\0002\000.\0007\000\040\000b}{subsection.7.9.2}% 199
\BOOKMARK [3][-]{subsubsection.7.9.2.8}{\376\377\0007\000.\0009\000.\0002\000.\0008\000\040\000b\000b}{subsection.7.9.2}% 200
\BOOKMARK [3][-]{subsubsection.7.9.2.9}{\376\377\0007\000.\0009\000.\0002\000.\0009\000\040\000b\000q}{subsection.7.9.2}% 201
\BOOKMARK [3][-]{subsubsection.7.9.2.10}{\376\377\0007\000.\0009\000.\0002\000.\0001\0000\000\040\000b\000s}{subsection.7.9.2}% 202
\BOOKMARK [3][-]{subsubsection.7.9.2.11}{\376\377\0007\000.\0009\000.\0002\000.\0001\0001\000\040\000c}{subsection.7.9.2}% 203
\BOOKMARK [3][-]{subsubsection.7.9.2.12}{\376\377\0007\000.\0009\000.\0002\000.\0001\0002\000\040\000c\000s\000s}{subsection.7.9.2}% 204
\BOOKMARK [3][-]{subsubsection.7.9.2.13}{\376\377\0007\000.\0009\000.\0002\000.\0001\0003\000\040\000c\000u\000r\000C\000S\000S}{subsection.7.9.2}% 205
\BOOKMARK [3][-]{subsubsection.7.9.2.14}{\376\377\0007\000.\0009\000.\0002\000.\0001\0004\000\040\000k}{subsection.7.9.2}% 206
\BOOKMARK [3][-]{subsubsection.7.9.2.15}{\376\377\0007\000.\0009\000.\0002\000.\0001\0005\000\040\000L}{subsection.7.9.2}% 207
\BOOKMARK [3][-]{subsubsection.7.9.2.16}{\376\377\0007\000.\0009\000.\0002\000.\0001\0006\000\040\000Z}{subsection.7.9.2}% 208
\BOOKMARK [1][-]{section.7.10}{\376\377\0007\000.\0001\0000\000\040\000m\000a\000t\000c\000h\000A\000p\000p\000/\000h\000t\000m\000l\000/\000s\000e\000a\000r\000c\000h\000/\000a\000l\000l\000\137\0000\000.\000j\000s\000\040\000F\000i\000l\000e\000\040\000R\000e\000f\000e\000r\000e\000n\000c\000e}{chapter.7}% 209
\BOOKMARK [2][-]{subsection.7.10.1}{\376\377\0007\000.\0001\0000\000.\0001\000\040\000V\000a\000r\000i\000a\000b\000l\000e\000\040\000D\000o\000c\000u\000m\000e\000n\000t\000a\000t\000i\000o\000n}{section.7.10}% 210
\BOOKMARK [3][-]{subsubsection.7.10.1.1}{\376\377\0007\000.\0001\0000\000.\0001\000.\0001\000\040\000s\000e\000a\000r\000c\000h\000D\000a\000t\000a}{subsection.7.10.1}% 211
\BOOKMARK [1][-]{section.7.11}{\376\377\0007\000.\0001\0001\000\040\000m\000a\000t\000c\000h\000A\000p\000p\000/\000h\000t\000m\000l\000/\000s\000e\000a\000r\000c\000h\000/\000a\000l\000l\000\137\0001\000.\000j\000s\000\040\000F\000i\000l\000e\000\040\000R\000e\000f\000e\000r\000e\000n\000c\000e}{chapter.7}% 212
\BOOKMARK [2][-]{subsection.7.11.1}{\376\377\0007\000.\0001\0001\000.\0001\000\040\000V\000a\000r\000i\000a\000b\000l\000e\000\040\000D\000o\000c\000u\000m\000e\000n\000t\000a\000t\000i\000o\000n}{section.7.11}% 213
\BOOKMARK [3][-]{subsubsection.7.11.1.1}{\376\377\0007\000.\0001\0001\000.\0001\000.\0001\000\040\000s\000e\000a\000r\000c\000h\000D\000a\000t\000a}{subsection.7.11.1}% 214
\BOOKMARK [1][-]{section.7.12}{\376\377\0007\000.\0001\0002\000\040\000m\000a\000t\000c\000h\000A\000p\000p\000/\000h\000t\000m\000l\000/\000s\000e\000a\000r\000c\000h\000/\000a\000l\000l\000\137\0002\000.\000j\000s\000\040\000F\000i\000l\000e\000\040\000R\000e\000f\000e\000r\000e\000n\000c\000e}{chapter.7}% 215
\BOOKMARK [2][-]{subsection.7.12.1}{\376\377\0007\000.\0001\0002\000.\0001\000\040\000V\000a\000r\000i\000a\000b\000l\000e\000\040\000D\000o\000c\000u\000m\000e\000n\000t\000a\000t\000i\000o\000n}{section.7.12}% 216
\BOOKMARK [3][-]{subsubsection.7.12.1.1}{\376\377\0007\000.\0001\0002\000.\0001\000.\0001\000\040\000s\000e\000a\000r\000c\000h\000D\000a\000t\000a}{subsection.7.12.1}% 217
\BOOKMARK [1][-]{section.7.13}{\376\377\0007\000.\0001\0003\000\040\000m\000a\000t\000c\000h\000A\000p\000p\000/\000h\000t\000m\000l\000/\000s\000e\000a\000r\000c\000h\000/\000a\000l\000l\000\137\0003\000.\000j\000s\000\040\000F\000i\000l\000e\000\040\000R\000e\000f\000e\000r\000e\000n\000c\000e}{chapter.7}% 218
\BOOKMARK [2][-]{subsection.7.13.1}{\376\377\0007\000.\0001\0003\000.\0001\000\040\000V\000a\000r\000i\000a\000b\000l\000e\000\040\000D\000o\000c\000u\000m\000e\000n\000t\000a\000t\000i\000o\000n}{section.7.13}% 219
\BOOKMARK [3][-]{subsubsection.7.13.1.1}{\376\377\0007\000.\0001\0003\000.\0001\000.\0001\000\040\000s\000e\000a\000r\000c\000h\000D\000a\000t\000a}{subsection.7.13.1}% 220
\BOOKMARK [1][-]{section.7.14}{\376\377\0007\000.\0001\0004\000\040\000m\000a\000t\000c\000h\000A\000p\000p\000/\000h\000t\000m\000l\000/\000s\000e\000a\000r\000c\000h\000/\000a\000l\000l\000\137\0004\000.\000j\000s\000\040\000F\000i\000l\000e\000\040\000R\000e\000f\000e\000r\000e\000n\000c\000e}{chapter.7}% 221
\BOOKMARK [2][-]{subsection.7.14.1}{\376\377\0007\000.\0001\0004\000.\0001\000\040\000V\000a\000r\000i\000a\000b\000l\000e\000\040\000D\000o\000c\000u\000m\000e\000n\000t\000a\000t\000i\000o\000n}{section.7.14}% 222
\BOOKMARK [3][-]{subsubsection.7.14.1.1}{\376\377\0007\000.\0001\0004\000.\0001\000.\0001\000\040\000s\000e\000a\000r\000c\000h\000D\000a\000t\000a}{subsection.7.14.1}% 223
\BOOKMARK [1][-]{section.7.15}{\376\377\0007\000.\0001\0005\000\040\000m\000a\000t\000c\000h\000A\000p\000p\000/\000h\000t\000m\000l\000/\000s\000e\000a\000r\000c\000h\000/\000a\000l\000l\000\137\0005\000.\000j\000s\000\040\000F\000i\000l\000e\000\040\000R\000e\000f\000e\000r\000e\000n\000c\000e}{chapter.7}% 224
\BOOKMARK [2][-]{subsection.7.15.1}{\376\377\0007\000.\0001\0005\000.\0001\000\040\000V\000a\000r\000i\000a\000b\000l\000e\000\040\000D\000o\000c\000u\000m\000e\000n\000t\000a\000t\000i\000o\000n}{section.7.15}% 225
\BOOKMARK [3][-]{subsubsection.7.15.1.1}{\376\377\0007\000.\0001\0005\000.\0001\000.\0001\000\040\000s\000e\000a\000r\000c\000h\000D\000a\000t\000a}{subsection.7.15.1}% 226
\BOOKMARK [1][-]{section.7.16}{\376\377\0007\000.\0001\0006\000\040\000m\000a\000t\000c\000h\000A\000p\000p\000/\000h\000t\000m\000l\000/\000s\000e\000a\000r\000c\000h\000/\000a\000l\000l\000\137\0006\000.\000j\000s\000\040\000F\000i\000l\000e\000\040\000R\000e\000f\000e\000r\000e\000n\000c\000e}{chapter.7}% 227
\BOOKMARK [2][-]{subsection.7.16.1}{\376\377\0007\000.\0001\0006\000.\0001\000\040\000V\000a\000r\000i\000a\000b\000l\000e\000\040\000D\000o\000c\000u\000m\000e\000n\000t\000a\000t\000i\000o\000n}{section.7.16}% 228
\BOOKMARK [3][-]{subsubsection.7.16.1.1}{\376\377\0007\000.\0001\0006\000.\0001\000.\0001\000\040\000s\000e\000a\000r\000c\000h\000D\000a\000t\000a}{subsection.7.16.1}% 229
\BOOKMARK [1][-]{section.7.17}{\376\377\0007\000.\0001\0007\000\040\000m\000a\000t\000c\000h\000A\000p\000p\000/\000h\000t\000m\000l\000/\000s\000e\000a\000r\000c\000h\000/\000c\000l\000a\000s\000s\000e\000s\000\137\0000\000.\000j\000s\000\040\000F\000i\000l\000e\000\040\000R\000e\000f\000e\000r\000e\000n\000c\000e}{chapter.7}% 230
\BOOKMARK [2][-]{subsection.7.17.1}{\376\377\0007\000.\0001\0007\000.\0001\000\040\000V\000a\000r\000i\000a\000b\000l\000e\000\040\000D\000o\000c\000u\000m\000e\000n\000t\000a\000t\000i\000o\000n}{section.7.17}% 231
\BOOKMARK [3][-]{subsubsection.7.17.1.1}{\376\377\0007\000.\0001\0007\000.\0001\000.\0001\000\040\000s\000e\000a\000r\000c\000h\000D\000a\000t\000a}{subsection.7.17.1}% 232
\BOOKMARK [1][-]{section.7.18}{\376\377\0007\000.\0001\0008\000\040\000m\000a\000t\000c\000h\000A\000p\000p\000/\000h\000t\000m\000l\000/\000s\000e\000a\000r\000c\000h\000/\000c\000l\000a\000s\000s\000e\000s\000\137\0001\000.\000j\000s\000\040\000F\000i\000l\000e\000\040\000R\000e\000f\000e\000r\000e\000n\000c\000e}{chapter.7}% 233
\BOOKMARK [2][-]{subsection.7.18.1}{\376\377\0007\000.\0001\0008\000.\0001\000\040\000V\000a\000r\000i\000a\000b\000l\000e\000\040\000D\000o\000c\000u\000m\000e\000n\000t\000a\000t\000i\000o\000n}{section.7.18}% 234
\BOOKMARK [3][-]{subsubsection.7.18.1.1}{\376\377\0007\000.\0001\0008\000.\0001\000.\0001\000\040\000s\000e\000a\000r\000c\000h\000D\000a\000t\000a}{subsection.7.18.1}% 235
\BOOKMARK [1][-]{section.7.19}{\376\377\0007\000.\0001\0009\000\040\000m\000a\000t\000c\000h\000A\000p\000p\000/\000h\000t\000m\000l\000/\000s\000e\000a\000r\000c\000h\000/\000c\000l\000a\000s\000s\000e\000s\000\137\0002\000.\000j\000s\000\040\000F\000i\000l\000e\000\040\000R\000e\000f\000e\000r\000e\000n\000c\000e}{chapter.7}% 236
\BOOKMARK [2][-]{subsection.7.19.1}{\376\377\0007\000.\0001\0009\000.\0001\000\040\000V\000a\000r\000i\000a\000b\000l\000e\000\040\000D\000o\000c\000u\000m\000e\000n\000t\000a\000t\000i\000o\000n}{section.7.19}% 237
\BOOKMARK [3][-]{subsubsection.7.19.1.1}{\376\377\0007\000.\0001\0009\000.\0001\000.\0001\000\040\000s\000e\000a\000r\000c\000h\000D\000a\000t\000a}{subsection.7.19.1}% 238
\BOOKMARK [1][-]{section.7.20}{\376\377\0007\000.\0002\0000\000\040\000m\000a\000t\000c\000h\000A\000p\000p\000/\000h\000t\000m\000l\000/\000s\000e\000a\000r\000c\000h\000/\000c\000l\000a\000s\000s\000e\000s\000\137\0003\000.\000j\000s\000\040\000F\000i\000l\000e\000\040\000R\000e\000f\000e\000r\000e\000n\000c\000e}{chapter.7}% 239
\BOOKMARK [2][-]{subsection.7.20.1}{\376\377\0007\000.\0002\0000\000.\0001\000\040\000V\000a\000r\000i\000a\000b\000l\000e\000\040\000D\000o\000c\000u\000m\000e\000n\000t\000a\000t\000i\000o\000n}{section.7.20}% 240
\BOOKMARK [3][-]{subsubsection.7.20.1.1}{\376\377\0007\000.\0002\0000\000.\0001\000.\0001\000\040\000s\000e\000a\000r\000c\000h\000D\000a\000t\000a}{subsection.7.20.1}% 241
\BOOKMARK [1][-]{section.7.21}{\376\377\0007\000.\0002\0001\000\040\000m\000a\000t\000c\000h\000A\000p\000p\000/\000h\000t\000m\000l\000/\000s\000e\000a\000r\000c\000h\000/\000f\000i\000l\000e\000s\000\137\0000\000.\000j\000s\000\040\000F\000i\000l\000e\000\040\000R\000e\000f\000e\000r\000e\000n\000c\000e}{chapter.7}% 242
\BOOKMARK [2][-]{subsection.7.21.1}{\376\377\0007\000.\0002\0001\000.\0001\000\040\000V\000a\000r\000i\000a\000b\000l\000e\000\040\000D\000o\000c\000u\000m\000e\000n\000t\000a\000t\000i\000o\000n}{section.7.21}% 243
\BOOKMARK [3][-]{subsubsection.7.21.1.1}{\376\377\0007\000.\0002\0001\000.\0001\000.\0001\000\040\000s\000e\000a\000r\000c\000h\000D\000a\000t\000a}{subsection.7.21.1}% 244
\BOOKMARK [1][-]{section.7.22}{\376\377\0007\000.\0002\0002\000\040\000m\000a\000t\000c\000h\000A\000p\000p\000/\000h\000t\000m\000l\000/\000s\000e\000a\000r\000c\000h\000/\000f\000u\000n\000c\000t\000i\000o\000n\000s\000\137\0000\000.\000j\000s\000\040\000F\000i\000l\000e\000\040\000R\000e\000f\000e\000r\000e\000n\000c\000e}{chapter.7}% 245
\BOOKMARK [2][-]{subsection.7.22.1}{\376\377\0007\000.\0002\0002\000.\0001\000\040\000V\000a\000r\000i\000a\000b\000l\000e\000\040\000D\000o\000c\000u\000m\000e\000n\000t\000a\000t\000i\000o\000n}{section.7.22}% 246
\BOOKMARK [3][-]{subsubsection.7.22.1.1}{\376\377\0007\000.\0002\0002\000.\0001\000.\0001\000\040\000s\000e\000a\000r\000c\000h\000D\000a\000t\000a}{subsection.7.22.1}% 247
\BOOKMARK [1][-]{section.7.23}{\376\377\0007\000.\0002\0003\000\040\000m\000a\000t\000c\000h\000A\000p\000p\000/\000h\000t\000m\000l\000/\000s\000e\000a\000r\000c\000h\000/\000f\000u\000n\000c\000t\000i\000o\000n\000s\000\137\0001\000.\000j\000s\000\040\000F\000i\000l\000e\000\040\000R\000e\000f\000e\000r\000e\000n\000c\000e}{chapter.7}% 248
\BOOKMARK [2][-]{subsection.7.23.1}{\376\377\0007\000.\0002\0003\000.\0001\000\040\000V\000a\000r\000i\000a\000b\000l\000e\000\040\000D\000o\000c\000u\000m\000e\000n\000t\000a\000t\000i\000o\000n}{section.7.23}% 249
\BOOKMARK [3][-]{subsubsection.7.23.1.1}{\376\377\0007\000.\0002\0003\000.\0001\000.\0001\000\040\000s\000e\000a\000r\000c\000h\000D\000a\000t\000a}{subsection.7.23.1}% 250
\BOOKMARK [1][-]{section.7.24}{\376\377\0007\000.\0002\0004\000\040\000m\000a\000t\000c\000h\000A\000p\000p\000/\000h\000t\000m\000l\000/\000s\000e\000a\000r\000c\000h\000/\000f\000u\000n\000c\000t\000i\000o\000n\000s\000\137\0002\000.\000j\000s\000\040\000F\000i\000l\000e\000\040\000R\000e\000f\000e\000r\000e\000n\000c\000e}{chapter.7}% 251
\BOOKMARK [2][-]{subsection.7.24.1}{\376\377\0007\000.\0002\0004\000.\0001\000\040\000V\000a\000r\000i\000a\000b\000l\000e\000\040\000D\000o\000c\000u\000m\000e\000n\000t\000a\000t\000i\000o\000n}{section.7.24}% 252
\BOOKMARK [3][-]{subsubsection.7.24.1.1}{\376\377\0007\000.\0002\0004\000.\0001\000.\0001\000\040\000s\000e\000a\000r\000c\000h\000D\000a\000t\000a}{subsection.7.24.1}% 253
\BOOKMARK [1][-]{section.7.25}{\376\377\0007\000.\0002\0005\000\040\000m\000a\000t\000c\000h\000A\000p\000p\000/\000h\000t\000m\000l\000/\000s\000e\000a\000r\000c\000h\000/\000f\000u\000n\000c\000t\000i\000o\000n\000s\000\137\0003\000.\000j\000s\000\040\000F\000i\000l\000e\000\040\000R\000e\000f\000e\000r\000e\000n\000c\000e}{chapter.7}% 254
\BOOKMARK [2][-]{subsection.7.25.1}{\376\377\0007\000.\0002\0005\000.\0001\000\040\000V\000a\000r\000i\000a\000b\000l\000e\000\040\000D\000o\000c\000u\000m\000e\000n\000t\000a\000t\000i\000o\000n}{section.7.25}% 255
\BOOKMARK [3][-]{subsubsection.7.25.1.1}{\376\377\0007\000.\0002\0005\000.\0001\000.\0001\000\040\000s\000e\000a\000r\000c\000h\000D\000a\000t\000a}{subsection.7.25.1}% 256
\BOOKMARK [1][-]{section.7.26}{\376\377\0007\000.\0002\0006\000\040\000m\000a\000t\000c\000h\000A\000p\000p\000/\000h\000t\000m\000l\000/\000s\000e\000a\000r\000c\000h\000/\000f\000u\000n\000c\000t\000i\000o\000n\000s\000\137\0004\000.\000j\000s\000\040\000F\000i\000l\000e\000\040\000R\000e\000f\000e\000r\000e\000n\000c\000e}{chapter.7}% 257
\BOOKMARK [2][-]{subsection.7.26.1}{\376\377\0007\000.\0002\0006\000.\0001\000\040\000V\000a\000r\000i\000a\000b\000l\000e\000\040\000D\000o\000c\000u\000m\000e\000n\000t\000a\000t\000i\000o\000n}{section.7.26}% 258
\BOOKMARK [3][-]{subsubsection.7.26.1.1}{\376\377\0007\000.\0002\0006\000.\0001\000.\0001\000\040\000s\000e\000a\000r\000c\000h\000D\000a\000t\000a}{subsection.7.26.1}% 259
\BOOKMARK [1][-]{section.7.27}{\376\377\0007\000.\0002\0007\000\040\000m\000a\000t\000c\000h\000A\000p\000p\000/\000h\000t\000m\000l\000/\000s\000e\000a\000r\000c\000h\000/\000n\000a\000m\000e\000s\000p\000a\000c\000e\000s\000\137\0000\000.\000j\000s\000\040\000F\000i\000l\000e\000\040\000R\000e\000f\000e\000r\000e\000n\000c\000e}{chapter.7}% 260
\BOOKMARK [2][-]{subsection.7.27.1}{\376\377\0007\000.\0002\0007\000.\0001\000\040\000V\000a\000r\000i\000a\000b\000l\000e\000\040\000D\000o\000c\000u\000m\000e\000n\000t\000a\000t\000i\000o\000n}{section.7.27}% 261
\BOOKMARK [3][-]{subsubsection.7.27.1.1}{\376\377\0007\000.\0002\0007\000.\0001\000.\0001\000\040\000s\000e\000a\000r\000c\000h\000D\000a\000t\000a}{subsection.7.27.1}% 262
\BOOKMARK [1][-]{section.7.28}{\376\377\0007\000.\0002\0008\000\040\000m\000a\000t\000c\000h\000A\000p\000p\000/\000h\000t\000m\000l\000/\000s\000e\000a\000r\000c\000h\000/\000s\000e\000a\000r\000c\000h\000.\000j\000s\000\040\000F\000i\000l\000e\000\040\000R\000e\000f\000e\000r\000e\000n\000c\000e}{chapter.7}% 263
\BOOKMARK [2][-]{subsection.7.28.1}{\376\377\0007\000.\0002\0008\000.\0001\000\040\000F\000u\000n\000c\000t\000i\000o\000n\000\040\000D\000o\000c\000u\000m\000e\000n\000t\000a\000t\000i\000o\000n}{section.7.28}% 264
\BOOKMARK [3][-]{subsubsection.7.28.1.1}{\376\377\0007\000.\0002\0008\000.\0001\000.\0001\000\040\000c\000o\000n\000v\000e\000r\000t\000T\000o\000I\000d}{subsection.7.28.1}% 265
\BOOKMARK [3][-]{subsubsection.7.28.1.2}{\376\377\0007\000.\0002\0008\000.\0001\000.\0002\000\040\000c\000r\000e\000a\000t\000e\000R\000e\000s\000u\000l\000t\000s}{subsection.7.28.1}% 266
\BOOKMARK [3][-]{subsubsection.7.28.1.3}{\376\377\0007\000.\0002\0008\000.\0001\000.\0003\000\040\000g\000e\000t\000X\000P\000o\000s}{subsection.7.28.1}% 267
\BOOKMARK [3][-]{subsubsection.7.28.1.4}{\376\377\0007\000.\0002\0008\000.\0001\000.\0004\000\040\000g\000e\000t\000Y\000P\000o\000s}{subsection.7.28.1}% 268
\BOOKMARK [3][-]{subsubsection.7.28.1.5}{\376\377\0007\000.\0002\0008\000.\0001\000.\0005\000\040\000i\000n\000i\000t\000\137\000s\000e\000a\000r\000c\000h}{subsection.7.28.1}% 269
\BOOKMARK [3][-]{subsubsection.7.28.1.6}{\376\377\0007\000.\0002\0008\000.\0001\000.\0006\000\040\000S\000e\000a\000r\000c\000h\000B\000o\000x}{subsection.7.28.1}% 270
\BOOKMARK [3][-]{subsubsection.7.28.1.7}{\376\377\0007\000.\0002\0008\000.\0001\000.\0007\000\040\000S\000e\000a\000r\000c\000h\000R\000e\000s\000u\000l\000t\000s}{subsection.7.28.1}% 271
\BOOKMARK [3][-]{subsubsection.7.28.1.8}{\376\377\0007\000.\0002\0008\000.\0001\000.\0008\000\040\000s\000e\000t\000C\000l\000a\000s\000s\000A\000t\000t\000r}{subsection.7.28.1}% 272
\BOOKMARK [3][-]{subsubsection.7.28.1.9}{\376\377\0007\000.\0002\0008\000.\0001\000.\0009\000\040\000s\000e\000t\000K\000e\000y\000A\000c\000t\000i\000o\000n\000s}{subsection.7.28.1}% 273
\BOOKMARK [1][-]{section.7.29}{\376\377\0007\000.\0002\0009\000\040\000m\000a\000t\000c\000h\000A\000p\000p\000/\000h\000t\000m\000l\000/\000s\000e\000a\000r\000c\000h\000/\000s\000e\000a\000r\000c\000h\000d\000a\000t\000a\000.\000j\000s\000\040\000F\000i\000l\000e\000\040\000R\000e\000f\000e\000r\000e\000n\000c\000e}{chapter.7}% 274
\BOOKMARK [2][-]{subsection.7.29.1}{\376\377\0007\000.\0002\0009\000.\0001\000\040\000V\000a\000r\000i\000a\000b\000l\000e\000\040\000D\000o\000c\000u\000m\000e\000n\000t\000a\000t\000i\000o\000n}{section.7.29}% 275
\BOOKMARK [3][-]{subsubsection.7.29.1.1}{\376\377\0007\000.\0002\0009\000.\0001\000.\0001\000\040\000i\000n\000d\000e\000x\000S\000e\000c\000t\000i\000o\000n\000L\000a\000b\000e\000l\000s}{subsection.7.29.1}% 276
\BOOKMARK [3][-]{subsubsection.7.29.1.2}{\376\377\0007\000.\0002\0009\000.\0001\000.\0002\000\040\000i\000n\000d\000e\000x\000S\000e\000c\000t\000i\000o\000n\000N\000a\000m\000e\000s}{subsection.7.29.1}% 277
\BOOKMARK [3][-]{subsubsection.7.29.1.3}{\376\377\0007\000.\0002\0009\000.\0001\000.\0003\000\040\000i\000n\000d\000e\000x\000S\000e\000c\000t\000i\000o\000n\000s\000W\000i\000t\000h\000C\000o\000n\000t\000e\000n\000t}{subsection.7.29.1}% 278
\BOOKMARK [1][-]{section.7.30}{\376\377\0007\000.\0003\0000\000\040\000m\000a\000t\000c\000h\000A\000p\000p\000/\000m\000a\000t\000c\000h\000i\000n\000g\000A\000l\000g\000o\000r\000i\000t\000h\000m\000/\000a\000d\000d\000C\000o\000u\000r\000s\000e\000.\000p\000y\000\040\000F\000i\000l\000e\000\040\000R\000e\000f\000e\000r\000e\000n\000c\000e}{chapter.7}% 279
\BOOKMARK [1][-]{section.7.31}{\376\377\0007\000.\0003\0001\000\040\000m\000a\000t\000c\000h\000A\000p\000p\000/\000m\000a\000t\000c\000h\000i\000n\000g\000A\000l\000g\000o\000r\000i\000t\000h\000m\000/\000q\000u\000e\000r\000y\000A\000n\000d\000M\000a\000t\000c\000h\000C\000o\000u\000r\000s\000e\000s\000.\000p\000y\000\040\000F\000i\000l\000e\000\040\000R\000e\000f\000e\000r\000e\000n\000c\000e}{chapter.7}% 280
\BOOKMARK [1][-]{section.7.32}{\376\377\0007\000.\0003\0002\000\040\000m\000a\000t\000c\000h\000A\000p\000p\000/\000m\000a\000t\000c\000h\000i\000n\000g\000A\000l\000g\000o\000r\000i\000t\000h\000m\000/\000q\000u\000e\000r\000y\000A\000n\000d\000M\000a\000t\000c\000h\000S\000e\000c\000t\000i\000o\000n\000s\000.\000p\000y\000\040\000F\000i\000l\000e\000\040\000R\000e\000f\000e\000r\000e\000n\000c\000e}{chapter.7}% 281
\BOOKMARK [1][-]{section.7.33}{\376\377\0007\000.\0003\0003\000\040\000m\000a\000t\000c\000h\000A\000p\000p\000/\000m\000a\000t\000c\000h\000i\000n\000g\000A\000l\000g\000o\000r\000i\000t\000h\000m\000/\000r\000e\000m\000o\000v\000e\000C\000o\000u\000r\000s\000e\000.\000p\000y\000\040\000F\000i\000l\000e\000\040\000R\000e\000f\000e\000r\000e\000n\000c\000e}{chapter.7}% 282
\BOOKMARK [1][-]{section.7.34}{\376\377\0007\000.\0003\0004\000\040\000m\000a\000t\000c\000h\000A\000p\000p\000/\000m\000a\000t\000c\000h\000i\000n\000g\000A\000l\000g\000o\000r\000i\000t\000h\000m\000/\000r\000e\000t\000u\000r\000n\000C\000o\000u\000r\000s\000e\000L\000i\000s\000t\000.\000p\000y\000\040\000F\000i\000l\000e\000\040\000R\000e\000f\000e\000r\000e\000n\000c\000e}{chapter.7}% 283
\BOOKMARK [1][-]{section.7.35}{\376\377\0007\000.\0003\0005\000\040\000m\000a\000t\000c\000h\000A\000p\000p\000/\000m\000a\000t\000c\000h\000i\000n\000g\000A\000l\000g\000o\000r\000i\000t\000h\000m\000/\000r\000e\000t\000u\000r\000n\000M\000a\000t\000c\000h\000e\000s\000B\000y\000C\000o\000u\000r\000s\000e\000.\000p\000y\000\040\000F\000i\000l\000e\000\040\000R\000e\000f\000e\000r\000e\000n\000c\000e}{chapter.7}% 284
\BOOKMARK [1][-]{section.7.36}{\376\377\0007\000.\0003\0006\000\040\000m\000a\000t\000c\000h\000A\000p\000p\000/\000m\000a\000t\000c\000h\000i\000n\000g\000A\000l\000g\000o\000r\000i\000t\000h\000m\000/\000r\000e\000t\000u\000r\000n\000M\000a\000t\000c\000h\000e\000s\000B\000y\000S\000e\000c\000t\000i\000o\000n\000.\000p\000y\000\040\000F\000i\000l\000e\000\040\000R\000e\000f\000e\000r\000e\000n\000c\000e}{chapter.7}% 285
\BOOKMARK [1][-]{section.7.37}{\376\377\0007\000.\0003\0007\000\040\000m\000a\000t\000c\000h\000A\000p\000p\000/\000m\000a\000t\000c\000h\000i\000n\000g\000A\000l\000g\000o\000r\000i\000t\000h\000m\000/\000r\000e\000t\000u\000r\000n\000S\000e\000c\000t\000i\000o\000n\000s\000L\000i\000s\000t\000.\000p\000y\000\040\000F\000i\000l\000e\000\040\000R\000e\000f\000e\000r\000e\000n\000c\000e}{chapter.7}% 286
\BOOKMARK [1][-]{section.7.38}{\376\377\0007\000.\0003\0008\000\040\000m\000a\000t\000c\000h\000A\000p\000p\000/\000m\000a\000t\000c\000h\000i\000n\000g\000A\000l\000g\000o\000r\000i\000t\000h\000m\000/\000r\000e\000t\000u\000r\000n\000S\000t\000u\000d\000e\000n\000t\000D\000a\000t\000a\000.\000p\000y\000\040\000F\000i\000l\000e\000\040\000R\000e\000f\000e\000r\000e\000n\000c\000e}{chapter.7}% 287
\BOOKMARK [1][-]{section.7.39}{\376\377\0007\000.\0003\0009\000\040\000m\000a\000t\000c\000h\000A\000p\000p\000/\000m\000o\000d\000e\000l\000s\000.\000p\000y\000\040\000F\000i\000l\000e\000\040\000R\000e\000f\000e\000r\000e\000n\000c\000e}{chapter.7}% 288
\BOOKMARK [1][-]{section.7.40}{\376\377\0007\000.\0004\0000\000\040\000m\000a\000t\000c\000h\000A\000p\000p\000/\000t\000e\000m\000p\000l\000a\000t\000e\000t\000a\000g\000s\000/\000d\000i\000c\000t\000\137\000h\000e\000l\000p\000e\000r\000.\000p\000y\000\040\000F\000i\000l\000e\000\040\000R\000e\000f\000e\000r\000e\000n\000c\000e}{chapter.7}% 289
\BOOKMARK [1][-]{section.7.41}{\376\377\0007\000.\0004\0001\000\040\000m\000a\000t\000c\000h\000A\000p\000p\000/\000t\000e\000s\000t\000s\000.\000p\000y\000\040\000F\000i\000l\000e\000\040\000R\000e\000f\000e\000r\000e\000n\000c\000e}{chapter.7}% 290
\BOOKMARK [1][-]{section.7.42}{\376\377\0007\000.\0004\0002\000\040\000m\000a\000t\000c\000h\000A\000p\000p\000/\000u\000r\000l\000s\000.\000p\000y\000\040\000F\000i\000l\000e\000\040\000R\000e\000f\000e\000r\000e\000n\000c\000e}{chapter.7}% 291
\BOOKMARK [1][-]{section.7.43}{\376\377\0007\000.\0004\0003\000\040\000P\000l\000a\000t\000y\000p\000u\000s\000/\000u\000r\000l\000s\000.\000p\000y\000\040\000F\000i\000l\000e\000\040\000R\000e\000f\000e\000r\000e\000n\000c\000e}{chapter.7}% 292
\BOOKMARK [1][-]{section.7.44}{\376\377\0007\000.\0004\0004\000\040\000m\000a\000t\000c\000h\000A\000p\000p\000/\000v\000i\000e\000w\000s\000.\000p\000y\000\040\000F\000i\000l\000e\000\040\000R\000e\000f\000e\000r\000e\000n\000c\000e}{chapter.7}% 293
\BOOKMARK [1][-]{section.7.45}{\376\377\0007\000.\0004\0005\000\040\000P\000l\000a\000t\000y\000p\000u\000s\000/\000s\000e\000t\000t\000i\000n\000g\000s\000.\000p\000y\000\040\000F\000i\000l\000e\000\040\000R\000e\000f\000e\000r\000e\000n\000c\000e}{chapter.7}% 294
\BOOKMARK [1][-]{section.7.46}{\376\377\0007\000.\0004\0006\000\040\000P\000l\000a\000t\000y\000p\000u\000s\000/\000w\000s\000g\000i\000.\000p\000y\000\040\000F\000i\000l\000e\000\040\000R\000e\000f\000e\000r\000e\000n\000c\000e}{chapter.7}% 295
\BOOKMARK [1][-]{section.7.47}{\376\377\0007\000.\0004\0007\000\040\000p\000o\000p\000u\000l\000a\000t\000e\000.\000p\000y\000\040\000F\000i\000l\000e\000\040\000R\000e\000f\000e\000r\000e\000n\000c\000e}{chapter.7}% 296
\BOOKMARK [1][-]{section.7.48}{\376\377\0007\000.\0004\0008\000\040\000s\000t\000a\000t\000i\000c\000/\000b\000o\000o\000t\000s\000t\000r\000a\000p\000/\000j\000s\000/\000b\000o\000o\000t\000s\000t\000r\000a\000p\000.\000j\000s\000\040\000F\000i\000l\000e\000\040\000R\000e\000f\000e\000r\000e\000n\000c\000e}{chapter.7}% 297
\BOOKMARK [2][-]{subsection.7.48.1}{\376\377\0007\000.\0004\0008\000.\0001\000\040\000F\000u\000n\000c\000t\000i\000o\000n\000\040\000D\000o\000c\000u\000m\000e\000n\000t\000a\000t\000i\000o\000n}{section.7.48}% 298
\BOOKMARK [3][-]{subsubsection.7.48.1.1}{\376\377\0007\000.\0004\0008\000.\0001\000.\0001\000\040\000i\000f}{subsection.7.48.1}% 299
\BOOKMARK [3][-]{subsubsection.7.48.1.2}{\376\377\0007\000.\0004\0008\000.\0001\000.\0002\000\040\000t\000r\000a\000n\000s\000i\000t\000i\000o\000n\000E\000n\000d}{subsection.7.48.1}% 300
\BOOKMARK [2][-]{subsection.7.48.2}{\376\377\0007\000.\0004\0008\000.\0002\000\040\000V\000a\000r\000i\000a\000b\000l\000e\000\040\000D\000o\000c\000u\000m\000e\000n\000t\000a\000t\000i\000o\000n}{section.7.48}% 301
\BOOKMARK [3][-]{subsubsection.7.48.2.1}{\376\377\0007\000.\0004\0008\000.\0002\000.\0001\000\040\000b\000a\000c\000k\000d\000r\000o\000p}{subsection.7.48.2}% 302
\BOOKMARK [3][-]{subsubsection.7.48.2.2}{\376\377\0007\000.\0004\0008\000.\0002\000.\0002\000\040\000B\000u\000t\000t\000o\000n}{subsection.7.48.2}% 303
\BOOKMARK [3][-]{subsubsection.7.48.2.3}{\376\377\0007\000.\0004\0008\000.\0002\000.\0003\000\040\000C\000a\000r\000o\000u\000s\000e\000l}{subsection.7.48.2}% 304
\BOOKMARK [3][-]{subsubsection.7.48.2.4}{\376\377\0007\000.\0004\0008\000.\0002\000.\0004\000\040\000C\000o\000l\000l\000a\000p\000s\000e}{subsection.7.48.2}% 305
\BOOKMARK [3][-]{subsubsection.7.48.2.5}{\376\377\0007\000.\0004\0008\000.\0002\000.\0005\000\040\000d\000i\000s\000m\000i\000s\000s}{subsection.7.48.2}% 306
\BOOKMARK [3][-]{subsubsection.7.48.2.6}{\376\377\0007\000.\0004\0008\000.\0002\000.\0006\000\040\000e\000m\000u\000l\000a\000t\000e\000T\000r\000a\000n\000s\000i\000t\000i\000o\000n\000E\000n\000d}{subsection.7.48.2}% 307
\BOOKMARK [3][-]{subsubsection.7.48.2.7}{\376\377\0007\000.\0004\0008\000.\0002\000.\0007\000\040\000v\000e\000r\000s\000i\000o\000n}{subsection.7.48.2}% 308
\BOOKMARK [1][-]{section.7.49}{\376\377\0007\000.\0004\0009\000\040\000s\000t\000a\000t\000i\000c\000/\000b\000o\000o\000t\000s\000t\000r\000a\000p\000/\000j\000s\000/\000b\000o\000o\000t\000s\000t\000r\000a\000p\000.\000m\000i\000n\000.\000j\000s\000\040\000F\000i\000l\000e\000\040\000R\000e\000f\000e\000r\000e\000n\000c\000e}{chapter.7}% 309
\BOOKMARK [2][-]{subsection.7.49.1}{\376\377\0007\000.\0004\0009\000.\0001\000\040\000F\000u\000n\000c\000t\000i\000o\000n\000\040\000D\000o\000c\000u\000m\000e\000n\000t\000a\000t\000i\000o\000n}{section.7.49}% 310
\BOOKMARK [3][-]{subsubsection.7.49.1.1}{\376\377\0007\000.\0004\0009\000.\0001\000.\0001\000\040\000a}{subsection.7.49.1}% 311
\BOOKMARK [3][-]{subsubsection.7.49.1.2}{\376\377\0007\000.\0004\0009\000.\0001\000.\0002\000\040\000b}{subsection.7.49.1}% 312
\BOOKMARK [3][-]{subsubsection.7.49.1.3}{\376\377\0007\000.\0004\0009\000.\0001\000.\0003\000\040\000b}{subsection.7.49.1}% 313
\BOOKMARK [3][-]{subsubsection.7.49.1.4}{\376\377\0007\000.\0004\0009\000.\0001\000.\0004\000\040\000c\000l\000o\000s\000e}{subsection.7.49.1}% 314
\BOOKMARK [3][-]{subsubsection.7.49.1.5}{\376\377\0007\000.\0004\0009\000.\0001\000.\0005\000\040\000h\000a\000s\000C\000l\000a\000s\000s}{subsection.7.49.1}% 315
\BOOKMARK [3][-]{subsubsection.7.49.1.6}{\376\377\0007\000.\0004\0009\000.\0001\000.\0006\000\040\000i\000f}{subsection.7.49.1}% 316
\BOOKMARK [3][-]{subsubsection.7.49.1.7}{\376\377\0007\000.\0004\0009\000.\0001\000.\0007\000\040\000i\000f}{subsection.7.49.1}% 317
\BOOKMARK [2][-]{subsection.7.49.2}{\376\377\0007\000.\0004\0009\000.\0002\000\040\000V\000a\000r\000i\000a\000b\000l\000e\000\040\000D\000o\000c\000u\000m\000e\000n\000t\000a\000t\000i\000o\000n}{section.7.49}% 318
\BOOKMARK [3][-]{subsubsection.7.49.2.1}{\376\377\0007\000.\0004\0009\000.\0002\000.\0001\000\040\000a}{subsection.7.49.2}% 319
\BOOKMARK [3][-]{subsubsection.7.49.2.2}{\376\377\0007\000.\0004\0009\000.\0002\000.\0002\000\040\000a\000l\000e\000r\000t}{subsection.7.49.2}% 320
\BOOKMARK [3][-]{subsubsection.7.49.2.3}{\376\377\0007\000.\0004\0009\000.\0002\000.\0003\000\040\000b}{subsection.7.49.2}% 321
\BOOKMARK [3][-]{subsubsection.7.49.2.4}{\376\377\0007\000.\0004\0009\000.\0002\000.\0004\000\040\000b\000u\000t\000t\000o\000n}{subsection.7.49.2}% 322
\BOOKMARK [3][-]{subsubsection.7.49.2.5}{\376\377\0007\000.\0004\0009\000.\0002\000.\0005\000\040\000c}{subsection.7.49.2}% 323
\BOOKMARK [3][-]{subsubsection.7.49.2.6}{\376\377\0007\000.\0004\0009\000.\0002\000.\0006\000\040\000c\000l\000o\000s\000e}{subsection.7.49.2}% 324
\BOOKMARK [3][-]{subsubsection.7.49.2.7}{\376\377\0007\000.\0004\0009\000.\0002\000.\0007\000\040\000C\000o\000n\000s\000t\000r\000u\000c\000t\000o\000r}{subsection.7.49.2}% 325
\BOOKMARK [3][-]{subsubsection.7.49.2.8}{\376\377\0007\000.\0004\0009\000.\0002\000.\0008\000\040\000d}{subsection.7.49.2}% 326
\BOOKMARK [3][-]{subsubsection.7.49.2.9}{\376\377\0007\000.\0004\0009\000.\0002\000.\0009\000\040\000D\000E\000F\000A\000U\000L\000T\000S}{subsection.7.49.2}% 327
\BOOKMARK [3][-]{subsubsection.7.49.2.10}{\376\377\0007\000.\0004\0009\000.\0002\000.\0001\0000\000\040\000e}{subsection.7.49.2}% 328
\BOOKMARK [3][-]{subsubsection.7.49.2.11}{\376\377\0007\000.\0004\0009\000.\0002\000.\0001\0001\000\040\000e\000m\000u\000l\000a\000t\000e\000T\000r\000a\000n\000s\000i\000t\000i\000o\000n\000E\000n\000d}{subsection.7.49.2}% 329
\BOOKMARK [3][-]{subsubsection.7.49.2.12}{\376\377\0007\000.\0004\0009\000.\0002\000.\0001\0002\000\040\000n\000o\000C\000o\000n\000f\000l\000i\000c\000t}{subsection.7.49.2}% 330
\BOOKMARK [3][-]{subsubsection.7.49.2.13}{\376\377\0007\000.\0004\0009\000.\0002\000.\0001\0003\000\040\000s\000e\000t\000S\000t\000a\000t\000e}{subsection.7.49.2}% 331
\BOOKMARK [3][-]{subsubsection.7.49.2.14}{\376\377\0007\000.\0004\0009\000.\0002\000.\0001\0004\000\040\000t\000o\000g\000g\000l\000e}{subsection.7.49.2}% 332
\BOOKMARK [3][-]{subsubsection.7.49.2.15}{\376\377\0007\000.\0004\0009\000.\0002\000.\0001\0005\000\040\000T\000R\000A\000N\000S\000I\000T\000I\000O\000N\000\137\000D\000U\000R\000A\000T\000I\000O\000N}{subsection.7.49.2}% 333
\BOOKMARK [3][-]{subsubsection.7.49.2.16}{\376\377\0007\000.\0004\0009\000.\0002\000.\0001\0006\000\040\000V\000E\000R\000S\000I\000O\000N}{subsection.7.49.2}% 334
\BOOKMARK [1][-]{section.7.50}{\376\377\0007\000.\0005\0000\000\040\000s\000t\000a\000t\000i\000c\000/\000b\000o\000o\000t\000s\000t\000r\000a\000p\000/\000j\000s\000/\000n\000p\000m\000.\000j\000s\000\040\000F\000i\000l\000e\000\040\000R\000e\000f\000e\000r\000e\000n\000c\000e}{chapter.7}% 335
\BOOKMARK [0][-]{section*.121}{\376\377\000I\000n\000d\000e\000x}{}% 336
